2015-02-16T05:43:54.026-0800 [initandlisten] MongoDB starting : pid=26613 port=27017 dbpath=/data/rs1 64-bit host=xiaoyazi.home
2015-02-16T05:43:54.026-0800 [initandlisten] db version v2.6.4
2015-02-16T05:43:54.026-0800 [initandlisten] git version: 3a830be0eb92d772aa855ebb711ac91d658ee910
2015-02-16T05:43:54.026-0800 [initandlisten] build info: Darwin bs-osx108-4 12.5.0 Darwin Kernel Version 12.5.0: Sun Sep 29 13:33:47 PDT 2013; root:xnu-2050.48.12~1/RELEASE_X86_64 x86_64 BOOST_LIB_VERSION=1_49
2015-02-16T05:43:54.026-0800 [initandlisten] allocator: system
2015-02-16T05:43:54.027-0800 [initandlisten] options: { net: { port: 27017 }, processManagement: { fork: true }, replication: { oplogSizeMB: 64, replSet: "m101" }, storage: { dbPath: "/data/rs1", smallFiles: true }, systemLog: { destination: "file", path: "1.log" } }
2015-02-16T05:43:54.031-0800 [initandlisten] journal dir=/data/rs1/journal
2015-02-16T05:43:54.032-0800 [initandlisten] recover : no journal files present, no recovery needed
2015-02-16T05:43:54.069-0800 [FileAllocator] allocating new datafile /data/rs1/local.ns, filling with zeroes...
2015-02-16T05:43:54.070-0800 [FileAllocator] creating directory /data/rs1/_tmp
2015-02-16T05:43:54.146-0800 [FileAllocator] done allocating datafile /data/rs1/local.ns, size: 16MB,  took 0.075 secs
2015-02-16T05:43:54.261-0800 [FileAllocator] allocating new datafile /data/rs1/local.0, filling with zeroes...
2015-02-16T05:43:54.326-0800 [FileAllocator] done allocating datafile /data/rs1/local.0, size: 16MB,  took 0.064 secs
2015-02-16T05:43:54.588-0800 [initandlisten] build index on: local.startup_log properties: { v: 1, key: { _id: 1 }, name: "_id_", ns: "local.startup_log" }
2015-02-16T05:43:54.590-0800 [initandlisten] 	 added index to empty collection
2015-02-16T05:43:54.590-0800 [initandlisten] command local.$cmd command: create { create: "startup_log", size: 10485760, capped: true } ntoreturn:1 keyUpdates:0 numYields:0  reslen:37 521ms
2015-02-16T05:43:54.592-0800 [initandlisten] waiting for connections on port 27017
2015-02-16T05:43:54.618-0800 [rsStart] replSet can't get local.system.replset config from self or any seed (EMPTYCONFIG)
2015-02-16T05:43:54.618-0800 [rsStart] replSet info you may need to run replSetInitiate -- rs.initiate() in the shell -- if that is not already done
2015-02-16T05:43:55.620-0800 [rsStart] replSet can't get local.system.replset config from self or any seed (EMPTYCONFIG)
2015-02-16T05:43:56.623-0800 [rsStart] replSet can't get local.system.replset config from self or any seed (EMPTYCONFIG)
2015-02-16T05:43:57.627-0800 [rsStart] replSet can't get local.system.replset config from self or any seed (EMPTYCONFIG)
2015-02-16T05:43:58.629-0800 [rsStart] replSet can't get local.system.replset config from self or any seed (EMPTYCONFIG)
2015-02-16T05:43:59.632-0800 [rsStart] replSet can't get local.system.replset config from self or any seed (EMPTYCONFIG)
2015-02-16T05:44:00.638-0800 [rsStart] replSet can't get local.system.replset config from self or any seed (EMPTYCONFIG)
2015-02-16T05:44:01.640-0800 [rsStart] replSet can't get local.system.replset config from self or any seed (EMPTYCONFIG)
2015-02-16T05:44:02.642-0800 [rsStart] replSet can't get local.system.replset config from self or any seed (EMPTYCONFIG)
2015-02-16T05:44:03.645-0800 [rsStart] replSet can't get local.system.replset config from self or any seed (EMPTYCONFIG)
2015-02-16T05:44:04.649-0800 [rsStart] replSet can't get local.system.replset config from self or any seed (EMPTYCONFIG)
2015-02-16T05:44:05.653-0800 [rsStart] replSet can't get local.system.replset config from self or any seed (EMPTYCONFIG)
2015-02-16T05:44:06.656-0800 [rsStart] replSet can't get local.system.replset config from self or any seed (EMPTYCONFIG)
2015-02-16T05:44:07.660-0800 [rsStart] replSet can't get local.system.replset config from self or any seed (EMPTYCONFIG)
2015-02-16T05:44:08.664-0800 [rsStart] replSet can't get local.system.replset config from self or any seed (EMPTYCONFIG)
2015-02-16T05:44:09.667-0800 [rsStart] replSet can't get local.system.replset config from self or any seed (EMPTYCONFIG)
2015-02-16T05:44:10.673-0800 [rsStart] replSet can't get local.system.replset config from self or any seed (EMPTYCONFIG)
2015-02-16T05:44:11.676-0800 [rsStart] replSet can't get local.system.replset config from self or any seed (EMPTYCONFIG)
2015-02-16T05:44:12.680-0800 [rsStart] replSet can't get local.system.replset config from self or any seed (EMPTYCONFIG)
2015-02-16T05:44:13.684-0800 [rsStart] replSet can't get local.system.replset config from self or any seed (EMPTYCONFIG)
2015-02-16T05:44:14.685-0800 [rsStart] replSet can't get local.system.replset config from self or any seed (EMPTYCONFIG)
2015-02-16T05:44:15.690-0800 [rsStart] replSet can't get local.system.replset config from self or any seed (EMPTYCONFIG)
2015-02-16T05:44:16.693-0800 [rsStart] replSet can't get local.system.replset config from self or any seed (EMPTYCONFIG)
2015-02-16T05:44:17.697-0800 [rsStart] replSet can't get local.system.replset config from self or any seed (EMPTYCONFIG)
2015-02-16T05:44:18.702-0800 [rsStart] replSet can't get local.system.replset config from self or any seed (EMPTYCONFIG)
2015-02-16T05:44:19.705-0800 [rsStart] replSet can't get local.system.replset config from self or any seed (EMPTYCONFIG)
2015-02-16T05:44:20.706-0800 [rsStart] replSet can't get local.system.replset config from self or any seed (EMPTYCONFIG)
2015-02-16T05:44:21.715-0800 [rsStart] replSet can't get local.system.replset config from self or any seed (EMPTYCONFIG)
2015-02-16T05:44:22.721-0800 [rsStart] replSet can't get local.system.replset config from self or any seed (EMPTYCONFIG)
2015-02-16T05:44:23.724-0800 [rsStart] replSet can't get local.system.replset config from self or any seed (EMPTYCONFIG)
2015-02-16T05:44:24.726-0800 [rsStart] replSet can't get local.system.replset config from self or any seed (EMPTYCONFIG)
2015-02-16T05:44:25.727-0800 [rsStart] replSet can't get local.system.replset config from self or any seed (EMPTYCONFIG)
2015-02-16T05:44:26.729-0800 [rsStart] replSet can't get local.system.replset config from self or any seed (EMPTYCONFIG)
2015-02-16T05:44:27.733-0800 [rsStart] replSet can't get local.system.replset config from self or any seed (EMPTYCONFIG)
2015-02-16T05:44:28.738-0800 [rsStart] replSet can't get local.system.replset config from self or any seed (EMPTYCONFIG)
2015-02-16T05:44:29.742-0800 [rsStart] replSet can't get local.system.replset config from self or any seed (EMPTYCONFIG)
2015-02-16T05:44:30.749-0800 [rsStart] replSet can't get local.system.replset config from self or any seed (EMPTYCONFIG)
2015-02-16T05:44:31.753-0800 [rsStart] replSet can't get local.system.replset config from self or any seed (EMPTYCONFIG)
2015-02-16T05:44:32.757-0800 [rsStart] replSet can't get local.system.replset config from self or any seed (EMPTYCONFIG)
2015-02-16T05:44:33.761-0800 [rsStart] replSet can't get local.system.replset config from self or any seed (EMPTYCONFIG)
2015-02-16T05:44:34.764-0800 [rsStart] replSet can't get local.system.replset config from self or any seed (EMPTYCONFIG)
2015-02-16T05:44:35.766-0800 [rsStart] replSet can't get local.system.replset config from self or any seed (EMPTYCONFIG)
2015-02-16T05:44:36.772-0800 [rsStart] replSet can't get local.system.replset config from self or any seed (EMPTYCONFIG)
2015-02-16T05:44:37.778-0800 [rsStart] replSet can't get local.system.replset config from self or any seed (EMPTYCONFIG)
2015-02-16T05:44:38.782-0800 [rsStart] replSet can't get local.system.replset config from self or any seed (EMPTYCONFIG)
2015-02-16T05:44:39.783-0800 [rsStart] replSet can't get local.system.replset config from self or any seed (EMPTYCONFIG)
2015-02-16T05:44:40.789-0800 [rsStart] replSet can't get local.system.replset config from self or any seed (EMPTYCONFIG)
2015-02-16T05:44:41.795-0800 [rsStart] replSet can't get local.system.replset config from self or any seed (EMPTYCONFIG)
2015-02-16T05:44:42.797-0800 [rsStart] replSet can't get local.system.replset config from self or any seed (EMPTYCONFIG)
2015-02-16T05:44:43.802-0800 [rsStart] replSet can't get local.system.replset config from self or any seed (EMPTYCONFIG)
2015-02-16T05:44:44.809-0800 [rsStart] replSet can't get local.system.replset config from self or any seed (EMPTYCONFIG)
2015-02-16T05:44:45.813-0800 [rsStart] replSet can't get local.system.replset config from self or any seed (EMPTYCONFIG)
2015-02-16T05:44:46.817-0800 [rsStart] replSet can't get local.system.replset config from self or any seed (EMPTYCONFIG)
2015-02-16T05:44:47.822-0800 [rsStart] replSet can't get local.system.replset config from self or any seed (EMPTYCONFIG)
2015-02-16T05:44:48.825-0800 [rsStart] replSet can't get local.system.replset config from self or any seed (EMPTYCONFIG)
2015-02-16T05:44:49.830-0800 [rsStart] replSet can't get local.system.replset config from self or any seed (EMPTYCONFIG)
2015-02-16T05:44:50.832-0800 [rsStart] replSet can't get local.system.replset config from self or any seed (EMPTYCONFIG)
2015-02-16T05:44:51.837-0800 [rsStart] replSet can't get local.system.replset config from self or any seed (EMPTYCONFIG)
2015-02-16T05:44:52.839-0800 [rsStart] replSet can't get local.system.replset config from self or any seed (EMPTYCONFIG)
2015-02-16T05:44:53.844-0800 [rsStart] replSet can't get local.system.replset config from self or any seed (EMPTYCONFIG)
2015-02-16T05:44:54.104-0800 [clientcursormon] mem (MB) res:9 virt:2556
2015-02-16T05:44:54.105-0800 [clientcursormon]  mapped (incl journal view):64
2015-02-16T05:44:54.105-0800 [clientcursormon]  connections:0
2015-02-16T05:44:54.846-0800 [rsStart] replSet can't get local.system.replset config from self or any seed (EMPTYCONFIG)
2015-02-16T05:44:55.851-0800 [rsStart] replSet can't get local.system.replset config from self or any seed (EMPTYCONFIG)
2015-02-16T05:44:56.855-0800 [rsStart] replSet can't get local.system.replset config from self or any seed (EMPTYCONFIG)
2015-02-16T05:44:57.859-0800 [rsStart] replSet can't get local.system.replset config from self or any seed (EMPTYCONFIG)
2015-02-16T05:44:58.864-0800 [rsStart] replSet can't get local.system.replset config from self or any seed (EMPTYCONFIG)
2015-02-16T05:44:59.869-0800 [rsStart] replSet can't get local.system.replset config from self or any seed (EMPTYCONFIG)
2015-02-16T05:45:00.870-0800 [rsStart] replSet can't get local.system.replset config from self or any seed (EMPTYCONFIG)
2015-02-16T05:45:01.873-0800 [rsStart] replSet can't get local.system.replset config from self or any seed (EMPTYCONFIG)
2015-02-16T05:45:02.874-0800 [rsStart] replSet can't get local.system.replset config from self or any seed (EMPTYCONFIG)
2015-02-16T05:45:03.878-0800 [rsStart] replSet can't get local.system.replset config from self or any seed (EMPTYCONFIG)
2015-02-16T05:45:04.882-0800 [rsStart] replSet can't get local.system.replset config from self or any seed (EMPTYCONFIG)
2015-02-16T05:45:05.885-0800 [rsStart] replSet can't get local.system.replset config from self or any seed (EMPTYCONFIG)
2015-02-16T05:45:06.888-0800 [rsStart] replSet can't get local.system.replset config from self or any seed (EMPTYCONFIG)
2015-02-16T05:45:07.892-0800 [rsStart] replSet can't get local.system.replset config from self or any seed (EMPTYCONFIG)
2015-02-16T05:45:08.893-0800 [rsStart] replSet can't get local.system.replset config from self or any seed (EMPTYCONFIG)
2015-02-16T05:45:09.900-0800 [rsStart] replSet can't get local.system.replset config from self or any seed (EMPTYCONFIG)
2015-02-16T05:45:10.905-0800 [rsStart] replSet can't get local.system.replset config from self or any seed (EMPTYCONFIG)
2015-02-16T05:45:11.909-0800 [rsStart] replSet can't get local.system.replset config from self or any seed (EMPTYCONFIG)
2015-02-16T05:45:12.912-0800 [rsStart] replSet can't get local.system.replset config from self or any seed (EMPTYCONFIG)
2015-02-16T05:45:13.917-0800 [rsStart] replSet can't get local.system.replset config from self or any seed (EMPTYCONFIG)
2015-02-16T05:45:14.918-0800 [rsStart] replSet can't get local.system.replset config from self or any seed (EMPTYCONFIG)
2015-02-16T05:45:15.923-0800 [rsStart] replSet can't get local.system.replset config from self or any seed (EMPTYCONFIG)
2015-02-16T05:45:16.925-0800 [rsStart] replSet can't get local.system.replset config from self or any seed (EMPTYCONFIG)
2015-02-16T05:45:17.928-0800 [rsStart] replSet can't get local.system.replset config from self or any seed (EMPTYCONFIG)
2015-02-16T05:45:18.932-0800 [rsStart] replSet can't get local.system.replset config from self or any seed (EMPTYCONFIG)
2015-02-16T05:45:19.937-0800 [rsStart] replSet can't get local.system.replset config from self or any seed (EMPTYCONFIG)
2015-02-16T05:45:20.944-0800 [rsStart] replSet can't get local.system.replset config from self or any seed (EMPTYCONFIG)
2015-02-16T05:45:21.946-0800 [rsStart] replSet can't get local.system.replset config from self or any seed (EMPTYCONFIG)
2015-02-16T05:45:22.952-0800 [rsStart] replSet can't get local.system.replset config from self or any seed (EMPTYCONFIG)
2015-02-16T05:45:23.957-0800 [rsStart] replSet can't get local.system.replset config from self or any seed (EMPTYCONFIG)
2015-02-16T05:45:24.962-0800 [rsStart] replSet can't get local.system.replset config from self or any seed (EMPTYCONFIG)
2015-02-16T05:45:25.964-0800 [rsStart] replSet can't get local.system.replset config from self or any seed (EMPTYCONFIG)
2015-02-16T05:45:26.967-0800 [rsStart] replSet can't get local.system.replset config from self or any seed (EMPTYCONFIG)
2015-02-16T05:45:27.972-0800 [rsStart] replSet can't get local.system.replset config from self or any seed (EMPTYCONFIG)
2015-02-16T05:45:28.973-0800 [rsStart] replSet can't get local.system.replset config from self or any seed (EMPTYCONFIG)
2015-02-16T05:45:29.975-0800 [rsStart] replSet can't get local.system.replset config from self or any seed (EMPTYCONFIG)
2015-02-16T05:45:30.979-0800 [rsStart] replSet can't get local.system.replset config from self or any seed (EMPTYCONFIG)
2015-02-16T05:45:31.981-0800 [rsStart] replSet can't get local.system.replset config from self or any seed (EMPTYCONFIG)
2015-02-16T05:45:32.984-0800 [rsStart] replSet can't get local.system.replset config from self or any seed (EMPTYCONFIG)
2015-02-16T05:45:33.987-0800 [rsStart] replSet can't get local.system.replset config from self or any seed (EMPTYCONFIG)
2015-02-16T05:45:34.989-0800 [rsStart] replSet can't get local.system.replset config from self or any seed (EMPTYCONFIG)
2015-02-16T05:45:35.993-0800 [rsStart] replSet can't get local.system.replset config from self or any seed (EMPTYCONFIG)
2015-02-16T05:45:36.998-0800 [rsStart] replSet can't get local.system.replset config from self or any seed (EMPTYCONFIG)
2015-02-16T05:45:38.002-0800 [rsStart] replSet can't get local.system.replset config from self or any seed (EMPTYCONFIG)
2015-02-16T05:45:39.006-0800 [rsStart] replSet can't get local.system.replset config from self or any seed (EMPTYCONFIG)
2015-02-16T05:45:40.010-0800 [rsStart] replSet can't get local.system.replset config from self or any seed (EMPTYCONFIG)
2015-02-16T05:45:41.014-0800 [rsStart] replSet can't get local.system.replset config from self or any seed (EMPTYCONFIG)
2015-02-16T05:45:42.020-0800 [rsStart] replSet can't get local.system.replset config from self or any seed (EMPTYCONFIG)
2015-02-16T05:45:43.023-0800 [rsStart] replSet can't get local.system.replset config from self or any seed (EMPTYCONFIG)
2015-02-16T05:45:44.024-0800 [rsStart] replSet can't get local.system.replset config from self or any seed (EMPTYCONFIG)
2015-02-16T05:45:45.030-0800 [rsStart] replSet can't get local.system.replset config from self or any seed (EMPTYCONFIG)
2015-02-16T05:45:46.036-0800 [rsStart] replSet can't get local.system.replset config from self or any seed (EMPTYCONFIG)
2015-02-16T05:45:47.039-0800 [rsStart] replSet can't get local.system.replset config from self or any seed (EMPTYCONFIG)
2015-02-16T05:45:48.041-0800 [rsStart] replSet can't get local.system.replset config from self or any seed (EMPTYCONFIG)
2015-02-16T05:45:49.045-0800 [rsStart] replSet can't get local.system.replset config from self or any seed (EMPTYCONFIG)
2015-02-16T05:45:50.051-0800 [rsStart] replSet can't get local.system.replset config from self or any seed (EMPTYCONFIG)
2015-02-16T05:45:51.053-0800 [rsStart] replSet can't get local.system.replset config from self or any seed (EMPTYCONFIG)
2015-02-16T05:45:52.058-0800 [rsStart] replSet can't get local.system.replset config from self or any seed (EMPTYCONFIG)
2015-02-16T05:45:53.063-0800 [rsStart] replSet can't get local.system.replset config from self or any seed (EMPTYCONFIG)
2015-02-16T05:45:54.067-0800 [rsStart] replSet can't get local.system.replset config from self or any seed (EMPTYCONFIG)
2015-02-16T05:45:55.072-0800 [rsStart] replSet can't get local.system.replset config from self or any seed (EMPTYCONFIG)
2015-02-16T05:45:56.076-0800 [rsStart] replSet can't get local.system.replset config from self or any seed (EMPTYCONFIG)
2015-02-16T05:45:57.081-0800 [rsStart] replSet can't get local.system.replset config from self or any seed (EMPTYCONFIG)
2015-02-16T05:45:58.087-0800 [rsStart] replSet can't get local.system.replset config from self or any seed (EMPTYCONFIG)
2015-02-16T05:45:59.090-0800 [rsStart] replSet can't get local.system.replset config from self or any seed (EMPTYCONFIG)
2015-02-16T05:46:00.095-0800 [rsStart] replSet can't get local.system.replset config from self or any seed (EMPTYCONFIG)
2015-02-16T05:46:01.101-0800 [rsStart] replSet can't get local.system.replset config from self or any seed (EMPTYCONFIG)
2015-02-16T05:46:02.106-0800 [rsStart] replSet can't get local.system.replset config from self or any seed (EMPTYCONFIG)
2015-02-16T05:46:03.108-0800 [rsStart] replSet can't get local.system.replset config from self or any seed (EMPTYCONFIG)
2015-02-16T05:46:04.114-0800 [rsStart] replSet can't get local.system.replset config from self or any seed (EMPTYCONFIG)
2015-02-16T05:46:05.117-0800 [rsStart] replSet can't get local.system.replset config from self or any seed (EMPTYCONFIG)
2015-02-16T05:46:06.121-0800 [rsStart] replSet can't get local.system.replset config from self or any seed (EMPTYCONFIG)
2015-02-16T05:46:07.123-0800 [rsStart] replSet can't get local.system.replset config from self or any seed (EMPTYCONFIG)
2015-02-16T05:46:08.127-0800 [rsStart] replSet can't get local.system.replset config from self or any seed (EMPTYCONFIG)
2015-02-16T05:46:09.130-0800 [rsStart] replSet can't get local.system.replset config from self or any seed (EMPTYCONFIG)
2015-02-16T05:46:10.134-0800 [rsStart] replSet can't get local.system.replset config from self or any seed (EMPTYCONFIG)
2015-02-16T05:46:11.136-0800 [rsStart] replSet can't get local.system.replset config from self or any seed (EMPTYCONFIG)
2015-02-16T05:46:12.141-0800 [rsStart] replSet can't get local.system.replset config from self or any seed (EMPTYCONFIG)
2015-02-16T05:46:13.146-0800 [rsStart] replSet can't get local.system.replset config from self or any seed (EMPTYCONFIG)
2015-02-16T05:46:14.152-0800 [rsStart] replSet can't get local.system.replset config from self or any seed (EMPTYCONFIG)
2015-02-16T05:46:15.154-0800 [rsStart] replSet can't get local.system.replset config from self or any seed (EMPTYCONFIG)
2015-02-16T05:46:16.156-0800 [rsStart] replSet can't get local.system.replset config from self or any seed (EMPTYCONFIG)
2015-02-16T05:46:17.160-0800 [rsStart] replSet can't get local.system.replset config from self or any seed (EMPTYCONFIG)
2015-02-16T05:46:18.162-0800 [rsStart] replSet can't get local.system.replset config from self or any seed (EMPTYCONFIG)
2015-02-16T05:46:19.166-0800 [rsStart] replSet can't get local.system.replset config from self or any seed (EMPTYCONFIG)
2015-02-16T05:46:20.171-0800 [rsStart] replSet can't get local.system.replset config from self or any seed (EMPTYCONFIG)
2015-02-16T05:46:21.177-0800 [rsStart] replSet can't get local.system.replset config from self or any seed (EMPTYCONFIG)
2015-02-16T05:46:22.180-0800 [rsStart] replSet can't get local.system.replset config from self or any seed (EMPTYCONFIG)
2015-02-16T05:46:23.184-0800 [rsStart] replSet can't get local.system.replset config from self or any seed (EMPTYCONFIG)
2015-02-16T05:46:24.190-0800 [rsStart] replSet can't get local.system.replset config from self or any seed (EMPTYCONFIG)
2015-02-16T05:46:25.192-0800 [rsStart] replSet can't get local.system.replset config from self or any seed (EMPTYCONFIG)
2015-02-16T05:46:26.196-0800 [rsStart] replSet can't get local.system.replset config from self or any seed (EMPTYCONFIG)
2015-02-16T05:46:27.202-0800 [rsStart] replSet can't get local.system.replset config from self or any seed (EMPTYCONFIG)
2015-02-16T05:46:28.204-0800 [rsStart] replSet can't get local.system.replset config from self or any seed (EMPTYCONFIG)
2015-02-16T05:46:29.209-0800 [rsStart] replSet can't get local.system.replset config from self or any seed (EMPTYCONFIG)
2015-02-16T05:46:30.215-0800 [rsStart] replSet can't get local.system.replset config from self or any seed (EMPTYCONFIG)
2015-02-16T05:46:31.221-0800 [rsStart] replSet can't get local.system.replset config from self or any seed (EMPTYCONFIG)
2015-02-16T05:46:32.226-0800 [rsStart] replSet can't get local.system.replset config from self or any seed (EMPTYCONFIG)
2015-02-16T05:46:33.232-0800 [rsStart] replSet can't get local.system.replset config from self or any seed (EMPTYCONFIG)
2015-02-16T05:46:34.238-0800 [rsStart] replSet can't get local.system.replset config from self or any seed (EMPTYCONFIG)
2015-02-16T05:46:35.242-0800 [rsStart] replSet can't get local.system.replset config from self or any seed (EMPTYCONFIG)
2015-02-16T05:46:36.244-0800 [rsStart] replSet can't get local.system.replset config from self or any seed (EMPTYCONFIG)
2015-02-16T05:46:37.250-0800 [rsStart] replSet can't get local.system.replset config from self or any seed (EMPTYCONFIG)
2015-02-16T05:46:38.256-0800 [rsStart] replSet can't get local.system.replset config from self or any seed (EMPTYCONFIG)
2015-02-16T05:46:39.263-0800 [rsStart] replSet can't get local.system.replset config from self or any seed (EMPTYCONFIG)
2015-02-16T05:46:40.268-0800 [rsStart] replSet can't get local.system.replset config from self or any seed (EMPTYCONFIG)
2015-02-16T05:46:41.270-0800 [rsStart] replSet can't get local.system.replset config from self or any seed (EMPTYCONFIG)
2015-02-16T05:46:42.274-0800 [rsStart] replSet can't get local.system.replset config from self or any seed (EMPTYCONFIG)
2015-02-16T05:46:43.279-0800 [rsStart] replSet can't get local.system.replset config from self or any seed (EMPTYCONFIG)
2015-02-16T05:46:44.281-0800 [rsStart] replSet can't get local.system.replset config from self or any seed (EMPTYCONFIG)
2015-02-16T05:46:45.287-0800 [rsStart] replSet can't get local.system.replset config from self or any seed (EMPTYCONFIG)
2015-02-16T05:46:46.290-0800 [rsStart] replSet can't get local.system.replset config from self or any seed (EMPTYCONFIG)
2015-02-16T05:46:47.292-0800 [rsStart] replSet can't get local.system.replset config from self or any seed (EMPTYCONFIG)
2015-02-16T05:46:48.295-0800 [rsStart] replSet can't get local.system.replset config from self or any seed (EMPTYCONFIG)
2015-02-16T05:46:49.298-0800 [rsStart] replSet can't get local.system.replset config from self or any seed (EMPTYCONFIG)
2015-02-16T05:46:50.303-0800 [rsStart] replSet can't get local.system.replset config from self or any seed (EMPTYCONFIG)
2015-02-16T05:46:51.308-0800 [rsStart] replSet can't get local.system.replset config from self or any seed (EMPTYCONFIG)
2015-02-16T05:46:52.314-0800 [rsStart] replSet can't get local.system.replset config from self or any seed (EMPTYCONFIG)
2015-02-16T05:46:53.317-0800 [rsStart] replSet can't get local.system.replset config from self or any seed (EMPTYCONFIG)
2015-02-16T05:46:54.321-0800 [rsStart] replSet can't get local.system.replset config from self or any seed (EMPTYCONFIG)
2015-02-16T05:46:55.327-0800 [rsStart] replSet can't get local.system.replset config from self or any seed (EMPTYCONFIG)
2015-02-16T05:46:56.334-0800 [rsStart] replSet can't get local.system.replset config from self or any seed (EMPTYCONFIG)
2015-02-16T05:46:57.338-0800 [rsStart] replSet can't get local.system.replset config from self or any seed (EMPTYCONFIG)
2015-02-16T05:46:58.340-0800 [rsStart] replSet can't get local.system.replset config from self or any seed (EMPTYCONFIG)
2015-02-16T05:46:59.343-0800 [rsStart] replSet can't get local.system.replset config from self or any seed (EMPTYCONFIG)
2015-02-16T05:47:00.350-0800 [rsStart] replSet can't get local.system.replset config from self or any seed (EMPTYCONFIG)
2015-02-16T05:47:01.353-0800 [rsStart] replSet can't get local.system.replset config from self or any seed (EMPTYCONFIG)
2015-02-16T05:47:02.359-0800 [rsStart] replSet can't get local.system.replset config from self or any seed (EMPTYCONFIG)
2015-02-16T05:47:03.361-0800 [rsStart] replSet can't get local.system.replset config from self or any seed (EMPTYCONFIG)
2015-02-16T05:47:04.366-0800 [rsStart] replSet can't get local.system.replset config from self or any seed (EMPTYCONFIG)
2015-02-16T05:47:05.371-0800 [rsStart] replSet can't get local.system.replset config from self or any seed (EMPTYCONFIG)
2015-02-16T05:47:06.375-0800 [rsStart] replSet can't get local.system.replset config from self or any seed (EMPTYCONFIG)
2015-02-16T05:47:07.379-0800 [rsStart] replSet can't get local.system.replset config from self or any seed (EMPTYCONFIG)
2015-02-16T05:47:08.380-0800 [rsStart] replSet can't get local.system.replset config from self or any seed (EMPTYCONFIG)
2015-02-16T05:47:09.386-0800 [rsStart] replSet can't get local.system.replset config from self or any seed (EMPTYCONFIG)
2015-02-16T05:47:10.392-0800 [rsStart] replSet can't get local.system.replset config from self or any seed (EMPTYCONFIG)
2015-02-16T05:47:11.397-0800 [rsStart] replSet can't get local.system.replset config from self or any seed (EMPTYCONFIG)
2015-02-16T05:47:12.403-0800 [rsStart] replSet can't get local.system.replset config from self or any seed (EMPTYCONFIG)
2015-02-16T05:47:13.409-0800 [rsStart] replSet can't get local.system.replset config from self or any seed (EMPTYCONFIG)
2015-02-16T05:47:14.413-0800 [rsStart] replSet can't get local.system.replset config from self or any seed (EMPTYCONFIG)
2015-02-16T05:47:15.416-0800 [rsStart] replSet can't get local.system.replset config from self or any seed (EMPTYCONFIG)
2015-02-16T05:47:16.418-0800 [rsStart] replSet can't get local.system.replset config from self or any seed (EMPTYCONFIG)
2015-02-16T05:47:17.423-0800 [rsStart] replSet can't get local.system.replset config from self or any seed (EMPTYCONFIG)
2015-02-16T05:47:18.425-0800 [rsStart] replSet can't get local.system.replset config from self or any seed (EMPTYCONFIG)
2015-02-16T05:47:19.429-0800 [rsStart] replSet can't get local.system.replset config from self or any seed (EMPTYCONFIG)
2015-02-16T05:47:20.434-0800 [rsStart] replSet can't get local.system.replset config from self or any seed (EMPTYCONFIG)
2015-02-16T05:47:21.438-0800 [rsStart] replSet can't get local.system.replset config from self or any seed (EMPTYCONFIG)
2015-02-16T05:47:22.441-0800 [rsStart] replSet can't get local.system.replset config from self or any seed (EMPTYCONFIG)
2015-02-16T05:47:23.446-0800 [rsStart] replSet can't get local.system.replset config from self or any seed (EMPTYCONFIG)
2015-02-16T05:47:24.450-0800 [rsStart] replSet can't get local.system.replset config from self or any seed (EMPTYCONFIG)
2015-02-16T05:47:25.452-0800 [rsStart] replSet can't get local.system.replset config from self or any seed (EMPTYCONFIG)
2015-02-16T05:47:26.456-0800 [rsStart] replSet can't get local.system.replset config from self or any seed (EMPTYCONFIG)
2015-02-16T05:47:27.459-0800 [rsStart] replSet can't get local.system.replset config from self or any seed (EMPTYCONFIG)
2015-02-16T05:47:28.465-0800 [rsStart] replSet can't get local.system.replset config from self or any seed (EMPTYCONFIG)
2015-02-16T05:47:29.471-0800 [rsStart] replSet can't get local.system.replset config from self or any seed (EMPTYCONFIG)
2015-02-16T05:47:30.477-0800 [rsStart] replSet can't get local.system.replset config from self or any seed (EMPTYCONFIG)
2015-02-16T05:47:31.481-0800 [rsStart] replSet can't get local.system.replset config from self or any seed (EMPTYCONFIG)
2015-02-16T05:47:32.485-0800 [rsStart] replSet can't get local.system.replset config from self or any seed (EMPTYCONFIG)
2015-02-16T05:47:33.487-0800 [rsStart] replSet can't get local.system.replset config from self or any seed (EMPTYCONFIG)
2015-02-16T05:47:34.493-0800 [rsStart] replSet can't get local.system.replset config from self or any seed (EMPTYCONFIG)
2015-02-16T05:47:35.496-0800 [rsStart] replSet can't get local.system.replset config from self or any seed (EMPTYCONFIG)
2015-02-16T05:47:36.500-0800 [rsStart] replSet can't get local.system.replset config from self or any seed (EMPTYCONFIG)
2015-02-16T05:47:37.502-0800 [rsStart] replSet can't get local.system.replset config from self or any seed (EMPTYCONFIG)
2015-02-16T05:47:38.507-0800 [rsStart] replSet can't get local.system.replset config from self or any seed (EMPTYCONFIG)
2015-02-16T05:47:39.509-0800 [rsStart] replSet can't get local.system.replset config from self or any seed (EMPTYCONFIG)
2015-02-16T05:47:40.515-0800 [rsStart] replSet can't get local.system.replset config from self or any seed (EMPTYCONFIG)
2015-02-16T05:47:41.521-0800 [rsStart] replSet can't get local.system.replset config from self or any seed (EMPTYCONFIG)
2015-02-16T05:47:42.527-0800 [rsStart] replSet can't get local.system.replset config from self or any seed (EMPTYCONFIG)
2015-02-16T05:47:43.532-0800 [rsStart] replSet can't get local.system.replset config from self or any seed (EMPTYCONFIG)
2015-02-16T05:47:44.538-0800 [rsStart] replSet can't get local.system.replset config from self or any seed (EMPTYCONFIG)
2015-02-16T05:47:45.545-0800 [rsStart] replSet can't get local.system.replset config from self or any seed (EMPTYCONFIG)
2015-02-16T05:47:46.548-0800 [rsStart] replSet can't get local.system.replset config from self or any seed (EMPTYCONFIG)
2015-02-16T05:47:47.551-0800 [rsStart] replSet can't get local.system.replset config from self or any seed (EMPTYCONFIG)
2015-02-16T05:47:48.554-0800 [rsStart] replSet can't get local.system.replset config from self or any seed (EMPTYCONFIG)
2015-02-16T05:47:49.560-0800 [rsStart] replSet can't get local.system.replset config from self or any seed (EMPTYCONFIG)
2015-02-16T05:47:50.567-0800 [rsStart] replSet can't get local.system.replset config from self or any seed (EMPTYCONFIG)
2015-02-16T05:47:51.573-0800 [rsStart] replSet can't get local.system.replset config from self or any seed (EMPTYCONFIG)
2015-02-16T05:47:52.578-0800 [rsStart] replSet can't get local.system.replset config from self or any seed (EMPTYCONFIG)
2015-02-16T05:47:53.582-0800 [rsStart] replSet can't get local.system.replset config from self or any seed (EMPTYCONFIG)
2015-02-16T05:47:54.588-0800 [rsStart] replSet can't get local.system.replset config from self or any seed (EMPTYCONFIG)
2015-02-16T05:47:55.591-0800 [rsStart] replSet can't get local.system.replset config from self or any seed (EMPTYCONFIG)
2015-02-16T05:47:56.593-0800 [rsStart] replSet can't get local.system.replset config from self or any seed (EMPTYCONFIG)
2015-02-16T05:47:57.598-0800 [rsStart] replSet can't get local.system.replset config from self or any seed (EMPTYCONFIG)
2015-02-16T05:47:58.600-0800 [rsStart] replSet can't get local.system.replset config from self or any seed (EMPTYCONFIG)
2015-02-16T05:47:59.605-0800 [rsStart] replSet can't get local.system.replset config from self or any seed (EMPTYCONFIG)
2015-02-16T05:48:00.610-0800 [rsStart] replSet can't get local.system.replset config from self or any seed (EMPTYCONFIG)
2015-02-16T05:48:01.616-0800 [rsStart] replSet can't get local.system.replset config from self or any seed (EMPTYCONFIG)
2015-02-16T05:48:02.621-0800 [rsStart] replSet can't get local.system.replset config from self or any seed (EMPTYCONFIG)
2015-02-16T05:48:03.626-0800 [rsStart] replSet can't get local.system.replset config from self or any seed (EMPTYCONFIG)
2015-02-16T05:48:04.632-0800 [rsStart] replSet can't get local.system.replset config from self or any seed (EMPTYCONFIG)
2015-02-16T05:48:05.636-0800 [rsStart] replSet can't get local.system.replset config from self or any seed (EMPTYCONFIG)
2015-02-16T05:48:06.637-0800 [rsStart] replSet can't get local.system.replset config from self or any seed (EMPTYCONFIG)
2015-02-16T05:48:07.639-0800 [rsStart] replSet can't get local.system.replset config from self or any seed (EMPTYCONFIG)
2015-02-16T05:48:08.643-0800 [rsStart] replSet can't get local.system.replset config from self or any seed (EMPTYCONFIG)
2015-02-16T05:48:09.645-0800 [rsStart] replSet can't get local.system.replset config from self or any seed (EMPTYCONFIG)
2015-02-16T05:48:10.648-0800 [rsStart] replSet can't get local.system.replset config from self or any seed (EMPTYCONFIG)
2015-02-16T05:48:11.651-0800 [rsStart] replSet can't get local.system.replset config from self or any seed (EMPTYCONFIG)
2015-02-16T05:48:12.656-0800 [rsStart] replSet can't get local.system.replset config from self or any seed (EMPTYCONFIG)
2015-02-16T05:48:13.660-0800 [rsStart] replSet can't get local.system.replset config from self or any seed (EMPTYCONFIG)
2015-02-16T05:48:14.666-0800 [rsStart] replSet can't get local.system.replset config from self or any seed (EMPTYCONFIG)
2015-02-16T05:48:15.668-0800 [rsStart] replSet can't get local.system.replset config from self or any seed (EMPTYCONFIG)
2015-02-16T05:48:16.669-0800 [rsStart] replSet can't get local.system.replset config from self or any seed (EMPTYCONFIG)
2015-02-16T05:48:17.673-0800 [rsStart] replSet can't get local.system.replset config from self or any seed (EMPTYCONFIG)
2015-02-16T05:48:18.677-0800 [rsStart] replSet can't get local.system.replset config from self or any seed (EMPTYCONFIG)
2015-02-16T05:48:19.688-0800 [rsStart] replSet can't get local.system.replset config from self or any seed (EMPTYCONFIG)
2015-02-16T05:48:20.694-0800 [rsStart] replSet can't get local.system.replset config from self or any seed (EMPTYCONFIG)
2015-02-16T05:48:21.698-0800 [rsStart] replSet can't get local.system.replset config from self or any seed (EMPTYCONFIG)
2015-02-16T05:48:22.702-0800 [rsStart] replSet can't get local.system.replset config from self or any seed (EMPTYCONFIG)
2015-02-16T05:48:23.706-0800 [rsStart] replSet can't get local.system.replset config from self or any seed (EMPTYCONFIG)
2015-02-16T05:48:24.711-0800 [rsStart] replSet can't get local.system.replset config from self or any seed (EMPTYCONFIG)
2015-02-16T05:48:25.716-0800 [rsStart] replSet can't get local.system.replset config from self or any seed (EMPTYCONFIG)
2015-02-16T05:48:26.719-0800 [rsStart] replSet can't get local.system.replset config from self or any seed (EMPTYCONFIG)
2015-02-16T05:48:27.723-0800 [rsStart] replSet can't get local.system.replset config from self or any seed (EMPTYCONFIG)
2015-02-16T05:48:28.730-0800 [rsStart] replSet can't get local.system.replset config from self or any seed (EMPTYCONFIG)
2015-02-16T05:48:29.731-0800 [rsStart] replSet can't get local.system.replset config from self or any seed (EMPTYCONFIG)
2015-02-16T05:48:30.735-0800 [rsStart] replSet can't get local.system.replset config from self or any seed (EMPTYCONFIG)
2015-02-16T05:48:31.739-0800 [rsStart] replSet can't get local.system.replset config from self or any seed (EMPTYCONFIG)
2015-02-16T05:48:32.744-0800 [rsStart] replSet can't get local.system.replset config from self or any seed (EMPTYCONFIG)
2015-02-16T05:48:33.747-0800 [rsStart] replSet can't get local.system.replset config from self or any seed (EMPTYCONFIG)
2015-02-16T05:48:34.749-0800 [rsStart] replSet can't get local.system.replset config from self or any seed (EMPTYCONFIG)
2015-02-16T05:48:35.755-0800 [rsStart] replSet can't get local.system.replset config from self or any seed (EMPTYCONFIG)
2015-02-16T05:48:36.760-0800 [rsStart] replSet can't get local.system.replset config from self or any seed (EMPTYCONFIG)
2015-02-16T05:48:37.762-0800 [rsStart] replSet can't get local.system.replset config from self or any seed (EMPTYCONFIG)
2015-02-16T05:48:38.767-0800 [rsStart] replSet can't get local.system.replset config from self or any seed (EMPTYCONFIG)
2015-02-16T05:48:39.771-0800 [rsStart] replSet can't get local.system.replset config from self or any seed (EMPTYCONFIG)
2015-02-16T05:48:40.772-0800 [rsStart] replSet can't get local.system.replset config from self or any seed (EMPTYCONFIG)
2015-02-16T05:48:41.777-0800 [rsStart] replSet can't get local.system.replset config from self or any seed (EMPTYCONFIG)
2015-02-16T05:48:42.783-0800 [rsStart] replSet can't get local.system.replset config from self or any seed (EMPTYCONFIG)
2015-02-16T05:48:43.789-0800 [rsStart] replSet can't get local.system.replset config from self or any seed (EMPTYCONFIG)
2015-02-16T05:48:44.792-0800 [rsStart] replSet can't get local.system.replset config from self or any seed (EMPTYCONFIG)
2015-02-16T05:48:45.796-0800 [rsStart] replSet can't get local.system.replset config from self or any seed (EMPTYCONFIG)
2015-02-16T05:48:46.798-0800 [rsStart] replSet can't get local.system.replset config from self or any seed (EMPTYCONFIG)
2015-02-16T05:48:47.801-0800 [rsStart] replSet can't get local.system.replset config from self or any seed (EMPTYCONFIG)
2015-02-16T05:48:48.805-0800 [rsStart] replSet can't get local.system.replset config from self or any seed (EMPTYCONFIG)
2015-02-16T05:48:49.809-0800 [rsStart] replSet can't get local.system.replset config from self or any seed (EMPTYCONFIG)
2015-02-16T05:48:50.813-0800 [rsStart] replSet can't get local.system.replset config from self or any seed (EMPTYCONFIG)
2015-02-16T05:48:51.818-0800 [rsStart] replSet can't get local.system.replset config from self or any seed (EMPTYCONFIG)
2015-02-16T05:48:52.821-0800 [rsStart] replSet can't get local.system.replset config from self or any seed (EMPTYCONFIG)
2015-02-16T05:48:53.826-0800 [rsStart] replSet can't get local.system.replset config from self or any seed (EMPTYCONFIG)
2015-02-16T05:48:54.828-0800 [rsStart] replSet can't get local.system.replset config from self or any seed (EMPTYCONFIG)
2015-02-16T05:48:55.830-0800 [rsStart] replSet can't get local.system.replset config from self or any seed (EMPTYCONFIG)
2015-02-16T05:48:56.846-0800 [rsStart] replSet can't get local.system.replset config from self or any seed (EMPTYCONFIG)
2015-02-16T05:48:57.852-0800 [rsStart] replSet can't get local.system.replset config from self or any seed (EMPTYCONFIG)
2015-02-16T05:48:58.857-0800 [rsStart] replSet can't get local.system.replset config from self or any seed (EMPTYCONFIG)
2015-02-16T05:48:59.863-0800 [rsStart] replSet can't get local.system.replset config from self or any seed (EMPTYCONFIG)
2015-02-16T05:49:00.867-0800 [rsStart] replSet can't get local.system.replset config from self or any seed (EMPTYCONFIG)
2015-02-16T05:49:01.871-0800 [rsStart] replSet can't get local.system.replset config from self or any seed (EMPTYCONFIG)
2015-02-16T05:49:02.875-0800 [rsStart] replSet can't get local.system.replset config from self or any seed (EMPTYCONFIG)
2015-02-16T05:49:03.880-0800 [rsStart] replSet can't get local.system.replset config from self or any seed (EMPTYCONFIG)
2015-02-16T05:49:04.886-0800 [rsStart] replSet can't get local.system.replset config from self or any seed (EMPTYCONFIG)
2015-02-16T05:49:05.891-0800 [rsStart] replSet can't get local.system.replset config from self or any seed (EMPTYCONFIG)
2015-02-16T05:49:06.895-0800 [rsStart] replSet can't get local.system.replset config from self or any seed (EMPTYCONFIG)
2015-02-16T05:49:07.901-0800 [rsStart] replSet can't get local.system.replset config from self or any seed (EMPTYCONFIG)
2015-02-16T05:49:08.906-0800 [rsStart] replSet can't get local.system.replset config from self or any seed (EMPTYCONFIG)
2015-02-16T05:49:09.911-0800 [rsStart] replSet can't get local.system.replset config from self or any seed (EMPTYCONFIG)
2015-02-16T05:49:10.916-0800 [rsStart] replSet can't get local.system.replset config from self or any seed (EMPTYCONFIG)
2015-02-16T05:49:11.922-0800 [rsStart] replSet can't get local.system.replset config from self or any seed (EMPTYCONFIG)
2015-02-16T05:49:12.932-0800 [rsStart] replSet can't get local.system.replset config from self or any seed (EMPTYCONFIG)
2015-02-16T05:49:13.937-0800 [rsStart] replSet can't get local.system.replset config from self or any seed (EMPTYCONFIG)
2015-02-16T05:49:14.944-0800 [rsStart] replSet can't get local.system.replset config from self or any seed (EMPTYCONFIG)
2015-02-16T05:49:15.949-0800 [rsStart] replSet can't get local.system.replset config from self or any seed (EMPTYCONFIG)
2015-02-16T05:49:16.952-0800 [rsStart] replSet can't get local.system.replset config from self or any seed (EMPTYCONFIG)
2015-02-16T05:49:17.955-0800 [rsStart] replSet can't get local.system.replset config from self or any seed (EMPTYCONFIG)
2015-02-16T05:49:18.957-0800 [rsStart] replSet can't get local.system.replset config from self or any seed (EMPTYCONFIG)
2015-02-16T05:49:19.959-0800 [rsStart] replSet can't get local.system.replset config from self or any seed (EMPTYCONFIG)
2015-02-16T05:49:20.962-0800 [rsStart] replSet can't get local.system.replset config from self or any seed (EMPTYCONFIG)
2015-02-16T05:49:21.968-0800 [rsStart] replSet can't get local.system.replset config from self or any seed (EMPTYCONFIG)
2015-02-16T05:49:22.973-0800 [rsStart] replSet can't get local.system.replset config from self or any seed (EMPTYCONFIG)
2015-02-16T05:49:23.978-0800 [rsStart] replSet can't get local.system.replset config from self or any seed (EMPTYCONFIG)
2015-02-16T05:49:24.981-0800 [rsStart] replSet can't get local.system.replset config from self or any seed (EMPTYCONFIG)
2015-02-16T05:49:25.984-0800 [rsStart] replSet can't get local.system.replset config from self or any seed (EMPTYCONFIG)
2015-02-16T05:49:26.989-0800 [rsStart] replSet can't get local.system.replset config from self or any seed (EMPTYCONFIG)
2015-02-16T05:49:27.993-0800 [rsStart] replSet can't get local.system.replset config from self or any seed (EMPTYCONFIG)
2015-02-16T05:49:28.999-0800 [rsStart] replSet can't get local.system.replset config from self or any seed (EMPTYCONFIG)
2015-02-16T05:49:30.003-0800 [rsStart] replSet can't get local.system.replset config from self or any seed (EMPTYCONFIG)
2015-02-16T05:49:31.009-0800 [rsStart] replSet can't get local.system.replset config from self or any seed (EMPTYCONFIG)
2015-02-16T05:49:32.014-0800 [rsStart] replSet can't get local.system.replset config from self or any seed (EMPTYCONFIG)
2015-02-16T05:49:33.017-0800 [rsStart] replSet can't get local.system.replset config from self or any seed (EMPTYCONFIG)
2015-02-16T05:49:34.020-0800 [rsStart] replSet can't get local.system.replset config from self or any seed (EMPTYCONFIG)
2015-02-16T05:49:35.024-0800 [rsStart] replSet can't get local.system.replset config from self or any seed (EMPTYCONFIG)
2015-02-16T05:49:36.026-0800 [rsStart] replSet can't get local.system.replset config from self or any seed (EMPTYCONFIG)
2015-02-16T05:49:37.028-0800 [rsStart] replSet can't get local.system.replset config from self or any seed (EMPTYCONFIG)
2015-02-16T05:49:38.033-0800 [rsStart] replSet can't get local.system.replset config from self or any seed (EMPTYCONFIG)
2015-02-16T05:49:39.038-0800 [rsStart] replSet can't get local.system.replset config from self or any seed (EMPTYCONFIG)
2015-02-16T05:49:40.043-0800 [rsStart] replSet can't get local.system.replset config from self or any seed (EMPTYCONFIG)
2015-02-16T05:49:41.049-0800 [rsStart] replSet can't get local.system.replset config from self or any seed (EMPTYCONFIG)
2015-02-16T05:49:42.052-0800 [rsStart] replSet can't get local.system.replset config from self or any seed (EMPTYCONFIG)
2015-02-16T05:49:43.056-0800 [rsStart] replSet can't get local.system.replset config from self or any seed (EMPTYCONFIG)
2015-02-16T05:49:44.058-0800 [rsStart] replSet can't get local.system.replset config from self or any seed (EMPTYCONFIG)
2015-02-16T05:49:45.062-0800 [rsStart] replSet can't get local.system.replset config from self or any seed (EMPTYCONFIG)
2015-02-16T05:49:46.064-0800 [rsStart] replSet can't get local.system.replset config from self or any seed (EMPTYCONFIG)
2015-02-16T05:49:47.069-0800 [rsStart] replSet can't get local.system.replset config from self or any seed (EMPTYCONFIG)
2015-02-16T05:49:48.072-0800 [rsStart] replSet can't get local.system.replset config from self or any seed (EMPTYCONFIG)
2015-02-16T05:49:49.077-0800 [rsStart] replSet can't get local.system.replset config from self or any seed (EMPTYCONFIG)
2015-02-16T05:49:50.081-0800 [rsStart] replSet can't get local.system.replset config from self or any seed (EMPTYCONFIG)
2015-02-16T05:49:51.086-0800 [rsStart] replSet can't get local.system.replset config from self or any seed (EMPTYCONFIG)
2015-02-16T05:49:52.090-0800 [rsStart] replSet can't get local.system.replset config from self or any seed (EMPTYCONFIG)
2015-02-16T05:49:53.096-0800 [rsStart] replSet can't get local.system.replset config from self or any seed (EMPTYCONFIG)
2015-02-16T05:49:54.101-0800 [rsStart] replSet can't get local.system.replset config from self or any seed (EMPTYCONFIG)
2015-02-16T05:49:54.363-0800 [clientcursormon] mem (MB) res:9 virt:2556
2015-02-16T05:49:54.364-0800 [clientcursormon]  mapped (incl journal view):64
2015-02-16T05:49:54.364-0800 [clientcursormon]  connections:0
2015-02-16T05:49:55.107-0800 [rsStart] replSet can't get local.system.replset config from self or any seed (EMPTYCONFIG)
2015-02-16T05:49:56.111-0800 [rsStart] replSet can't get local.system.replset config from self or any seed (EMPTYCONFIG)
2015-02-16T05:49:57.115-0800 [rsStart] replSet can't get local.system.replset config from self or any seed (EMPTYCONFIG)
2015-02-16T05:49:58.121-0800 [rsStart] replSet can't get local.system.replset config from self or any seed (EMPTYCONFIG)
2015-02-16T05:49:59.125-0800 [rsStart] replSet can't get local.system.replset config from self or any seed (EMPTYCONFIG)
2015-02-16T05:50:00.130-0800 [rsStart] replSet can't get local.system.replset config from self or any seed (EMPTYCONFIG)
2015-02-16T05:50:01.134-0800 [rsStart] replSet can't get local.system.replset config from self or any seed (EMPTYCONFIG)
2015-02-16T05:50:02.136-0800 [rsStart] replSet can't get local.system.replset config from self or any seed (EMPTYCONFIG)
2015-02-16T05:50:03.140-0800 [rsStart] replSet can't get local.system.replset config from self or any seed (EMPTYCONFIG)
2015-02-16T05:50:04.145-0800 [rsStart] replSet can't get local.system.replset config from self or any seed (EMPTYCONFIG)
2015-02-16T05:50:05.150-0800 [rsStart] replSet can't get local.system.replset config from self or any seed (EMPTYCONFIG)
2015-02-16T05:50:06.154-0800 [rsStart] replSet can't get local.system.replset config from self or any seed (EMPTYCONFIG)
2015-02-16T05:50:07.156-0800 [rsStart] replSet can't get local.system.replset config from self or any seed (EMPTYCONFIG)
2015-02-16T05:50:08.162-0800 [rsStart] replSet can't get local.system.replset config from self or any seed (EMPTYCONFIG)
2015-02-16T05:50:09.163-0800 [rsStart] replSet can't get local.system.replset config from self or any seed (EMPTYCONFIG)
2015-02-16T05:50:10.169-0800 [rsStart] replSet can't get local.system.replset config from self or any seed (EMPTYCONFIG)
2015-02-16T05:50:11.175-0800 [rsStart] replSet can't get local.system.replset config from self or any seed (EMPTYCONFIG)
2015-02-16T05:50:12.181-0800 [rsStart] replSet can't get local.system.replset config from self or any seed (EMPTYCONFIG)
2015-02-16T05:50:13.185-0800 [rsStart] replSet can't get local.system.replset config from self or any seed (EMPTYCONFIG)
2015-02-16T05:50:14.189-0800 [rsStart] replSet can't get local.system.replset config from self or any seed (EMPTYCONFIG)
2015-02-16T05:50:15.195-0800 [rsStart] replSet can't get local.system.replset config from self or any seed (EMPTYCONFIG)
2015-02-16T05:50:16.202-0800 [rsStart] replSet can't get local.system.replset config from self or any seed (EMPTYCONFIG)
2015-02-16T05:50:17.205-0800 [rsStart] replSet can't get local.system.replset config from self or any seed (EMPTYCONFIG)
2015-02-16T05:50:18.211-0800 [rsStart] replSet can't get local.system.replset config from self or any seed (EMPTYCONFIG)
2015-02-16T05:50:19.214-0800 [rsStart] replSet can't get local.system.replset config from self or any seed (EMPTYCONFIG)
2015-02-16T05:50:20.218-0800 [rsStart] replSet can't get local.system.replset config from self or any seed (EMPTYCONFIG)
2015-02-16T05:50:21.225-0800 [rsStart] replSet can't get local.system.replset config from self or any seed (EMPTYCONFIG)
2015-02-16T05:50:22.228-0800 [rsStart] replSet can't get local.system.replset config from self or any seed (EMPTYCONFIG)
2015-02-16T05:50:23.229-0800 [rsStart] replSet can't get local.system.replset config from self or any seed (EMPTYCONFIG)
2015-02-16T05:50:24.232-0800 [rsStart] replSet can't get local.system.replset config from self or any seed (EMPTYCONFIG)
2015-02-16T05:50:25.237-0800 [rsStart] replSet can't get local.system.replset config from self or any seed (EMPTYCONFIG)
2015-02-16T05:50:26.240-0800 [rsStart] replSet can't get local.system.replset config from self or any seed (EMPTYCONFIG)
2015-02-16T05:50:27.245-0800 [rsStart] replSet can't get local.system.replset config from self or any seed (EMPTYCONFIG)
2015-02-16T05:50:28.249-0800 [rsStart] replSet can't get local.system.replset config from self or any seed (EMPTYCONFIG)
2015-02-16T05:50:29.252-0800 [rsStart] replSet can't get local.system.replset config from self or any seed (EMPTYCONFIG)
2015-02-16T05:50:30.255-0800 [rsStart] replSet can't get local.system.replset config from self or any seed (EMPTYCONFIG)
2015-02-16T05:50:31.260-0800 [rsStart] replSet can't get local.system.replset config from self or any seed (EMPTYCONFIG)
2015-02-16T05:50:32.264-0800 [rsStart] replSet can't get local.system.replset config from self or any seed (EMPTYCONFIG)
2015-02-16T05:50:33.269-0800 [rsStart] replSet can't get local.system.replset config from self or any seed (EMPTYCONFIG)
2015-02-16T05:50:34.273-0800 [rsStart] replSet can't get local.system.replset config from self or any seed (EMPTYCONFIG)
2015-02-16T05:50:35.274-0800 [rsStart] replSet can't get local.system.replset config from self or any seed (EMPTYCONFIG)
2015-02-16T05:50:36.275-0800 [rsStart] replSet can't get local.system.replset config from self or any seed (EMPTYCONFIG)
2015-02-16T05:50:37.277-0800 [rsStart] replSet can't get local.system.replset config from self or any seed (EMPTYCONFIG)
2015-02-16T05:50:38.282-0800 [rsStart] replSet can't get local.system.replset config from self or any seed (EMPTYCONFIG)
2015-02-16T05:50:39.286-0800 [rsStart] replSet can't get local.system.replset config from self or any seed (EMPTYCONFIG)
2015-02-16T05:50:40.290-0800 [rsStart] replSet can't get local.system.replset config from self or any seed (EMPTYCONFIG)
2015-02-16T05:50:41.295-0800 [rsStart] replSet can't get local.system.replset config from self or any seed (EMPTYCONFIG)
2015-02-16T05:50:42.299-0800 [rsStart] replSet can't get local.system.replset config from self or any seed (EMPTYCONFIG)
2015-02-16T05:50:43.304-0800 [rsStart] replSet can't get local.system.replset config from self or any seed (EMPTYCONFIG)
2015-02-16T05:50:44.309-0800 [rsStart] replSet can't get local.system.replset config from self or any seed (EMPTYCONFIG)
2015-02-16T05:50:45.313-0800 [rsStart] replSet can't get local.system.replset config from self or any seed (EMPTYCONFIG)
2015-02-16T05:50:46.318-0800 [rsStart] replSet can't get local.system.replset config from self or any seed (EMPTYCONFIG)
2015-02-16T05:50:47.324-0800 [rsStart] replSet can't get local.system.replset config from self or any seed (EMPTYCONFIG)
2015-02-16T05:50:48.329-0800 [rsStart] replSet can't get local.system.replset config from self or any seed (EMPTYCONFIG)
2015-02-16T05:50:49.334-0800 [rsStart] replSet can't get local.system.replset config from self or any seed (EMPTYCONFIG)
2015-02-16T05:50:50.338-0800 [rsStart] replSet can't get local.system.replset config from self or any seed (EMPTYCONFIG)
2015-02-16T05:50:51.342-0800 [rsStart] replSet can't get local.system.replset config from self or any seed (EMPTYCONFIG)
2015-02-16T05:50:52.347-0800 [rsStart] replSet can't get local.system.replset config from self or any seed (EMPTYCONFIG)
2015-02-16T05:50:53.350-0800 [rsStart] replSet can't get local.system.replset config from self or any seed (EMPTYCONFIG)
2015-02-16T05:50:54.355-0800 [rsStart] replSet can't get local.system.replset config from self or any seed (EMPTYCONFIG)
2015-02-16T05:50:55.362-0800 [rsStart] replSet can't get local.system.replset config from self or any seed (EMPTYCONFIG)
2015-02-16T05:50:56.364-0800 [rsStart] replSet can't get local.system.replset config from self or any seed (EMPTYCONFIG)
2015-02-16T05:50:57.368-0800 [rsStart] replSet can't get local.system.replset config from self or any seed (EMPTYCONFIG)
2015-02-16T05:50:58.374-0800 [rsStart] replSet can't get local.system.replset config from self or any seed (EMPTYCONFIG)
2015-02-16T05:50:59.377-0800 [rsStart] replSet can't get local.system.replset config from self or any seed (EMPTYCONFIG)
2015-02-16T05:51:00.380-0800 [rsStart] replSet can't get local.system.replset config from self or any seed (EMPTYCONFIG)
2015-02-16T05:51:01.386-0800 [rsStart] replSet can't get local.system.replset config from self or any seed (EMPTYCONFIG)
2015-02-16T05:51:02.389-0800 [rsStart] replSet can't get local.system.replset config from self or any seed (EMPTYCONFIG)
2015-02-16T05:51:03.392-0800 [rsStart] replSet can't get local.system.replset config from self or any seed (EMPTYCONFIG)
2015-02-16T05:51:04.395-0800 [rsStart] replSet can't get local.system.replset config from self or any seed (EMPTYCONFIG)
2015-02-16T05:51:05.397-0800 [rsStart] replSet can't get local.system.replset config from self or any seed (EMPTYCONFIG)
2015-02-16T05:51:06.401-0800 [rsStart] replSet can't get local.system.replset config from self or any seed (EMPTYCONFIG)
2015-02-16T05:51:07.406-0800 [rsStart] replSet can't get local.system.replset config from self or any seed (EMPTYCONFIG)
2015-02-16T05:51:08.410-0800 [rsStart] replSet can't get local.system.replset config from self or any seed (EMPTYCONFIG)
2015-02-16T05:51:09.412-0800 [rsStart] replSet can't get local.system.replset config from self or any seed (EMPTYCONFIG)
2015-02-16T05:51:10.414-0800 [rsStart] replSet can't get local.system.replset config from self or any seed (EMPTYCONFIG)
2015-02-16T05:51:11.416-0800 [rsStart] replSet can't get local.system.replset config from self or any seed (EMPTYCONFIG)
2015-02-16T05:51:12.419-0800 [rsStart] replSet can't get local.system.replset config from self or any seed (EMPTYCONFIG)
2015-02-16T05:51:13.424-0800 [rsStart] replSet can't get local.system.replset config from self or any seed (EMPTYCONFIG)
2015-02-16T05:51:14.425-0800 [rsStart] replSet can't get local.system.replset config from self or any seed (EMPTYCONFIG)
2015-02-16T05:51:15.431-0800 [rsStart] replSet can't get local.system.replset config from self or any seed (EMPTYCONFIG)
2015-02-16T05:51:16.437-0800 [rsStart] replSet can't get local.system.replset config from self or any seed (EMPTYCONFIG)
2015-02-16T05:51:16.825-0800 [initandlisten] connection accepted from 127.0.0.1:56228 #1 (1 connection now open)
2015-02-16T05:51:16.826-0800 [conn1] end connection 127.0.0.1:56228 (0 connections now open)
2015-02-16T05:51:16.830-0800 [initandlisten] connection accepted from 127.0.0.1:56230 #2 (1 connection now open)
2015-02-16T05:51:17.440-0800 [rsStart] replSet can't get local.system.replset config from self or any seed (EMPTYCONFIG)
2015-02-16T05:51:18.445-0800 [rsStart] replSet can't get local.system.replset config from self or any seed (EMPTYCONFIG)
2015-02-16T05:51:19.449-0800 [rsStart] replSet can't get local.system.replset config from self or any seed (EMPTYCONFIG)
2015-02-16T05:51:20.051-0800 [initandlisten] connection accepted from 127.0.0.1:56234 #3 (2 connections now open)
2015-02-16T05:51:20.056-0800 [conn3] end connection 127.0.0.1:56234 (1 connection now open)
2015-02-16T05:51:20.455-0800 [rsStart] trying to contact localhost:27018
2015-02-16T05:51:20.460-0800 [rsStart] replSet I am localhost:27017
2015-02-16T05:51:20.461-0800 [rsStart] replSet got config version 1 from a remote, saving locally
2015-02-16T05:51:20.461-0800 [rsStart] replSet info saving a newer config version to local.system.replset: { _id: "m101", version: 1, members: [ { _id: 0, host: "localhost:27017", priority: 0.0, slaveDelay: 5 }, { _id: 1, host: "localhost:27018" }, { _id: 2, host: "localhost:27019" } ] }
2015-02-16T05:51:20.524-0800 [rsStart] build index on: local.system.replset properties: { v: 1, key: { _id: 1 }, name: "_id_", ns: "local.system.replset" }
2015-02-16T05:51:20.556-0800 [rsStart] 	 added index to empty collection
2015-02-16T05:51:20.557-0800 [rsStart] replSet saveConfigLocally done
2015-02-16T05:51:20.810-0800 [rsStart] build index on: local.me properties: { v: 1, key: { _id: 1 }, name: "_id_", ns: "local.me" }
2015-02-16T05:51:20.827-0800 [rsStart] 	 added index to empty collection
2015-02-16T05:51:20.827-0800 [rsStart] replSet STARTUP2
2015-02-16T05:51:20.849-0800 [rsSync] ******
2015-02-16T05:51:20.849-0800 [rsSync] creating replication oplog of size: 64MB...
2015-02-16T05:51:20.851-0800 [FileAllocator] allocating new datafile /data/rs1/local.1, filling with zeroes...
2015-02-16T05:51:22.030-0800 [FileAllocator] done allocating datafile /data/rs1/local.1, size: 128MB,  took 1.176 secs
2015-02-16T05:51:22.063-0800 [initandlisten] connection accepted from 127.0.0.1:56238 #4 (2 connections now open)
2015-02-16T05:51:22.120-0800 [rsSync] ******
2015-02-16T05:51:22.121-0800 [rsSync] replSet initial sync pending
2015-02-16T05:51:22.121-0800 [rsSync] replSet initial sync need a member to be primary or secondary to do our initial sync
2015-02-16T05:51:22.465-0800 [rsHealthPoll] replSet member localhost:27018 is up
2015-02-16T05:51:22.466-0800 [rsHealthPoll] replSet member localhost:27018 is now in state SECONDARY
2015-02-16T05:51:22.466-0800 [rsHealthPoll] replSet member localhost:27019 is up
2015-02-16T05:51:22.467-0800 [rsHealthPoll] replSet member localhost:27019 is now in state STARTUP2
2015-02-16T05:51:27.947-0800 [conn2] replSet info voting yea for localhost:27018 (1)
2015-02-16T05:51:28.485-0800 [rsHealthPoll] replSet member localhost:27018 is now in state PRIMARY
2015-02-16T05:51:33.958-0800 [conn2] end connection 127.0.0.1:56230 (1 connection now open)
2015-02-16T05:51:33.960-0800 [initandlisten] connection accepted from 127.0.0.1:56240 #5 (2 connections now open)
2015-02-16T05:51:36.086-0800 [conn4] end connection 127.0.0.1:56238 (1 connection now open)
2015-02-16T05:51:36.087-0800 [initandlisten] connection accepted from 127.0.0.1:56241 #6 (3 connections now open)
2015-02-16T05:51:38.129-0800 [rsSync] replSet initial sync pending
2015-02-16T05:51:38.131-0800 [rsSync] replSet syncing to: localhost:27018
2015-02-16T05:51:38.142-0800 [rsSync] build index on: local.replset.minvalid properties: { v: 1, key: { _id: 1 }, name: "_id_", ns: "local.replset.minvalid" }
2015-02-16T05:51:38.143-0800 [rsSync] 	 added index to empty collection
2015-02-16T05:51:38.144-0800 [rsSync] replSet initial sync drop all databases
2015-02-16T05:51:38.145-0800 [rsSync] dropAllDatabasesExceptLocal 1
2015-02-16T05:51:38.145-0800 [rsSync] replSet initial sync clone all databases
2015-02-16T05:51:38.155-0800 [rsSync] replSet initial sync cloning db: admin
2015-02-16T05:51:38.162-0800 [rsSync] replSet initial sync data copy, starting syncup
2015-02-16T05:51:38.162-0800 [rsSync] oplog sync 1 of 3
2015-02-16T05:51:38.166-0800 [rsSync] oplog sync 2 of 3
2015-02-16T05:51:38.170-0800 [rsSync] replSet initial sync building indexes
2015-02-16T05:51:38.171-0800 [rsSync] replSet initial sync cloning indexes for : admin
2015-02-16T05:51:38.171-0800 [rsSync] oplog sync 3 of 3
2015-02-16T05:51:38.172-0800 [rsSync] replSet initial sync finishing up
2015-02-16T05:51:38.178-0800 [rsSync] replSet set minValid=54e1f5d5:1
2015-02-16T05:51:38.184-0800 [rsSync] replSet RECOVERING
2015-02-16T05:51:38.184-0800 [rsSync] replSet initial sync done
2015-02-16T05:51:38.500-0800 [rsHealthPoll] replSet member localhost:27019 is now in state SECONDARY
2015-02-16T05:51:38.885-0800 [rsBackgroundSync] replSet syncing to: localhost:27018
2015-02-16T05:51:38.888-0800 [rsBackgroundSync] replset setting syncSourceFeedback to localhost:27018
2015-02-16T05:51:39.189-0800 [rsSync] replSet SECONDARY
2015-02-16T05:51:54.467-0800 [clientcursormon] mem (MB) res:9 virt:2816
2015-02-16T05:51:54.468-0800 [clientcursormon]  mapped (incl journal view):320
2015-02-16T05:51:54.468-0800 [clientcursormon]  connections:2
2015-02-16T05:51:54.469-0800 [clientcursormon]  replication threads:32
2015-02-16T05:52:04.024-0800 [conn5] end connection 127.0.0.1:56240 (1 connection now open)
2015-02-16T05:52:04.025-0800 [initandlisten] connection accepted from 127.0.0.1:56254 #7 (2 connections now open)
2015-02-16T05:52:06.149-0800 [conn6] end connection 127.0.0.1:56241 (1 connection now open)
2015-02-16T05:52:06.154-0800 [initandlisten] connection accepted from 127.0.0.1:56255 #8 (2 connections now open)
2015-02-16T05:52:34.086-0800 [conn7] end connection 127.0.0.1:56254 (1 connection now open)
2015-02-16T05:52:34.087-0800 [initandlisten] connection accepted from 127.0.0.1:56261 #9 (2 connections now open)
2015-02-16T05:52:36.214-0800 [conn8] end connection 127.0.0.1:56255 (1 connection now open)
2015-02-16T05:52:36.214-0800 [initandlisten] connection accepted from 127.0.0.1:56262 #10 (2 connections now open)
2015-02-16T05:53:04.143-0800 [conn9] end connection 127.0.0.1:56261 (1 connection now open)
2015-02-16T05:53:04.145-0800 [initandlisten] connection accepted from 127.0.0.1:56267 #11 (2 connections now open)
2015-02-16T05:53:06.262-0800 [conn10] end connection 127.0.0.1:56262 (1 connection now open)
2015-02-16T05:53:06.263-0800 [initandlisten] connection accepted from 127.0.0.1:56268 #12 (2 connections now open)
2015-02-16T05:53:24.877-0800 [initandlisten] connection accepted from 127.0.0.1:56273 #13 (3 connections now open)
2015-02-16T05:53:34.201-0800 [conn11] end connection 127.0.0.1:56267 (2 connections now open)
2015-02-16T05:53:34.202-0800 [initandlisten] connection accepted from 127.0.0.1:56274 #14 (4 connections now open)
2015-02-16T05:53:36.321-0800 [conn12] end connection 127.0.0.1:56268 (2 connections now open)
2015-02-16T05:53:36.321-0800 [initandlisten] connection accepted from 127.0.0.1:56276 #15 (3 connections now open)
2015-02-16T05:53:45.851-0800 [conn13] end connection 127.0.0.1:56273 (2 connections now open)
2015-02-16T05:54:04.268-0800 [conn14] end connection 127.0.0.1:56274 (1 connection now open)
2015-02-16T05:54:04.269-0800 [initandlisten] connection accepted from 127.0.0.1:56282 #16 (2 connections now open)
2015-02-16T05:54:06.369-0800 [conn15] end connection 127.0.0.1:56276 (1 connection now open)
2015-02-16T05:54:06.370-0800 [initandlisten] connection accepted from 127.0.0.1:56283 #17 (2 connections now open)
2015-02-16T05:54:23.165-0800 [FileAllocator] allocating new datafile /data/rs1/test.ns, filling with zeroes...
2015-02-16T05:54:23.222-0800 [FileAllocator] done allocating datafile /data/rs1/test.ns, size: 16MB,  took 0.056 secs
2015-02-16T05:54:23.322-0800 [FileAllocator] allocating new datafile /data/rs1/test.0, filling with zeroes...
2015-02-16T05:54:23.377-0800 [FileAllocator] done allocating datafile /data/rs1/test.0, size: 16MB,  took 0.054 secs
2015-02-16T05:54:23.480-0800 [repl writer worker 1] build index on: test.people properties: { v: 1, key: { _id: 1 }, name: "_id_", ns: "test.people" }
2015-02-16T05:54:23.481-0800 [repl writer worker 1] 	 added index to empty collection
2015-02-16T05:54:34.335-0800 [conn16] end connection 127.0.0.1:56282 (1 connection now open)
2015-02-16T05:54:34.336-0800 [initandlisten] connection accepted from 127.0.0.1:56288 #18 (3 connections now open)
2015-02-16T05:54:36.418-0800 [conn17] end connection 127.0.0.1:56283 (1 connection now open)
2015-02-16T05:54:36.419-0800 [initandlisten] connection accepted from 127.0.0.1:56289 #19 (3 connections now open)
2015-02-16T05:54:48.807-0800 [initandlisten] connection accepted from 127.0.0.1:56292 #20 (3 connections now open)
2015-02-16T05:54:51.786-0800 [conn20] assertion 13435 not master and slaveOk=false ns:test.system.namespaces query:{}
2015-02-16T05:54:54.625-0800 [clientcursormon] mem (MB) res:9 virt:2881
2015-02-16T05:54:54.625-0800 [clientcursormon]  mapped (incl journal view):384
2015-02-16T05:54:54.626-0800 [clientcursormon]  connections:3
2015-02-16T05:54:54.626-0800 [clientcursormon]  replication threads:32
2015-02-16T05:54:56.311-0800 [conn20] assertion 13435 not master and slaveOk=false ns:test.people query:{}
2015-02-16T05:55:04.393-0800 [conn18] end connection 127.0.0.1:56288 (2 connections now open)
2015-02-16T05:55:04.393-0800 [initandlisten] connection accepted from 127.0.0.1:56295 #21 (3 connections now open)
2015-02-16T05:55:06.482-0800 [conn19] end connection 127.0.0.1:56289 (2 connections now open)
2015-02-16T05:55:06.483-0800 [initandlisten] connection accepted from 127.0.0.1:56296 #22 (4 connections now open)
2015-02-16T05:55:07.858-0800 [conn20] assertion 13435 not master and slaveOk=false ns:test.people query:{}
2015-02-16T05:55:34.458-0800 [conn21] end connection 127.0.0.1:56295 (2 connections now open)
2015-02-16T05:55:34.459-0800 [initandlisten] connection accepted from 127.0.0.1:56302 #23 (4 connections now open)
2015-02-16T05:55:35.332-0800 [conn20] end connection 127.0.0.1:56292 (2 connections now open)
2015-02-16T05:55:36.537-0800 [conn22] end connection 127.0.0.1:56296 (1 connection now open)
2015-02-16T05:55:36.537-0800 [initandlisten] connection accepted from 127.0.0.1:56303 #24 (3 connections now open)
2015-02-16T05:56:04.522-0800 [conn23] end connection 127.0.0.1:56302 (1 connection now open)
2015-02-16T05:56:04.523-0800 [initandlisten] connection accepted from 127.0.0.1:56330 #25 (2 connections now open)
2015-02-16T05:56:06.619-0800 [conn24] end connection 127.0.0.1:56303 (1 connection now open)
2015-02-16T05:56:06.619-0800 [initandlisten] connection accepted from 127.0.0.1:56331 #26 (2 connections now open)
2015-02-16T05:56:34.588-0800 [conn25] end connection 127.0.0.1:56330 (1 connection now open)
2015-02-16T05:56:34.589-0800 [initandlisten] connection accepted from 127.0.0.1:56337 #27 (3 connections now open)
2015-02-16T05:56:36.694-0800 [conn26] end connection 127.0.0.1:56331 (1 connection now open)
2015-02-16T05:56:36.696-0800 [initandlisten] connection accepted from 127.0.0.1:56338 #28 (2 connections now open)
2015-02-16T05:57:04.650-0800 [conn27] end connection 127.0.0.1:56337 (1 connection now open)
2015-02-16T05:57:04.651-0800 [initandlisten] connection accepted from 127.0.0.1:56345 #29 (3 connections now open)
2015-02-16T05:57:06.755-0800 [conn28] end connection 127.0.0.1:56338 (1 connection now open)
2015-02-16T05:57:06.756-0800 [initandlisten] connection accepted from 127.0.0.1:56346 #30 (3 connections now open)
2015-02-16T05:57:33.188-0800 [conn30] end connection 127.0.0.1:56346 (1 connection now open)
2015-02-16T05:57:33.246-0800 [rsHealthPoll] DBClientCursor::init call() failed
2015-02-16T05:57:33.247-0800 [rsHealthPoll] replset info localhost:27019 heartbeat failed, retrying
2015-02-16T05:57:33.249-0800 [rsHealthPoll] warning: Failed to connect to 127.0.0.1:27019, reason: errno:61 Connection refused
2015-02-16T05:57:33.249-0800 [rsHealthPoll] replset info localhost:27019 just heartbeated us, but our heartbeat failed: , not changing state
2015-02-16T05:57:34.716-0800 [conn29] end connection 127.0.0.1:56345 (0 connections now open)
2015-02-16T05:57:34.717-0800 [initandlisten] connection accepted from 127.0.0.1:56356 #31 (1 connection now open)
2015-02-16T05:57:35.255-0800 [rsHealthPoll] warning: Failed to connect to 127.0.0.1:27019, reason: errno:61 Connection refused
2015-02-16T05:57:35.256-0800 [rsHealthPoll] replset info localhost:27019 heartbeat failed, retrying
2015-02-16T05:57:35.262-0800 [rsHealthPoll] warning: Failed to connect to 127.0.0.1:27019, reason: errno:61 Connection refused
2015-02-16T05:57:35.263-0800 [rsHealthPoll] replSet info localhost:27019 is down (or slow to respond): 
2015-02-16T05:57:35.263-0800 [rsHealthPoll] replSet member localhost:27019 is now in state DOWN
2015-02-16T05:57:36.414-0800 [conn31] end connection 127.0.0.1:56356 (0 connections now open)
2015-02-16T05:57:36.417-0800 [rsBackgroundSync] replSet sync source problem: 10278 dbclient error communicating with server: localhost:27018
2015-02-16T05:57:36.419-0800 [rsBackgroundSync] replSet syncing to: localhost:27018
2015-02-16T05:57:36.422-0800 [rsBackgroundSync] warning: Failed to connect to 127.0.0.1:27018, reason: errno:61 Connection refused
2015-02-16T05:57:36.423-0800 [rsBackgroundSync] repl: couldn't connect to server localhost:27018 (127.0.0.1), connection attempt failed
2015-02-16T05:57:37.252-0800 [rsHealthPoll] warning: Failed to connect to 127.0.0.1:27018, reason: errno:61 Connection refused
2015-02-16T05:57:37.253-0800 [rsHealthPoll] couldn't connect to localhost:27018: couldn't connect to server localhost:27018 (127.0.0.1), connection attempt failed
2015-02-16T05:57:37.254-0800 [rsHealthPoll] warning: Failed to connect to 127.0.0.1:27018, reason: errno:61 Connection refused
2015-02-16T05:57:37.255-0800 [rsHealthPoll] couldn't connect to localhost:27018: couldn't connect to server localhost:27018 (127.0.0.1) failed, connection attempt failed
2015-02-16T05:57:37.257-0800 [rsHealthPoll] warning: Failed to connect to 127.0.0.1:27018, reason: errno:61 Connection refused
2015-02-16T05:57:37.257-0800 [rsHealthPoll] replset info localhost:27018 heartbeat failed, retrying
2015-02-16T05:57:37.258-0800 [rsHealthPoll] warning: Failed to connect to 127.0.0.1:27018, reason: errno:61 Connection refused
2015-02-16T05:57:37.258-0800 [rsHealthPoll] couldn't connect to localhost:27018: couldn't connect to server localhost:27018 (127.0.0.1) failed, connection attempt failed
2015-02-16T05:57:37.259-0800 [rsHealthPoll] warning: Failed to connect to 127.0.0.1:27018, reason: errno:61 Connection refused
2015-02-16T05:57:37.260-0800 [rsHealthPoll] couldn't connect to localhost:27018: couldn't connect to server localhost:27018 (127.0.0.1) failed, connection attempt failed
2015-02-16T05:57:37.263-0800 [rsHealthPoll] warning: Failed to connect to 127.0.0.1:27018, reason: errno:61 Connection refused
2015-02-16T05:57:37.264-0800 [rsHealthPoll] warning: Failed to connect to 127.0.0.1:27018, reason: errno:61 Connection refused
2015-02-16T05:57:37.264-0800 [rsHealthPoll] couldn't connect to localhost:27018: couldn't connect to server localhost:27018 (127.0.0.1) failed, connection attempt failed
2015-02-16T05:57:37.264-0800 [rsHealthPoll] replSet info localhost:27018 is down (or slow to respond): 
2015-02-16T05:57:37.265-0800 [rsHealthPoll] replSet member localhost:27018 is now in state DOWN
2015-02-16T05:57:37.278-0800 [rsHealthPoll] warning: Failed to connect to 127.0.0.1:27019, reason: errno:61 Connection refused
2015-02-16T05:57:37.279-0800 [rsHealthPoll] replset info localhost:27019 heartbeat failed, retrying
2015-02-16T05:57:37.300-0800 [rsHealthPoll] warning: Failed to connect to 127.0.0.1:27019, reason: errno:61 Connection refused
