2015-02-16T05:43:54.145-0800 [initandlisten] MongoDB starting : pid=26616 port=27018 dbpath=/data/rs2 64-bit host=xiaoyazi.home
2015-02-16T05:43:54.145-0800 [initandlisten] db version v2.6.4
2015-02-16T05:43:54.146-0800 [initandlisten] git version: 3a830be0eb92d772aa855ebb711ac91d658ee910
2015-02-16T05:43:54.146-0800 [initandlisten] build info: Darwin bs-osx108-4 12.5.0 Darwin Kernel Version 12.5.0: Sun Sep 29 13:33:47 PDT 2013; root:xnu-2050.48.12~1/RELEASE_X86_64 x86_64 BOOST_LIB_VERSION=1_49
2015-02-16T05:43:54.146-0800 [initandlisten] allocator: system
2015-02-16T05:43:54.146-0800 [initandlisten] options: { net: { port: 27018 }, processManagement: { fork: true }, replication: { oplogSizeMB: 64, replSet: "m101" }, storage: { dbPath: "/data/rs2", smallFiles: true }, systemLog: { destination: "file", path: "2.log" } }
2015-02-16T05:43:54.234-0800 [initandlisten] journal dir=/data/rs2/journal
2015-02-16T05:43:54.234-0800 [initandlisten] recover : no journal files present, no recovery needed
2015-02-16T05:43:54.427-0800 [FileAllocator] allocating new datafile /data/rs2/local.ns, filling with zeroes...
2015-02-16T05:43:54.427-0800 [FileAllocator] creating directory /data/rs2/_tmp
2015-02-16T05:43:54.492-0800 [FileAllocator] done allocating datafile /data/rs2/local.ns, size: 16MB,  took 0.064 secs
2015-02-16T05:43:54.621-0800 [FileAllocator] allocating new datafile /data/rs2/local.0, filling with zeroes...
2015-02-16T05:43:54.693-0800 [FileAllocator] done allocating datafile /data/rs2/local.0, size: 16MB,  took 0.071 secs
2015-02-16T05:43:54.857-0800 [initandlisten] build index on: local.startup_log properties: { v: 1, key: { _id: 1 }, name: "_id_", ns: "local.startup_log" }
2015-02-16T05:43:54.960-0800 [initandlisten] 	 added index to empty collection
2015-02-16T05:43:54.961-0800 [initandlisten] command local.$cmd command: create { create: "startup_log", size: 10485760, capped: true } ntoreturn:1 keyUpdates:0 numYields:0  reslen:37 534ms
2015-02-16T05:43:54.968-0800 [initandlisten] waiting for connections on port 27018
2015-02-16T05:43:54.977-0800 [rsStart] replSet can't get local.system.replset config from self or any seed (EMPTYCONFIG)
2015-02-16T05:43:54.977-0800 [rsStart] replSet info you may need to run replSetInitiate -- rs.initiate() in the shell -- if that is not already done
2015-02-16T05:43:55.982-0800 [rsStart] replSet can't get local.system.replset config from self or any seed (EMPTYCONFIG)
2015-02-16T05:43:56.986-0800 [rsStart] replSet can't get local.system.replset config from self or any seed (EMPTYCONFIG)
2015-02-16T05:43:57.990-0800 [rsStart] replSet can't get local.system.replset config from self or any seed (EMPTYCONFIG)
2015-02-16T05:43:58.994-0800 [rsStart] replSet can't get local.system.replset config from self or any seed (EMPTYCONFIG)
2015-02-16T05:43:59.998-0800 [rsStart] replSet can't get local.system.replset config from self or any seed (EMPTYCONFIG)
2015-02-16T05:44:01.003-0800 [rsStart] replSet can't get local.system.replset config from self or any seed (EMPTYCONFIG)
2015-02-16T05:44:02.009-0800 [rsStart] replSet can't get local.system.replset config from self or any seed (EMPTYCONFIG)
2015-02-16T05:44:03.016-0800 [rsStart] replSet can't get local.system.replset config from self or any seed (EMPTYCONFIG)
2015-02-16T05:44:04.022-0800 [rsStart] replSet can't get local.system.replset config from self or any seed (EMPTYCONFIG)
2015-02-16T05:44:05.027-0800 [rsStart] replSet can't get local.system.replset config from self or any seed (EMPTYCONFIG)
2015-02-16T05:44:06.032-0800 [rsStart] replSet can't get local.system.replset config from self or any seed (EMPTYCONFIG)
2015-02-16T05:44:07.034-0800 [rsStart] replSet can't get local.system.replset config from self or any seed (EMPTYCONFIG)
2015-02-16T05:44:08.036-0800 [rsStart] replSet can't get local.system.replset config from self or any seed (EMPTYCONFIG)
2015-02-16T05:44:09.040-0800 [rsStart] replSet can't get local.system.replset config from self or any seed (EMPTYCONFIG)
2015-02-16T05:44:10.044-0800 [rsStart] replSet can't get local.system.replset config from self or any seed (EMPTYCONFIG)
2015-02-16T05:44:11.048-0800 [rsStart] replSet can't get local.system.replset config from self or any seed (EMPTYCONFIG)
2015-02-16T05:44:12.051-0800 [rsStart] replSet can't get local.system.replset config from self or any seed (EMPTYCONFIG)
2015-02-16T05:44:13.054-0800 [rsStart] replSet can't get local.system.replset config from self or any seed (EMPTYCONFIG)
2015-02-16T05:44:14.059-0800 [rsStart] replSet can't get local.system.replset config from self or any seed (EMPTYCONFIG)
2015-02-16T05:44:15.062-0800 [rsStart] replSet can't get local.system.replset config from self or any seed (EMPTYCONFIG)
2015-02-16T05:44:16.065-0800 [rsStart] replSet can't get local.system.replset config from self or any seed (EMPTYCONFIG)
2015-02-16T05:44:17.073-0800 [rsStart] replSet can't get local.system.replset config from self or any seed (EMPTYCONFIG)
2015-02-16T05:44:18.082-0800 [rsStart] replSet can't get local.system.replset config from self or any seed (EMPTYCONFIG)
2015-02-16T05:44:19.084-0800 [rsStart] replSet can't get local.system.replset config from self or any seed (EMPTYCONFIG)
2015-02-16T05:44:20.087-0800 [rsStart] replSet can't get local.system.replset config from self or any seed (EMPTYCONFIG)
2015-02-16T05:44:21.092-0800 [rsStart] replSet can't get local.system.replset config from self or any seed (EMPTYCONFIG)
2015-02-16T05:44:22.098-0800 [rsStart] replSet can't get local.system.replset config from self or any seed (EMPTYCONFIG)
2015-02-16T05:44:23.103-0800 [rsStart] replSet can't get local.system.replset config from self or any seed (EMPTYCONFIG)
2015-02-16T05:44:24.109-0800 [rsStart] replSet can't get local.system.replset config from self or any seed (EMPTYCONFIG)
2015-02-16T05:44:25.110-0800 [rsStart] replSet can't get local.system.replset config from self or any seed (EMPTYCONFIG)
2015-02-16T05:44:26.114-0800 [rsStart] replSet can't get local.system.replset config from self or any seed (EMPTYCONFIG)
2015-02-16T05:44:27.117-0800 [rsStart] replSet can't get local.system.replset config from self or any seed (EMPTYCONFIG)
2015-02-16T05:44:28.122-0800 [rsStart] replSet can't get local.system.replset config from self or any seed (EMPTYCONFIG)
2015-02-16T05:44:29.128-0800 [rsStart] replSet can't get local.system.replset config from self or any seed (EMPTYCONFIG)
2015-02-16T05:44:30.133-0800 [rsStart] replSet can't get local.system.replset config from self or any seed (EMPTYCONFIG)
2015-02-16T05:44:31.137-0800 [rsStart] replSet can't get local.system.replset config from self or any seed (EMPTYCONFIG)
2015-02-16T05:44:32.138-0800 [rsStart] replSet can't get local.system.replset config from self or any seed (EMPTYCONFIG)
2015-02-16T05:44:33.141-0800 [rsStart] replSet can't get local.system.replset config from self or any seed (EMPTYCONFIG)
2015-02-16T05:44:34.146-0800 [rsStart] replSet can't get local.system.replset config from self or any seed (EMPTYCONFIG)
2015-02-16T05:44:35.148-0800 [rsStart] replSet can't get local.system.replset config from self or any seed (EMPTYCONFIG)
2015-02-16T05:44:36.153-0800 [rsStart] replSet can't get local.system.replset config from self or any seed (EMPTYCONFIG)
2015-02-16T05:44:37.157-0800 [rsStart] replSet can't get local.system.replset config from self or any seed (EMPTYCONFIG)
2015-02-16T05:44:38.159-0800 [rsStart] replSet can't get local.system.replset config from self or any seed (EMPTYCONFIG)
2015-02-16T05:44:39.160-0800 [rsStart] replSet can't get local.system.replset config from self or any seed (EMPTYCONFIG)
2015-02-16T05:44:40.164-0800 [rsStart] replSet can't get local.system.replset config from self or any seed (EMPTYCONFIG)
2015-02-16T05:44:41.167-0800 [rsStart] replSet can't get local.system.replset config from self or any seed (EMPTYCONFIG)
2015-02-16T05:44:42.168-0800 [rsStart] replSet can't get local.system.replset config from self or any seed (EMPTYCONFIG)
2015-02-16T05:44:43.172-0800 [rsStart] replSet can't get local.system.replset config from self or any seed (EMPTYCONFIG)
2015-02-16T05:44:44.178-0800 [rsStart] replSet can't get local.system.replset config from self or any seed (EMPTYCONFIG)
2015-02-16T05:44:45.184-0800 [rsStart] replSet can't get local.system.replset config from self or any seed (EMPTYCONFIG)
2015-02-16T05:44:46.187-0800 [rsStart] replSet can't get local.system.replset config from self or any seed (EMPTYCONFIG)
2015-02-16T05:44:47.191-0800 [rsStart] replSet can't get local.system.replset config from self or any seed (EMPTYCONFIG)
2015-02-16T05:44:48.195-0800 [rsStart] replSet can't get local.system.replset config from self or any seed (EMPTYCONFIG)
2015-02-16T05:44:49.201-0800 [rsStart] replSet can't get local.system.replset config from self or any seed (EMPTYCONFIG)
2015-02-16T05:44:50.203-0800 [rsStart] replSet can't get local.system.replset config from self or any seed (EMPTYCONFIG)
2015-02-16T05:44:51.205-0800 [rsStart] replSet can't get local.system.replset config from self or any seed (EMPTYCONFIG)
2015-02-16T05:44:52.210-0800 [rsStart] replSet can't get local.system.replset config from self or any seed (EMPTYCONFIG)
2015-02-16T05:44:53.215-0800 [rsStart] replSet can't get local.system.replset config from self or any seed (EMPTYCONFIG)
2015-02-16T05:44:54.221-0800 [rsStart] replSet can't get local.system.replset config from self or any seed (EMPTYCONFIG)
2015-02-16T05:44:54.474-0800 [clientcursormon] mem (MB) res:9 virt:2556
2015-02-16T05:44:54.475-0800 [clientcursormon]  mapped (incl journal view):64
2015-02-16T05:44:54.475-0800 [clientcursormon]  connections:0
2015-02-16T05:44:55.226-0800 [rsStart] replSet can't get local.system.replset config from self or any seed (EMPTYCONFIG)
2015-02-16T05:44:56.232-0800 [rsStart] replSet can't get local.system.replset config from self or any seed (EMPTYCONFIG)
2015-02-16T05:44:57.238-0800 [rsStart] replSet can't get local.system.replset config from self or any seed (EMPTYCONFIG)
2015-02-16T05:44:58.243-0800 [rsStart] replSet can't get local.system.replset config from self or any seed (EMPTYCONFIG)
2015-02-16T05:44:59.246-0800 [rsStart] replSet can't get local.system.replset config from self or any seed (EMPTYCONFIG)
2015-02-16T05:45:00.250-0800 [rsStart] replSet can't get local.system.replset config from self or any seed (EMPTYCONFIG)
2015-02-16T05:45:01.253-0800 [rsStart] replSet can't get local.system.replset config from self or any seed (EMPTYCONFIG)
2015-02-16T05:45:02.256-0800 [rsStart] replSet can't get local.system.replset config from self or any seed (EMPTYCONFIG)
2015-02-16T05:45:03.262-0800 [rsStart] replSet can't get local.system.replset config from self or any seed (EMPTYCONFIG)
2015-02-16T05:45:04.265-0800 [rsStart] replSet can't get local.system.replset config from self or any seed (EMPTYCONFIG)
2015-02-16T05:45:05.270-0800 [rsStart] replSet can't get local.system.replset config from self or any seed (EMPTYCONFIG)
2015-02-16T05:45:06.274-0800 [rsStart] replSet can't get local.system.replset config from self or any seed (EMPTYCONFIG)
2015-02-16T05:45:07.275-0800 [rsStart] replSet can't get local.system.replset config from self or any seed (EMPTYCONFIG)
2015-02-16T05:45:08.281-0800 [rsStart] replSet can't get local.system.replset config from self or any seed (EMPTYCONFIG)
2015-02-16T05:45:09.285-0800 [rsStart] replSet can't get local.system.replset config from self or any seed (EMPTYCONFIG)
2015-02-16T05:45:10.289-0800 [rsStart] replSet can't get local.system.replset config from self or any seed (EMPTYCONFIG)
2015-02-16T05:45:11.293-0800 [rsStart] replSet can't get local.system.replset config from self or any seed (EMPTYCONFIG)
2015-02-16T05:45:12.298-0800 [rsStart] replSet can't get local.system.replset config from self or any seed (EMPTYCONFIG)
2015-02-16T05:45:13.303-0800 [rsStart] replSet can't get local.system.replset config from self or any seed (EMPTYCONFIG)
2015-02-16T05:45:14.309-0800 [rsStart] replSet can't get local.system.replset config from self or any seed (EMPTYCONFIG)
2015-02-16T05:45:15.312-0800 [rsStart] replSet can't get local.system.replset config from self or any seed (EMPTYCONFIG)
2015-02-16T05:45:16.318-0800 [rsStart] replSet can't get local.system.replset config from self or any seed (EMPTYCONFIG)
2015-02-16T05:45:17.323-0800 [rsStart] replSet can't get local.system.replset config from self or any seed (EMPTYCONFIG)
2015-02-16T05:45:18.328-0800 [rsStart] replSet can't get local.system.replset config from self or any seed (EMPTYCONFIG)
2015-02-16T05:45:19.332-0800 [rsStart] replSet can't get local.system.replset config from self or any seed (EMPTYCONFIG)
2015-02-16T05:45:20.339-0800 [rsStart] replSet can't get local.system.replset config from self or any seed (EMPTYCONFIG)
2015-02-16T05:45:21.346-0800 [rsStart] replSet can't get local.system.replset config from self or any seed (EMPTYCONFIG)
2015-02-16T05:45:22.351-0800 [rsStart] replSet can't get local.system.replset config from self or any seed (EMPTYCONFIG)
2015-02-16T05:45:23.355-0800 [rsStart] replSet can't get local.system.replset config from self or any seed (EMPTYCONFIG)
2015-02-16T05:45:24.362-0800 [rsStart] replSet can't get local.system.replset config from self or any seed (EMPTYCONFIG)
2015-02-16T05:45:25.364-0800 [rsStart] replSet can't get local.system.replset config from self or any seed (EMPTYCONFIG)
2015-02-16T05:45:26.368-0800 [rsStart] replSet can't get local.system.replset config from self or any seed (EMPTYCONFIG)
2015-02-16T05:45:27.373-0800 [rsStart] replSet can't get local.system.replset config from self or any seed (EMPTYCONFIG)
2015-02-16T05:45:28.375-0800 [rsStart] replSet can't get local.system.replset config from self or any seed (EMPTYCONFIG)
2015-02-16T05:45:29.381-0800 [rsStart] replSet can't get local.system.replset config from self or any seed (EMPTYCONFIG)
2015-02-16T05:45:30.385-0800 [rsStart] replSet can't get local.system.replset config from self or any seed (EMPTYCONFIG)
2015-02-16T05:45:31.388-0800 [rsStart] replSet can't get local.system.replset config from self or any seed (EMPTYCONFIG)
2015-02-16T05:45:32.389-0800 [rsStart] replSet can't get local.system.replset config from self or any seed (EMPTYCONFIG)
2015-02-16T05:45:33.391-0800 [rsStart] replSet can't get local.system.replset config from self or any seed (EMPTYCONFIG)
2015-02-16T05:45:34.397-0800 [rsStart] replSet can't get local.system.replset config from self or any seed (EMPTYCONFIG)
2015-02-16T05:45:35.398-0800 [rsStart] replSet can't get local.system.replset config from self or any seed (EMPTYCONFIG)
2015-02-16T05:45:36.403-0800 [rsStart] replSet can't get local.system.replset config from self or any seed (EMPTYCONFIG)
2015-02-16T05:45:37.408-0800 [rsStart] replSet can't get local.system.replset config from self or any seed (EMPTYCONFIG)
2015-02-16T05:45:38.413-0800 [rsStart] replSet can't get local.system.replset config from self or any seed (EMPTYCONFIG)
2015-02-16T05:45:39.414-0800 [rsStart] replSet can't get local.system.replset config from self or any seed (EMPTYCONFIG)
2015-02-16T05:45:40.416-0800 [rsStart] replSet can't get local.system.replset config from self or any seed (EMPTYCONFIG)
2015-02-16T05:45:41.420-0800 [rsStart] replSet can't get local.system.replset config from self or any seed (EMPTYCONFIG)
2015-02-16T05:45:42.421-0800 [rsStart] replSet can't get local.system.replset config from self or any seed (EMPTYCONFIG)
2015-02-16T05:45:43.427-0800 [rsStart] replSet can't get local.system.replset config from self or any seed (EMPTYCONFIG)
2015-02-16T05:45:44.431-0800 [rsStart] replSet can't get local.system.replset config from self or any seed (EMPTYCONFIG)
2015-02-16T05:45:45.434-0800 [rsStart] replSet can't get local.system.replset config from self or any seed (EMPTYCONFIG)
2015-02-16T05:45:46.439-0800 [rsStart] replSet can't get local.system.replset config from self or any seed (EMPTYCONFIG)
2015-02-16T05:45:47.443-0800 [rsStart] replSet can't get local.system.replset config from self or any seed (EMPTYCONFIG)
2015-02-16T05:45:48.444-0800 [rsStart] replSet can't get local.system.replset config from self or any seed (EMPTYCONFIG)
2015-02-16T05:45:49.445-0800 [rsStart] replSet can't get local.system.replset config from self or any seed (EMPTYCONFIG)
2015-02-16T05:45:50.449-0800 [rsStart] replSet can't get local.system.replset config from self or any seed (EMPTYCONFIG)
2015-02-16T05:45:51.454-0800 [rsStart] replSet can't get local.system.replset config from self or any seed (EMPTYCONFIG)
2015-02-16T05:45:52.459-0800 [rsStart] replSet can't get local.system.replset config from self or any seed (EMPTYCONFIG)
2015-02-16T05:45:53.461-0800 [rsStart] replSet can't get local.system.replset config from self or any seed (EMPTYCONFIG)
2015-02-16T05:45:54.465-0800 [rsStart] replSet can't get local.system.replset config from self or any seed (EMPTYCONFIG)
2015-02-16T05:45:55.470-0800 [rsStart] replSet can't get local.system.replset config from self or any seed (EMPTYCONFIG)
2015-02-16T05:45:56.473-0800 [rsStart] replSet can't get local.system.replset config from self or any seed (EMPTYCONFIG)
2015-02-16T05:45:57.478-0800 [rsStart] replSet can't get local.system.replset config from self or any seed (EMPTYCONFIG)
2015-02-16T05:45:58.483-0800 [rsStart] replSet can't get local.system.replset config from self or any seed (EMPTYCONFIG)
2015-02-16T05:45:59.487-0800 [rsStart] replSet can't get local.system.replset config from self or any seed (EMPTYCONFIG)
2015-02-16T05:46:00.491-0800 [rsStart] replSet can't get local.system.replset config from self or any seed (EMPTYCONFIG)
2015-02-16T05:46:01.494-0800 [rsStart] replSet can't get local.system.replset config from self or any seed (EMPTYCONFIG)
2015-02-16T05:46:02.499-0800 [rsStart] replSet can't get local.system.replset config from self or any seed (EMPTYCONFIG)
2015-02-16T05:46:03.502-0800 [rsStart] replSet can't get local.system.replset config from self or any seed (EMPTYCONFIG)
2015-02-16T05:46:04.506-0800 [rsStart] replSet can't get local.system.replset config from self or any seed (EMPTYCONFIG)
2015-02-16T05:46:05.509-0800 [rsStart] replSet can't get local.system.replset config from self or any seed (EMPTYCONFIG)
2015-02-16T05:46:06.512-0800 [rsStart] replSet can't get local.system.replset config from self or any seed (EMPTYCONFIG)
2015-02-16T05:46:07.514-0800 [rsStart] replSet can't get local.system.replset config from self or any seed (EMPTYCONFIG)
2015-02-16T05:46:08.515-0800 [rsStart] replSet can't get local.system.replset config from self or any seed (EMPTYCONFIG)
2015-02-16T05:46:09.520-0800 [rsStart] replSet can't get local.system.replset config from self or any seed (EMPTYCONFIG)
2015-02-16T05:46:10.524-0800 [rsStart] replSet can't get local.system.replset config from self or any seed (EMPTYCONFIG)
2015-02-16T05:46:11.529-0800 [rsStart] replSet can't get local.system.replset config from self or any seed (EMPTYCONFIG)
2015-02-16T05:46:12.532-0800 [rsStart] replSet can't get local.system.replset config from self or any seed (EMPTYCONFIG)
2015-02-16T05:46:13.533-0800 [rsStart] replSet can't get local.system.replset config from self or any seed (EMPTYCONFIG)
2015-02-16T05:46:14.538-0800 [rsStart] replSet can't get local.system.replset config from self or any seed (EMPTYCONFIG)
2015-02-16T05:46:15.544-0800 [rsStart] replSet can't get local.system.replset config from self or any seed (EMPTYCONFIG)
2015-02-16T05:46:16.546-0800 [rsStart] replSet can't get local.system.replset config from self or any seed (EMPTYCONFIG)
2015-02-16T05:46:17.551-0800 [rsStart] replSet can't get local.system.replset config from self or any seed (EMPTYCONFIG)
2015-02-16T05:46:18.555-0800 [rsStart] replSet can't get local.system.replset config from self or any seed (EMPTYCONFIG)
2015-02-16T05:46:19.560-0800 [rsStart] replSet can't get local.system.replset config from self or any seed (EMPTYCONFIG)
2015-02-16T05:46:20.564-0800 [rsStart] replSet can't get local.system.replset config from self or any seed (EMPTYCONFIG)
2015-02-16T05:46:21.567-0800 [rsStart] replSet can't get local.system.replset config from self or any seed (EMPTYCONFIG)
2015-02-16T05:46:22.572-0800 [rsStart] replSet can't get local.system.replset config from self or any seed (EMPTYCONFIG)
2015-02-16T05:46:23.577-0800 [rsStart] replSet can't get local.system.replset config from self or any seed (EMPTYCONFIG)
2015-02-16T05:46:24.580-0800 [rsStart] replSet can't get local.system.replset config from self or any seed (EMPTYCONFIG)
2015-02-16T05:46:25.586-0800 [rsStart] replSet can't get local.system.replset config from self or any seed (EMPTYCONFIG)
2015-02-16T05:46:26.589-0800 [rsStart] replSet can't get local.system.replset config from self or any seed (EMPTYCONFIG)
2015-02-16T05:46:27.592-0800 [rsStart] replSet can't get local.system.replset config from self or any seed (EMPTYCONFIG)
2015-02-16T05:46:28.597-0800 [rsStart] replSet can't get local.system.replset config from self or any seed (EMPTYCONFIG)
2015-02-16T05:46:29.602-0800 [rsStart] replSet can't get local.system.replset config from self or any seed (EMPTYCONFIG)
2015-02-16T05:46:30.608-0800 [rsStart] replSet can't get local.system.replset config from self or any seed (EMPTYCONFIG)
2015-02-16T05:46:31.612-0800 [rsStart] replSet can't get local.system.replset config from self or any seed (EMPTYCONFIG)
2015-02-16T05:46:32.617-0800 [rsStart] replSet can't get local.system.replset config from self or any seed (EMPTYCONFIG)
2015-02-16T05:46:33.621-0800 [rsStart] replSet can't get local.system.replset config from self or any seed (EMPTYCONFIG)
2015-02-16T05:46:34.628-0800 [rsStart] replSet can't get local.system.replset config from self or any seed (EMPTYCONFIG)
2015-02-16T05:46:35.630-0800 [rsStart] replSet can't get local.system.replset config from self or any seed (EMPTYCONFIG)
2015-02-16T05:46:36.631-0800 [rsStart] replSet can't get local.system.replset config from self or any seed (EMPTYCONFIG)
2015-02-16T05:46:37.636-0800 [rsStart] replSet can't get local.system.replset config from self or any seed (EMPTYCONFIG)
2015-02-16T05:46:38.642-0800 [rsStart] replSet can't get local.system.replset config from self or any seed (EMPTYCONFIG)
2015-02-16T05:46:39.647-0800 [rsStart] replSet can't get local.system.replset config from self or any seed (EMPTYCONFIG)
2015-02-16T05:46:40.653-0800 [rsStart] replSet can't get local.system.replset config from self or any seed (EMPTYCONFIG)
2015-02-16T05:46:41.654-0800 [rsStart] replSet can't get local.system.replset config from self or any seed (EMPTYCONFIG)
2015-02-16T05:46:42.655-0800 [rsStart] replSet can't get local.system.replset config from self or any seed (EMPTYCONFIG)
2015-02-16T05:46:43.658-0800 [rsStart] replSet can't get local.system.replset config from self or any seed (EMPTYCONFIG)
2015-02-16T05:46:44.660-0800 [rsStart] replSet can't get local.system.replset config from self or any seed (EMPTYCONFIG)
2015-02-16T05:46:45.663-0800 [rsStart] replSet can't get local.system.replset config from self or any seed (EMPTYCONFIG)
2015-02-16T05:46:46.664-0800 [rsStart] replSet can't get local.system.replset config from self or any seed (EMPTYCONFIG)
2015-02-16T05:46:47.666-0800 [rsStart] replSet can't get local.system.replset config from self or any seed (EMPTYCONFIG)
2015-02-16T05:46:48.672-0800 [rsStart] replSet can't get local.system.replset config from self or any seed (EMPTYCONFIG)
2015-02-16T05:46:49.678-0800 [rsStart] replSet can't get local.system.replset config from self or any seed (EMPTYCONFIG)
2015-02-16T05:46:50.682-0800 [rsStart] replSet can't get local.system.replset config from self or any seed (EMPTYCONFIG)
2015-02-16T05:46:51.687-0800 [rsStart] replSet can't get local.system.replset config from self or any seed (EMPTYCONFIG)
2015-02-16T05:46:52.692-0800 [rsStart] replSet can't get local.system.replset config from self or any seed (EMPTYCONFIG)
2015-02-16T05:46:53.694-0800 [rsStart] replSet can't get local.system.replset config from self or any seed (EMPTYCONFIG)
2015-02-16T05:46:54.699-0800 [rsStart] replSet can't get local.system.replset config from self or any seed (EMPTYCONFIG)
2015-02-16T05:46:55.703-0800 [rsStart] replSet can't get local.system.replset config from self or any seed (EMPTYCONFIG)
2015-02-16T05:46:56.707-0800 [rsStart] replSet can't get local.system.replset config from self or any seed (EMPTYCONFIG)
2015-02-16T05:46:57.712-0800 [rsStart] replSet can't get local.system.replset config from self or any seed (EMPTYCONFIG)
2015-02-16T05:46:58.716-0800 [rsStart] replSet can't get local.system.replset config from self or any seed (EMPTYCONFIG)
2015-02-16T05:46:59.720-0800 [rsStart] replSet can't get local.system.replset config from self or any seed (EMPTYCONFIG)
2015-02-16T05:47:00.721-0800 [rsStart] replSet can't get local.system.replset config from self or any seed (EMPTYCONFIG)
2015-02-16T05:47:01.729-0800 [rsStart] replSet can't get local.system.replset config from self or any seed (EMPTYCONFIG)
2015-02-16T05:47:02.732-0800 [rsStart] replSet can't get local.system.replset config from self or any seed (EMPTYCONFIG)
2015-02-16T05:47:03.738-0800 [rsStart] replSet can't get local.system.replset config from self or any seed (EMPTYCONFIG)
2015-02-16T05:47:04.742-0800 [rsStart] replSet can't get local.system.replset config from self or any seed (EMPTYCONFIG)
2015-02-16T05:47:05.746-0800 [rsStart] replSet can't get local.system.replset config from self or any seed (EMPTYCONFIG)
2015-02-16T05:47:06.750-0800 [rsStart] replSet can't get local.system.replset config from self or any seed (EMPTYCONFIG)
2015-02-16T05:47:07.756-0800 [rsStart] replSet can't get local.system.replset config from self or any seed (EMPTYCONFIG)
2015-02-16T05:47:08.763-0800 [rsStart] replSet can't get local.system.replset config from self or any seed (EMPTYCONFIG)
2015-02-16T05:47:09.769-0800 [rsStart] replSet can't get local.system.replset config from self or any seed (EMPTYCONFIG)
2015-02-16T05:47:10.770-0800 [rsStart] replSet can't get local.system.replset config from self or any seed (EMPTYCONFIG)
2015-02-16T05:47:11.775-0800 [rsStart] replSet can't get local.system.replset config from self or any seed (EMPTYCONFIG)
2015-02-16T05:47:12.779-0800 [rsStart] replSet can't get local.system.replset config from self or any seed (EMPTYCONFIG)
2015-02-16T05:47:13.785-0800 [rsStart] replSet can't get local.system.replset config from self or any seed (EMPTYCONFIG)
2015-02-16T05:47:14.791-0800 [rsStart] replSet can't get local.system.replset config from self or any seed (EMPTYCONFIG)
2015-02-16T05:47:15.793-0800 [rsStart] replSet can't get local.system.replset config from self or any seed (EMPTYCONFIG)
2015-02-16T05:47:16.798-0800 [rsStart] replSet can't get local.system.replset config from self or any seed (EMPTYCONFIG)
2015-02-16T05:47:17.801-0800 [rsStart] replSet can't get local.system.replset config from self or any seed (EMPTYCONFIG)
2015-02-16T05:47:18.803-0800 [rsStart] replSet can't get local.system.replset config from self or any seed (EMPTYCONFIG)
2015-02-16T05:47:19.809-0800 [rsStart] replSet can't get local.system.replset config from self or any seed (EMPTYCONFIG)
2015-02-16T05:47:20.814-0800 [rsStart] replSet can't get local.system.replset config from self or any seed (EMPTYCONFIG)
2015-02-16T05:47:21.819-0800 [rsStart] replSet can't get local.system.replset config from self or any seed (EMPTYCONFIG)
2015-02-16T05:47:22.821-0800 [rsStart] replSet can't get local.system.replset config from self or any seed (EMPTYCONFIG)
2015-02-16T05:47:23.825-0800 [rsStart] replSet can't get local.system.replset config from self or any seed (EMPTYCONFIG)
2015-02-16T05:47:24.830-0800 [rsStart] replSet can't get local.system.replset config from self or any seed (EMPTYCONFIG)
2015-02-16T05:47:25.835-0800 [rsStart] replSet can't get local.system.replset config from self or any seed (EMPTYCONFIG)
2015-02-16T05:47:26.837-0800 [rsStart] replSet can't get local.system.replset config from self or any seed (EMPTYCONFIG)
2015-02-16T05:47:27.842-0800 [rsStart] replSet can't get local.system.replset config from self or any seed (EMPTYCONFIG)
2015-02-16T05:47:28.848-0800 [rsStart] replSet can't get local.system.replset config from self or any seed (EMPTYCONFIG)
2015-02-16T05:47:29.849-0800 [rsStart] replSet can't get local.system.replset config from self or any seed (EMPTYCONFIG)
2015-02-16T05:47:30.854-0800 [rsStart] replSet can't get local.system.replset config from self or any seed (EMPTYCONFIG)
2015-02-16T05:47:31.860-0800 [rsStart] replSet can't get local.system.replset config from self or any seed (EMPTYCONFIG)
2015-02-16T05:47:32.863-0800 [rsStart] replSet can't get local.system.replset config from self or any seed (EMPTYCONFIG)
2015-02-16T05:47:33.866-0800 [rsStart] replSet can't get local.system.replset config from self or any seed (EMPTYCONFIG)
2015-02-16T05:47:34.869-0800 [rsStart] replSet can't get local.system.replset config from self or any seed (EMPTYCONFIG)
2015-02-16T05:47:35.874-0800 [rsStart] replSet can't get local.system.replset config from self or any seed (EMPTYCONFIG)
2015-02-16T05:47:36.879-0800 [rsStart] replSet can't get local.system.replset config from self or any seed (EMPTYCONFIG)
2015-02-16T05:47:37.885-0800 [rsStart] replSet can't get local.system.replset config from self or any seed (EMPTYCONFIG)
2015-02-16T05:47:38.891-0800 [rsStart] replSet can't get local.system.replset config from self or any seed (EMPTYCONFIG)
2015-02-16T05:47:39.895-0800 [rsStart] replSet can't get local.system.replset config from self or any seed (EMPTYCONFIG)
2015-02-16T05:47:40.896-0800 [rsStart] replSet can't get local.system.replset config from self or any seed (EMPTYCONFIG)
2015-02-16T05:47:41.900-0800 [rsStart] replSet can't get local.system.replset config from self or any seed (EMPTYCONFIG)
2015-02-16T05:47:42.905-0800 [rsStart] replSet can't get local.system.replset config from self or any seed (EMPTYCONFIG)
2015-02-16T05:47:43.910-0800 [rsStart] replSet can't get local.system.replset config from self or any seed (EMPTYCONFIG)
2015-02-16T05:47:44.915-0800 [rsStart] replSet can't get local.system.replset config from self or any seed (EMPTYCONFIG)
2015-02-16T05:47:45.920-0800 [rsStart] replSet can't get local.system.replset config from self or any seed (EMPTYCONFIG)
2015-02-16T05:47:46.927-0800 [rsStart] replSet can't get local.system.replset config from self or any seed (EMPTYCONFIG)
2015-02-16T05:47:47.931-0800 [rsStart] replSet can't get local.system.replset config from self or any seed (EMPTYCONFIG)
2015-02-16T05:47:48.937-0800 [rsStart] replSet can't get local.system.replset config from self or any seed (EMPTYCONFIG)
2015-02-16T05:47:49.943-0800 [rsStart] replSet can't get local.system.replset config from self or any seed (EMPTYCONFIG)
2015-02-16T05:47:50.948-0800 [rsStart] replSet can't get local.system.replset config from self or any seed (EMPTYCONFIG)
2015-02-16T05:47:51.950-0800 [rsStart] replSet can't get local.system.replset config from self or any seed (EMPTYCONFIG)
2015-02-16T05:47:52.952-0800 [rsStart] replSet can't get local.system.replset config from self or any seed (EMPTYCONFIG)
2015-02-16T05:47:53.958-0800 [rsStart] replSet can't get local.system.replset config from self or any seed (EMPTYCONFIG)
2015-02-16T05:47:54.964-0800 [rsStart] replSet can't get local.system.replset config from self or any seed (EMPTYCONFIG)
2015-02-16T05:47:55.967-0800 [rsStart] replSet can't get local.system.replset config from self or any seed (EMPTYCONFIG)
2015-02-16T05:47:56.972-0800 [rsStart] replSet can't get local.system.replset config from self or any seed (EMPTYCONFIG)
2015-02-16T05:47:57.973-0800 [rsStart] replSet can't get local.system.replset config from self or any seed (EMPTYCONFIG)
2015-02-16T05:47:58.977-0800 [rsStart] replSet can't get local.system.replset config from self or any seed (EMPTYCONFIG)
2015-02-16T05:47:59.981-0800 [rsStart] replSet can't get local.system.replset config from self or any seed (EMPTYCONFIG)
2015-02-16T05:48:00.987-0800 [rsStart] replSet can't get local.system.replset config from self or any seed (EMPTYCONFIG)
2015-02-16T05:48:01.991-0800 [rsStart] replSet can't get local.system.replset config from self or any seed (EMPTYCONFIG)
2015-02-16T05:48:02.997-0800 [rsStart] replSet can't get local.system.replset config from self or any seed (EMPTYCONFIG)
2015-02-16T05:48:04.003-0800 [rsStart] replSet can't get local.system.replset config from self or any seed (EMPTYCONFIG)
2015-02-16T05:48:05.006-0800 [rsStart] replSet can't get local.system.replset config from self or any seed (EMPTYCONFIG)
2015-02-16T05:48:06.010-0800 [rsStart] replSet can't get local.system.replset config from self or any seed (EMPTYCONFIG)
2015-02-16T05:48:07.014-0800 [rsStart] replSet can't get local.system.replset config from self or any seed (EMPTYCONFIG)
2015-02-16T05:48:08.019-0800 [rsStart] replSet can't get local.system.replset config from self or any seed (EMPTYCONFIG)
2015-02-16T05:48:09.024-0800 [rsStart] replSet can't get local.system.replset config from self or any seed (EMPTYCONFIG)
2015-02-16T05:48:10.028-0800 [rsStart] replSet can't get local.system.replset config from self or any seed (EMPTYCONFIG)
2015-02-16T05:48:11.029-0800 [rsStart] replSet can't get local.system.replset config from self or any seed (EMPTYCONFIG)
2015-02-16T05:48:12.034-0800 [rsStart] replSet can't get local.system.replset config from self or any seed (EMPTYCONFIG)
2015-02-16T05:48:13.038-0800 [rsStart] replSet can't get local.system.replset config from self or any seed (EMPTYCONFIG)
2015-02-16T05:48:14.041-0800 [rsStart] replSet can't get local.system.replset config from self or any seed (EMPTYCONFIG)
2015-02-16T05:48:15.044-0800 [rsStart] replSet can't get local.system.replset config from self or any seed (EMPTYCONFIG)
2015-02-16T05:48:16.048-0800 [rsStart] replSet can't get local.system.replset config from self or any seed (EMPTYCONFIG)
2015-02-16T05:48:17.054-0800 [rsStart] replSet can't get local.system.replset config from self or any seed (EMPTYCONFIG)
2015-02-16T05:48:18.060-0800 [rsStart] replSet can't get local.system.replset config from self or any seed (EMPTYCONFIG)
2015-02-16T05:48:19.061-0800 [rsStart] replSet can't get local.system.replset config from self or any seed (EMPTYCONFIG)
2015-02-16T05:48:20.065-0800 [rsStart] replSet can't get local.system.replset config from self or any seed (EMPTYCONFIG)
2015-02-16T05:48:21.071-0800 [rsStart] replSet can't get local.system.replset config from self or any seed (EMPTYCONFIG)
2015-02-16T05:48:22.076-0800 [rsStart] replSet can't get local.system.replset config from self or any seed (EMPTYCONFIG)
2015-02-16T05:48:23.085-0800 [rsStart] replSet can't get local.system.replset config from self or any seed (EMPTYCONFIG)
2015-02-16T05:48:24.104-0800 [rsStart] replSet can't get local.system.replset config from self or any seed (EMPTYCONFIG)
2015-02-16T05:48:25.107-0800 [rsStart] replSet can't get local.system.replset config from self or any seed (EMPTYCONFIG)
2015-02-16T05:48:26.109-0800 [rsStart] replSet can't get local.system.replset config from self or any seed (EMPTYCONFIG)
2015-02-16T05:48:27.116-0800 [rsStart] replSet can't get local.system.replset config from self or any seed (EMPTYCONFIG)
2015-02-16T05:48:28.120-0800 [rsStart] replSet can't get local.system.replset config from self or any seed (EMPTYCONFIG)
2015-02-16T05:48:29.124-0800 [rsStart] replSet can't get local.system.replset config from self or any seed (EMPTYCONFIG)
2015-02-16T05:48:30.129-0800 [rsStart] replSet can't get local.system.replset config from self or any seed (EMPTYCONFIG)
2015-02-16T05:48:31.130-0800 [rsStart] replSet can't get local.system.replset config from self or any seed (EMPTYCONFIG)
2015-02-16T05:48:32.135-0800 [rsStart] replSet can't get local.system.replset config from self or any seed (EMPTYCONFIG)
2015-02-16T05:48:33.139-0800 [rsStart] replSet can't get local.system.replset config from self or any seed (EMPTYCONFIG)
2015-02-16T05:48:34.140-0800 [rsStart] replSet can't get local.system.replset config from self or any seed (EMPTYCONFIG)
2015-02-16T05:48:35.141-0800 [rsStart] replSet can't get local.system.replset config from self or any seed (EMPTYCONFIG)
2015-02-16T05:48:36.145-0800 [rsStart] replSet can't get local.system.replset config from self or any seed (EMPTYCONFIG)
2015-02-16T05:48:37.146-0800 [rsStart] replSet can't get local.system.replset config from self or any seed (EMPTYCONFIG)
2015-02-16T05:48:38.151-0800 [rsStart] replSet can't get local.system.replset config from self or any seed (EMPTYCONFIG)
2015-02-16T05:48:39.154-0800 [rsStart] replSet can't get local.system.replset config from self or any seed (EMPTYCONFIG)
2015-02-16T05:48:40.161-0800 [rsStart] replSet can't get local.system.replset config from self or any seed (EMPTYCONFIG)
2015-02-16T05:48:41.163-0800 [rsStart] replSet can't get local.system.replset config from self or any seed (EMPTYCONFIG)
2015-02-16T05:48:42.170-0800 [rsStart] replSet can't get local.system.replset config from self or any seed (EMPTYCONFIG)
2015-02-16T05:48:43.176-0800 [rsStart] replSet can't get local.system.replset config from self or any seed (EMPTYCONFIG)
2015-02-16T05:48:44.179-0800 [rsStart] replSet can't get local.system.replset config from self or any seed (EMPTYCONFIG)
2015-02-16T05:48:45.183-0800 [rsStart] replSet can't get local.system.replset config from self or any seed (EMPTYCONFIG)
2015-02-16T05:48:46.187-0800 [rsStart] replSet can't get local.system.replset config from self or any seed (EMPTYCONFIG)
2015-02-16T05:48:47.189-0800 [rsStart] replSet can't get local.system.replset config from self or any seed (EMPTYCONFIG)
2015-02-16T05:48:48.195-0800 [rsStart] replSet can't get local.system.replset config from self or any seed (EMPTYCONFIG)
2015-02-16T05:48:49.197-0800 [rsStart] replSet can't get local.system.replset config from self or any seed (EMPTYCONFIG)
2015-02-16T05:48:50.199-0800 [rsStart] replSet can't get local.system.replset config from self or any seed (EMPTYCONFIG)
2015-02-16T05:48:51.205-0800 [rsStart] replSet can't get local.system.replset config from self or any seed (EMPTYCONFIG)
2015-02-16T05:48:52.208-0800 [rsStart] replSet can't get local.system.replset config from self or any seed (EMPTYCONFIG)
2015-02-16T05:48:53.211-0800 [rsStart] replSet can't get local.system.replset config from self or any seed (EMPTYCONFIG)
2015-02-16T05:48:54.215-0800 [rsStart] replSet can't get local.system.replset config from self or any seed (EMPTYCONFIG)
2015-02-16T05:48:55.221-0800 [rsStart] replSet can't get local.system.replset config from self or any seed (EMPTYCONFIG)
2015-02-16T05:48:56.226-0800 [rsStart] replSet can't get local.system.replset config from self or any seed (EMPTYCONFIG)
2015-02-16T05:48:56.822-0800 [initandlisten] connection accepted from 127.0.0.1:56224 #1 (1 connection now open)
2015-02-16T05:48:57.228-0800 [rsStart] replSet can't get local.system.replset config from self or any seed (EMPTYCONFIG)
2015-02-16T05:48:58.231-0800 [rsStart] replSet can't get local.system.replset config from self or any seed (EMPTYCONFIG)
2015-02-16T05:48:59.236-0800 [rsStart] replSet can't get local.system.replset config from self or any seed (EMPTYCONFIG)
2015-02-16T05:49:00.239-0800 [rsStart] replSet can't get local.system.replset config from self or any seed (EMPTYCONFIG)
2015-02-16T05:49:01.248-0800 [rsStart] replSet can't get local.system.replset config from self or any seed (EMPTYCONFIG)
2015-02-16T05:49:02.251-0800 [rsStart] replSet can't get local.system.replset config from self or any seed (EMPTYCONFIG)
2015-02-16T05:49:03.257-0800 [rsStart] replSet can't get local.system.replset config from self or any seed (EMPTYCONFIG)
2015-02-16T05:49:04.264-0800 [rsStart] replSet can't get local.system.replset config from self or any seed (EMPTYCONFIG)
2015-02-16T05:49:05.269-0800 [rsStart] replSet can't get local.system.replset config from self or any seed (EMPTYCONFIG)
2015-02-16T05:49:06.273-0800 [rsStart] replSet can't get local.system.replset config from self or any seed (EMPTYCONFIG)
2015-02-16T05:49:07.277-0800 [rsStart] replSet can't get local.system.replset config from self or any seed (EMPTYCONFIG)
2015-02-16T05:49:08.279-0800 [rsStart] replSet can't get local.system.replset config from self or any seed (EMPTYCONFIG)
2015-02-16T05:49:09.284-0800 [rsStart] replSet can't get local.system.replset config from self or any seed (EMPTYCONFIG)
2015-02-16T05:49:10.287-0800 [rsStart] replSet can't get local.system.replset config from self or any seed (EMPTYCONFIG)
2015-02-16T05:49:11.290-0800 [rsStart] replSet can't get local.system.replset config from self or any seed (EMPTYCONFIG)
2015-02-16T05:49:12.296-0800 [rsStart] replSet can't get local.system.replset config from self or any seed (EMPTYCONFIG)
2015-02-16T05:49:13.302-0800 [rsStart] replSet can't get local.system.replset config from self or any seed (EMPTYCONFIG)
2015-02-16T05:49:14.308-0800 [rsStart] replSet can't get local.system.replset config from self or any seed (EMPTYCONFIG)
2015-02-16T05:49:15.312-0800 [rsStart] replSet can't get local.system.replset config from self or any seed (EMPTYCONFIG)
2015-02-16T05:49:16.315-0800 [rsStart] replSet can't get local.system.replset config from self or any seed (EMPTYCONFIG)
2015-02-16T05:49:17.320-0800 [rsStart] replSet can't get local.system.replset config from self or any seed (EMPTYCONFIG)
2015-02-16T05:49:18.326-0800 [rsStart] replSet can't get local.system.replset config from self or any seed (EMPTYCONFIG)
2015-02-16T05:49:19.331-0800 [rsStart] replSet can't get local.system.replset config from self or any seed (EMPTYCONFIG)
2015-02-16T05:49:20.337-0800 [rsStart] replSet can't get local.system.replset config from self or any seed (EMPTYCONFIG)
2015-02-16T05:49:21.343-0800 [rsStart] replSet can't get local.system.replset config from self or any seed (EMPTYCONFIG)
2015-02-16T05:49:21.424-0800 [conn1] end connection 127.0.0.1:56224 (0 connections now open)
2015-02-16T05:49:22.345-0800 [rsStart] replSet can't get local.system.replset config from self or any seed (EMPTYCONFIG)
2015-02-16T05:49:23.351-0800 [rsStart] replSet can't get local.system.replset config from self or any seed (EMPTYCONFIG)
2015-02-16T05:49:24.356-0800 [rsStart] replSet can't get local.system.replset config from self or any seed (EMPTYCONFIG)
2015-02-16T05:49:25.360-0800 [rsStart] replSet can't get local.system.replset config from self or any seed (EMPTYCONFIG)
2015-02-16T05:49:26.364-0800 [rsStart] replSet can't get local.system.replset config from self or any seed (EMPTYCONFIG)
2015-02-16T05:49:27.367-0800 [rsStart] replSet can't get local.system.replset config from self or any seed (EMPTYCONFIG)
2015-02-16T05:49:28.371-0800 [rsStart] replSet can't get local.system.replset config from self or any seed (EMPTYCONFIG)
2015-02-16T05:49:29.377-0800 [rsStart] replSet can't get local.system.replset config from self or any seed (EMPTYCONFIG)
2015-02-16T05:49:30.382-0800 [rsStart] replSet can't get local.system.replset config from self or any seed (EMPTYCONFIG)
2015-02-16T05:49:30.971-0800 [initandlisten] connection accepted from 127.0.0.1:56225 #2 (1 connection now open)
2015-02-16T05:49:30.985-0800 [conn2] replSet replSetInitiate admin command received from client
2015-02-16T05:49:30.998-0800 [conn2] replSet cfg parsing exception for members[0] unexpected field 'slavedelay' in object
2015-02-16T05:49:30.999-0800 [conn2] replSet replSetInitiate exception: bad config for member[0] unexpected field 'slavedelay' in object
2015-02-16T05:49:31.013-0800 [conn2] end connection 127.0.0.1:56225 (0 connections now open)
2015-02-16T05:49:31.388-0800 [rsStart] replSet can't get local.system.replset config from self or any seed (EMPTYCONFIG)
2015-02-16T05:49:32.393-0800 [rsStart] replSet can't get local.system.replset config from self or any seed (EMPTYCONFIG)
2015-02-16T05:49:33.397-0800 [rsStart] replSet can't get local.system.replset config from self or any seed (EMPTYCONFIG)
2015-02-16T05:49:34.402-0800 [rsStart] replSet can't get local.system.replset config from self or any seed (EMPTYCONFIG)
2015-02-16T05:49:35.404-0800 [rsStart] replSet can't get local.system.replset config from self or any seed (EMPTYCONFIG)
2015-02-16T05:49:36.406-0800 [rsStart] replSet can't get local.system.replset config from self or any seed (EMPTYCONFIG)
2015-02-16T05:49:37.411-0800 [rsStart] replSet can't get local.system.replset config from self or any seed (EMPTYCONFIG)
2015-02-16T05:49:38.417-0800 [rsStart] replSet can't get local.system.replset config from self or any seed (EMPTYCONFIG)
2015-02-16T05:49:39.422-0800 [rsStart] replSet can't get local.system.replset config from self or any seed (EMPTYCONFIG)
2015-02-16T05:49:40.428-0800 [rsStart] replSet can't get local.system.replset config from self or any seed (EMPTYCONFIG)
2015-02-16T05:49:41.433-0800 [rsStart] replSet can't get local.system.replset config from self or any seed (EMPTYCONFIG)
2015-02-16T05:49:42.438-0800 [rsStart] replSet can't get local.system.replset config from self or any seed (EMPTYCONFIG)
2015-02-16T05:49:43.441-0800 [rsStart] replSet can't get local.system.replset config from self or any seed (EMPTYCONFIG)
2015-02-16T05:49:44.446-0800 [rsStart] replSet can't get local.system.replset config from self or any seed (EMPTYCONFIG)
2015-02-16T05:49:45.448-0800 [rsStart] replSet can't get local.system.replset config from self or any seed (EMPTYCONFIG)
2015-02-16T05:49:46.453-0800 [rsStart] replSet can't get local.system.replset config from self or any seed (EMPTYCONFIG)
2015-02-16T05:49:47.458-0800 [rsStart] replSet can't get local.system.replset config from self or any seed (EMPTYCONFIG)
2015-02-16T05:49:48.463-0800 [rsStart] replSet can't get local.system.replset config from self or any seed (EMPTYCONFIG)
2015-02-16T05:49:49.471-0800 [rsStart] replSet can't get local.system.replset config from self or any seed (EMPTYCONFIG)
2015-02-16T05:49:50.473-0800 [rsStart] replSet can't get local.system.replset config from self or any seed (EMPTYCONFIG)
2015-02-16T05:49:51.477-0800 [rsStart] replSet can't get local.system.replset config from self or any seed (EMPTYCONFIG)
2015-02-16T05:49:52.481-0800 [rsStart] replSet can't get local.system.replset config from self or any seed (EMPTYCONFIG)
2015-02-16T05:49:53.485-0800 [rsStart] replSet can't get local.system.replset config from self or any seed (EMPTYCONFIG)
2015-02-16T05:49:54.490-0800 [rsStart] replSet can't get local.system.replset config from self or any seed (EMPTYCONFIG)
2015-02-16T05:49:54.747-0800 [clientcursormon] mem (MB) res:10 virt:2556
2015-02-16T05:49:54.748-0800 [clientcursormon]  mapped (incl journal view):64
2015-02-16T05:49:54.748-0800 [clientcursormon]  connections:0
2015-02-16T05:49:55.495-0800 [rsStart] replSet can't get local.system.replset config from self or any seed (EMPTYCONFIG)
2015-02-16T05:49:56.501-0800 [rsStart] replSet can't get local.system.replset config from self or any seed (EMPTYCONFIG)
2015-02-16T05:49:57.507-0800 [rsStart] replSet can't get local.system.replset config from self or any seed (EMPTYCONFIG)
2015-02-16T05:49:58.511-0800 [rsStart] replSet can't get local.system.replset config from self or any seed (EMPTYCONFIG)
2015-02-16T05:49:59.514-0800 [rsStart] replSet can't get local.system.replset config from self or any seed (EMPTYCONFIG)
2015-02-16T05:50:00.517-0800 [rsStart] replSet can't get local.system.replset config from self or any seed (EMPTYCONFIG)
2015-02-16T05:50:01.523-0800 [rsStart] replSet can't get local.system.replset config from self or any seed (EMPTYCONFIG)
2015-02-16T05:50:02.527-0800 [rsStart] replSet can't get local.system.replset config from self or any seed (EMPTYCONFIG)
2015-02-16T05:50:03.532-0800 [rsStart] replSet can't get local.system.replset config from self or any seed (EMPTYCONFIG)
2015-02-16T05:50:04.538-0800 [rsStart] replSet can't get local.system.replset config from self or any seed (EMPTYCONFIG)
2015-02-16T05:50:05.540-0800 [rsStart] replSet can't get local.system.replset config from self or any seed (EMPTYCONFIG)
2015-02-16T05:50:06.542-0800 [rsStart] replSet can't get local.system.replset config from self or any seed (EMPTYCONFIG)
2015-02-16T05:50:07.545-0800 [rsStart] replSet can't get local.system.replset config from self or any seed (EMPTYCONFIG)
2015-02-16T05:50:08.549-0800 [rsStart] replSet can't get local.system.replset config from self or any seed (EMPTYCONFIG)
2015-02-16T05:50:09.554-0800 [rsStart] replSet can't get local.system.replset config from self or any seed (EMPTYCONFIG)
2015-02-16T05:50:10.559-0800 [rsStart] replSet can't get local.system.replset config from self or any seed (EMPTYCONFIG)
2015-02-16T05:50:11.564-0800 [rsStart] replSet can't get local.system.replset config from self or any seed (EMPTYCONFIG)
2015-02-16T05:50:12.565-0800 [rsStart] replSet can't get local.system.replset config from self or any seed (EMPTYCONFIG)
2015-02-16T05:50:13.571-0800 [rsStart] replSet can't get local.system.replset config from self or any seed (EMPTYCONFIG)
2015-02-16T05:50:14.577-0800 [rsStart] replSet can't get local.system.replset config from self or any seed (EMPTYCONFIG)
2015-02-16T05:50:15.582-0800 [rsStart] replSet can't get local.system.replset config from self or any seed (EMPTYCONFIG)
2015-02-16T05:50:16.587-0800 [rsStart] replSet can't get local.system.replset config from self or any seed (EMPTYCONFIG)
2015-02-16T05:50:17.591-0800 [rsStart] replSet can't get local.system.replset config from self or any seed (EMPTYCONFIG)
2015-02-16T05:50:18.592-0800 [rsStart] replSet can't get local.system.replset config from self or any seed (EMPTYCONFIG)
2015-02-16T05:50:19.594-0800 [rsStart] replSet can't get local.system.replset config from self or any seed (EMPTYCONFIG)
2015-02-16T05:50:20.599-0800 [rsStart] replSet can't get local.system.replset config from self or any seed (EMPTYCONFIG)
2015-02-16T05:50:21.603-0800 [rsStart] replSet can't get local.system.replset config from self or any seed (EMPTYCONFIG)
2015-02-16T05:50:22.607-0800 [rsStart] replSet can't get local.system.replset config from self or any seed (EMPTYCONFIG)
2015-02-16T05:50:23.610-0800 [rsStart] replSet can't get local.system.replset config from self or any seed (EMPTYCONFIG)
2015-02-16T05:50:24.615-0800 [rsStart] replSet can't get local.system.replset config from self or any seed (EMPTYCONFIG)
2015-02-16T05:50:25.619-0800 [rsStart] replSet can't get local.system.replset config from self or any seed (EMPTYCONFIG)
2015-02-16T05:50:26.623-0800 [rsStart] replSet can't get local.system.replset config from self or any seed (EMPTYCONFIG)
2015-02-16T05:50:27.625-0800 [rsStart] replSet can't get local.system.replset config from self or any seed (EMPTYCONFIG)
2015-02-16T05:50:28.630-0800 [rsStart] replSet can't get local.system.replset config from self or any seed (EMPTYCONFIG)
2015-02-16T05:50:29.632-0800 [rsStart] replSet can't get local.system.replset config from self or any seed (EMPTYCONFIG)
2015-02-16T05:50:30.639-0800 [rsStart] replSet can't get local.system.replset config from self or any seed (EMPTYCONFIG)
2015-02-16T05:50:31.644-0800 [rsStart] replSet can't get local.system.replset config from self or any seed (EMPTYCONFIG)
2015-02-16T05:50:32.647-0800 [rsStart] replSet can't get local.system.replset config from self or any seed (EMPTYCONFIG)
2015-02-16T05:50:33.650-0800 [rsStart] replSet can't get local.system.replset config from self or any seed (EMPTYCONFIG)
2015-02-16T05:50:34.651-0800 [rsStart] replSet can't get local.system.replset config from self or any seed (EMPTYCONFIG)
2015-02-16T05:50:35.654-0800 [rsStart] replSet can't get local.system.replset config from self or any seed (EMPTYCONFIG)
2015-02-16T05:50:36.660-0800 [rsStart] replSet can't get local.system.replset config from self or any seed (EMPTYCONFIG)
2015-02-16T05:50:37.664-0800 [rsStart] replSet can't get local.system.replset config from self or any seed (EMPTYCONFIG)
2015-02-16T05:50:38.669-0800 [rsStart] replSet can't get local.system.replset config from self or any seed (EMPTYCONFIG)
2015-02-16T05:50:39.675-0800 [rsStart] replSet can't get local.system.replset config from self or any seed (EMPTYCONFIG)
2015-02-16T05:50:40.680-0800 [rsStart] replSet can't get local.system.replset config from self or any seed (EMPTYCONFIG)
2015-02-16T05:50:41.682-0800 [rsStart] replSet can't get local.system.replset config from self or any seed (EMPTYCONFIG)
2015-02-16T05:50:42.684-0800 [rsStart] replSet can't get local.system.replset config from self or any seed (EMPTYCONFIG)
2015-02-16T05:50:43.690-0800 [rsStart] replSet can't get local.system.replset config from self or any seed (EMPTYCONFIG)
2015-02-16T05:50:44.695-0800 [rsStart] replSet can't get local.system.replset config from self or any seed (EMPTYCONFIG)
2015-02-16T05:50:45.700-0800 [rsStart] replSet can't get local.system.replset config from self or any seed (EMPTYCONFIG)
2015-02-16T05:50:46.702-0800 [rsStart] replSet can't get local.system.replset config from self or any seed (EMPTYCONFIG)
2015-02-16T05:50:47.705-0800 [rsStart] replSet can't get local.system.replset config from self or any seed (EMPTYCONFIG)
2015-02-16T05:50:48.708-0800 [rsStart] replSet can't get local.system.replset config from self or any seed (EMPTYCONFIG)
2015-02-16T05:50:49.715-0800 [rsStart] replSet can't get local.system.replset config from self or any seed (EMPTYCONFIG)
2015-02-16T05:50:50.719-0800 [rsStart] replSet can't get local.system.replset config from self or any seed (EMPTYCONFIG)
2015-02-16T05:50:51.723-0800 [rsStart] replSet can't get local.system.replset config from self or any seed (EMPTYCONFIG)
2015-02-16T05:50:52.729-0800 [rsStart] replSet can't get local.system.replset config from self or any seed (EMPTYCONFIG)
2015-02-16T05:50:53.730-0800 [rsStart] replSet can't get local.system.replset config from self or any seed (EMPTYCONFIG)
2015-02-16T05:50:54.733-0800 [rsStart] replSet can't get local.system.replset config from self or any seed (EMPTYCONFIG)
2015-02-16T05:50:55.734-0800 [rsStart] replSet can't get local.system.replset config from self or any seed (EMPTYCONFIG)
2015-02-16T05:50:56.740-0800 [rsStart] replSet can't get local.system.replset config from self or any seed (EMPTYCONFIG)
2015-02-16T05:50:57.744-0800 [rsStart] replSet can't get local.system.replset config from self or any seed (EMPTYCONFIG)
2015-02-16T05:50:58.750-0800 [rsStart] replSet can't get local.system.replset config from self or any seed (EMPTYCONFIG)
2015-02-16T05:50:59.754-0800 [rsStart] replSet can't get local.system.replset config from self or any seed (EMPTYCONFIG)
2015-02-16T05:51:00.756-0800 [rsStart] replSet can't get local.system.replset config from self or any seed (EMPTYCONFIG)
2015-02-16T05:51:01.761-0800 [rsStart] replSet can't get local.system.replset config from self or any seed (EMPTYCONFIG)
2015-02-16T05:51:02.767-0800 [rsStart] replSet can't get local.system.replset config from self or any seed (EMPTYCONFIG)
2015-02-16T05:51:03.769-0800 [rsStart] replSet can't get local.system.replset config from self or any seed (EMPTYCONFIG)
2015-02-16T05:51:04.783-0800 [rsStart] replSet can't get local.system.replset config from self or any seed (EMPTYCONFIG)
2015-02-16T05:51:05.787-0800 [rsStart] replSet can't get local.system.replset config from self or any seed (EMPTYCONFIG)
2015-02-16T05:51:06.792-0800 [rsStart] replSet can't get local.system.replset config from self or any seed (EMPTYCONFIG)
2015-02-16T05:51:07.795-0800 [rsStart] replSet can't get local.system.replset config from self or any seed (EMPTYCONFIG)
2015-02-16T05:51:08.801-0800 [rsStart] replSet can't get local.system.replset config from self or any seed (EMPTYCONFIG)
2015-02-16T05:51:09.806-0800 [rsStart] replSet can't get local.system.replset config from self or any seed (EMPTYCONFIG)
2015-02-16T05:51:10.812-0800 [rsStart] replSet can't get local.system.replset config from self or any seed (EMPTYCONFIG)
2015-02-16T05:51:11.817-0800 [rsStart] replSet can't get local.system.replset config from self or any seed (EMPTYCONFIG)
2015-02-16T05:51:12.818-0800 [rsStart] replSet can't get local.system.replset config from self or any seed (EMPTYCONFIG)
2015-02-16T05:51:13.823-0800 [rsStart] replSet can't get local.system.replset config from self or any seed (EMPTYCONFIG)
2015-02-16T05:51:14.833-0800 [rsStart] replSet can't get local.system.replset config from self or any seed (EMPTYCONFIG)
2015-02-16T05:51:15.840-0800 [rsStart] replSet can't get local.system.replset config from self or any seed (EMPTYCONFIG)
2015-02-16T05:51:16.808-0800 [initandlisten] connection accepted from 127.0.0.1:56227 #3 (1 connection now open)
2015-02-16T05:51:16.817-0800 [conn3] replSet replSetInitiate admin command received from client
2015-02-16T05:51:16.822-0800 [conn3] replSet replSetInitiate config object parses ok, 3 members specified
2015-02-16T05:51:16.844-0800 [rsStart] replSet can't get local.system.replset config from self or any seed (EMPTYCONFIG)
2015-02-16T05:51:16.854-0800 [conn3] replSet replSetInitiate all members seem up
2015-02-16T05:51:16.855-0800 [conn3] ******
2015-02-16T05:51:16.855-0800 [conn3] creating replication oplog of size: 64MB...
2015-02-16T05:51:16.855-0800 [FileAllocator] allocating new datafile /data/rs2/local.1, filling with zeroes...
2015-02-16T05:51:17.826-0800 [FileAllocator] done allocating datafile /data/rs2/local.1, size: 128MB,  took 0.968 secs
2015-02-16T05:51:17.914-0800 [conn3] ******
2015-02-16T05:51:17.915-0800 [conn3] replSet info saving a newer config version to local.system.replset: { _id: "m101", version: 1, members: [ { _id: 0, host: "localhost:27017", priority: 0.0, slaveDelay: 5 }, { _id: 1, host: "localhost:27018" }, { _id: 2, host: "localhost:27019" } ] }
2015-02-16T05:51:17.919-0800 [conn3] build index on: local.system.replset properties: { v: 1, key: { _id: 1 }, name: "_id_", ns: "local.system.replset" }
2015-02-16T05:51:17.921-0800 [conn3] 	 added index to empty collection
2015-02-16T05:51:17.921-0800 [conn3] replSet saveConfigLocally done
2015-02-16T05:51:17.922-0800 [conn3] replSet replSetInitiate config now saved locally.  Should come online in about a minute.
2015-02-16T05:51:17.922-0800 [conn3] command admin.$cmd command: replSetInitiate { replSetInitiate: { _id: "m101", members: [ { _id: 0.0, host: "localhost:27017", priority: 0.0, slaveDelay: 5.0 }, { _id: 1.0, host: "localhost:27018" }, { _id: 2.0, host: "localhost:27019" } ] } } keyUpdates:0 numYields:0 locks(micros) W:1067700 reslen:112 1105ms
2015-02-16T05:51:17.923-0800 [rsStart] replSet I am localhost:27018
2015-02-16T05:51:17.930-0800 [conn3] end connection 127.0.0.1:56227 (0 connections now open)
2015-02-16T05:51:17.943-0800 [rsStart] build index on: local.me properties: { v: 1, key: { _id: 1 }, name: "_id_", ns: "local.me" }
2015-02-16T05:51:17.944-0800 [rsStart] 	 added index to empty collection
2015-02-16T05:51:17.945-0800 [rsStart] replSet STARTUP2
2015-02-16T05:51:17.947-0800 [rsSync] replSet SECONDARY
2015-02-16T05:51:19.929-0800 [rsHealthPoll] replSet member localhost:27017 is up
2015-02-16T05:51:19.929-0800 [rsHealthPoll] replSet member localhost:27019 is up
2015-02-16T05:51:19.930-0800 [rsMgr] replSet info electSelf 1
2015-02-16T05:51:19.931-0800 [rsMgr] replSet couldn't elect self, only received 1 votes
2015-02-16T05:51:19.932-0800 [rsMgr] replSet info electSelf 1
2015-02-16T05:51:19.933-0800 [rsMgr] replSet couldn't elect self, only received 1 votes
2015-02-16T05:51:20.040-0800 [initandlisten] connection accepted from 127.0.0.1:56232 #4 (1 connection now open)
2015-02-16T05:51:20.043-0800 [conn4] end connection 127.0.0.1:56232 (0 connections now open)
2015-02-16T05:51:20.045-0800 [initandlisten] connection accepted from 127.0.0.1:56233 #5 (1 connection now open)
2015-02-16T05:51:20.454-0800 [initandlisten] connection accepted from 127.0.0.1:56235 #6 (2 connections now open)
2015-02-16T05:51:20.455-0800 [conn6] end connection 127.0.0.1:56235 (1 connection now open)
2015-02-16T05:51:20.456-0800 [initandlisten] connection accepted from 127.0.0.1:56236 #7 (2 connections now open)
2015-02-16T05:51:21.935-0800 [rsHealthPoll] replset info localhost:27017 thinks that we are down
2015-02-16T05:51:21.935-0800 [rsHealthPoll] replset info localhost:27019 thinks that we are down
2015-02-16T05:51:21.935-0800 [rsHealthPoll] replSet member localhost:27017 is now in state STARTUP2
2015-02-16T05:51:21.935-0800 [rsHealthPoll] replSet member localhost:27019 is now in state STARTUP2
2015-02-16T05:51:21.936-0800 [rsMgr] not electing self, localhost:27019 would veto with 'I don't think localhost:27018 is electable'
2015-02-16T05:51:21.937-0800 [rsMgr] not electing self, localhost:27019 would veto with 'I don't think localhost:27018 is electable'
2015-02-16T05:51:27.946-0800 [rsMgr] replSet info electSelf 1
2015-02-16T05:51:27.982-0800 [rsMgr] replSet PRIMARY
2015-02-16T05:51:36.501-0800 [conn7] end connection 127.0.0.1:56236 (1 connection now open)
2015-02-16T05:51:36.502-0800 [initandlisten] connection accepted from 127.0.0.1:56242 #8 (3 connections now open)
2015-02-16T05:51:37.307-0800 [initandlisten] connection accepted from 127.0.0.1:56243 #9 (3 connections now open)
2015-02-16T05:51:37.319-0800 [initandlisten] connection accepted from 127.0.0.1:56244 #10 (4 connections now open)
2015-02-16T05:51:37.323-0800 [conn10] end connection 127.0.0.1:56244 (3 connections now open)
2015-02-16T05:51:37.336-0800 [conn9] end connection 127.0.0.1:56243 (2 connections now open)
2015-02-16T05:51:37.967-0800 [rsHealthPoll] replSet member localhost:27019 is now in state RECOVERING
2015-02-16T05:51:38.132-0800 [initandlisten] connection accepted from 127.0.0.1:56245 #11 (3 connections now open)
2015-02-16T05:51:38.156-0800 [initandlisten] connection accepted from 127.0.0.1:56246 #12 (4 connections now open)
2015-02-16T05:51:38.157-0800 [initandlisten] connection accepted from 127.0.0.1:56247 #13 (5 connections now open)
2015-02-16T05:51:38.158-0800 [initandlisten] connection accepted from 127.0.0.1:56248 #14 (6 connections now open)
2015-02-16T05:51:38.171-0800 [conn13] end connection 127.0.0.1:56247 (5 connections now open)
2015-02-16T05:51:38.185-0800 [conn11] end connection 127.0.0.1:56245 (4 connections now open)
2015-02-16T05:51:38.887-0800 [initandlisten] connection accepted from 127.0.0.1:56249 #15 (5 connections now open)
2015-02-16T05:51:38.889-0800 [initandlisten] connection accepted from 127.0.0.1:56250 #16 (6 connections now open)
2015-02-16T05:51:39.352-0800 [slaveTracking] build index on: local.slaves properties: { v: 1, key: { _id: 1 }, name: "_id_", ns: "local.slaves" }
2015-02-16T05:51:39.353-0800 [slaveTracking] 	 added index to empty collection
2015-02-16T05:51:39.972-0800 [rsHealthPoll] replSet member localhost:27017 is now in state SECONDARY
2015-02-16T05:51:39.972-0800 [rsHealthPoll] replSet member localhost:27019 is now in state SECONDARY
2015-02-16T05:51:50.112-0800 [conn5] end connection 127.0.0.1:56233 (5 connections now open)
2015-02-16T05:51:50.113-0800 [initandlisten] connection accepted from 127.0.0.1:56252 #17 (6 connections now open)
2015-02-16T05:51:54.862-0800 [clientcursormon] mem (MB) res:10 virt:2823
2015-02-16T05:51:54.863-0800 [clientcursormon]  mapped (incl journal view):320
2015-02-16T05:51:54.864-0800 [clientcursormon]  connections:6
2015-02-16T05:51:54.864-0800 [clientcursormon]  replication threads:32
2015-02-16T05:52:06.564-0800 [conn8] end connection 127.0.0.1:56242 (5 connections now open)
2015-02-16T05:52:06.565-0800 [initandlisten] connection accepted from 127.0.0.1:56256 #18 (6 connections now open)
2015-02-16T05:52:20.172-0800 [initandlisten] connection accepted from 127.0.0.1:56258 #19 (7 connections now open)
2015-02-16T05:52:20.173-0800 [conn17] end connection 127.0.0.1:56252 (6 connections now open)
2015-02-16T05:52:21.167-0800 [initandlisten] connection accepted from 127.0.0.1:56260 #20 (7 connections now open)
2015-02-16T05:52:36.642-0800 [conn18] end connection 127.0.0.1:56256 (6 connections now open)
2015-02-16T05:52:36.643-0800 [initandlisten] connection accepted from 127.0.0.1:56263 #21 (8 connections now open)
2015-02-16T05:52:50.230-0800 [conn19] end connection 127.0.0.1:56258 (6 connections now open)
2015-02-16T05:52:50.231-0800 [initandlisten] connection accepted from 127.0.0.1:56265 #22 (7 connections now open)
2015-02-16T05:53:06.710-0800 [conn21] end connection 127.0.0.1:56263 (6 connections now open)
2015-02-16T05:53:06.711-0800 [initandlisten] connection accepted from 127.0.0.1:56269 #23 (7 connections now open)
2015-02-16T05:53:20.285-0800 [conn22] end connection 127.0.0.1:56265 (6 connections now open)
2015-02-16T05:53:20.286-0800 [initandlisten] connection accepted from 127.0.0.1:56271 #24 (8 connections now open)
2015-02-16T05:53:21.390-0800 [conn20] end connection 127.0.0.1:56260 (6 connections now open)
2015-02-16T05:53:36.755-0800 [conn23] end connection 127.0.0.1:56269 (5 connections now open)
2015-02-16T05:53:36.756-0800 [initandlisten] connection accepted from 127.0.0.1:56277 #25 (6 connections now open)
2015-02-16T05:53:50.030-0800 [initandlisten] connection accepted from 127.0.0.1:56279 #26 (7 connections now open)
2015-02-16T05:53:50.340-0800 [conn24] end connection 127.0.0.1:56271 (6 connections now open)
2015-02-16T05:53:50.341-0800 [initandlisten] connection accepted from 127.0.0.1:56280 #27 (7 connections now open)
2015-02-16T05:54:06.819-0800 [conn25] end connection 127.0.0.1:56277 (6 connections now open)
2015-02-16T05:54:06.819-0800 [initandlisten] connection accepted from 127.0.0.1:56284 #28 (8 connections now open)
2015-02-16T05:54:17.838-0800 [FileAllocator] allocating new datafile /data/rs2/test.ns, filling with zeroes...
2015-02-16T05:54:17.899-0800 [FileAllocator] done allocating datafile /data/rs2/test.ns, size: 16MB,  took 0.06 secs
2015-02-16T05:54:18.001-0800 [FileAllocator] allocating new datafile /data/rs2/test.0, filling with zeroes...
2015-02-16T05:54:18.056-0800 [FileAllocator] done allocating datafile /data/rs2/test.0, size: 16MB,  took 0.053 secs
2015-02-16T05:54:18.157-0800 [conn26] build index on: test.people properties: { v: 1, key: { _id: 1 }, name: "_id_", ns: "test.people" }
2015-02-16T05:54:18.158-0800 [conn26] 	 added index to empty collection
2015-02-16T05:54:18.159-0800 [conn26] insert test.people query: { _id: ObjectId('54e1f689347e2692b802b9fe'), name: "Zhihong" } ninserted:1 keyUpdates:0 numYields:0 locks(micros) w:320591 320ms
2015-02-16T05:54:18.159-0800 [conn26] command test.$cmd command: insert { insert: "people", documents: [ { _id: ObjectId('54e1f689347e2692b802b9fe'), name: "Zhihong" } ], ordered: true } keyUpdates:0 numYields:0 locks(micros) w:254 reslen:80 321ms
2015-02-16T05:54:20.393-0800 [conn27] end connection 127.0.0.1:56280 (6 connections now open)
2015-02-16T05:54:20.394-0800 [initandlisten] connection accepted from 127.0.0.1:56286 #29 (7 connections now open)
2015-02-16T05:54:36.893-0800 [conn28] end connection 127.0.0.1:56284 (6 connections now open)
2015-02-16T05:54:36.894-0800 [initandlisten] connection accepted from 127.0.0.1:56290 #30 (8 connections now open)
2015-02-16T05:54:45.824-0800 [conn26] end connection 127.0.0.1:56279 (6 connections now open)
2015-02-16T05:54:50.456-0800 [conn29] end connection 127.0.0.1:56286 (5 connections now open)
2015-02-16T05:54:50.457-0800 [initandlisten] connection accepted from 127.0.0.1:56293 #31 (6 connections now open)
2015-02-16T05:54:55.024-0800 [clientcursormon] mem (MB) res:10 virt:2891
2015-02-16T05:54:55.024-0800 [clientcursormon]  mapped (incl journal view):384
2015-02-16T05:54:55.024-0800 [clientcursormon]  connections:6
2015-02-16T05:54:55.025-0800 [clientcursormon]  replication threads:32
2015-02-16T05:55:06.956-0800 [conn30] end connection 127.0.0.1:56290 (5 connections now open)
2015-02-16T05:55:06.956-0800 [initandlisten] connection accepted from 127.0.0.1:56297 #32 (6 connections now open)
2015-02-16T05:55:20.514-0800 [conn31] end connection 127.0.0.1:56293 (5 connections now open)
2015-02-16T05:55:20.514-0800 [initandlisten] connection accepted from 127.0.0.1:56300 #33 (6 connections now open)
2015-02-16T05:55:37.001-0800 [conn32] end connection 127.0.0.1:56297 (5 connections now open)
2015-02-16T05:55:37.002-0800 [initandlisten] connection accepted from 127.0.0.1:56304 #34 (7 connections now open)
2015-02-16T05:55:50.592-0800 [conn33] end connection 127.0.0.1:56300 (5 connections now open)
2015-02-16T05:55:50.593-0800 [initandlisten] connection accepted from 127.0.0.1:56321 #35 (6 connections now open)
2015-02-16T05:56:07.060-0800 [conn34] end connection 127.0.0.1:56304 (5 connections now open)
2015-02-16T05:56:07.061-0800 [initandlisten] connection accepted from 127.0.0.1:56332 #36 (6 connections now open)
2015-02-16T05:56:20.658-0800 [conn35] end connection 127.0.0.1:56321 (5 connections now open)
2015-02-16T05:56:20.658-0800 [initandlisten] connection accepted from 127.0.0.1:56335 #37 (7 connections now open)
2015-02-16T05:56:37.128-0800 [conn36] end connection 127.0.0.1:56332 (5 connections now open)
2015-02-16T05:56:37.129-0800 [initandlisten] connection accepted from 127.0.0.1:56339 #38 (6 connections now open)
2015-02-16T05:56:50.723-0800 [conn37] end connection 127.0.0.1:56335 (5 connections now open)
2015-02-16T05:56:50.724-0800 [initandlisten] connection accepted from 127.0.0.1:56341 #39 (6 connections now open)
2015-02-16T05:57:07.190-0800 [conn38] end connection 127.0.0.1:56339 (5 connections now open)
2015-02-16T05:57:07.190-0800 [initandlisten] connection accepted from 127.0.0.1:56347 #40 (7 connections now open)
2015-02-16T05:57:20.772-0800 [conn39] end connection 127.0.0.1:56341 (5 connections now open)
2015-02-16T05:57:20.772-0800 [initandlisten] connection accepted from 127.0.0.1:56349 #41 (7 connections now open)
2015-02-16T05:57:33.188-0800 [conn14] end connection 127.0.0.1:56248 (5 connections now open)
2015-02-16T05:57:33.188-0800 [conn41] end connection 127.0.0.1:56349 (4 connections now open)
2015-02-16T05:57:34.397-0800 [conn12] end connection 127.0.0.1:56246 (3 connections now open)
2015-02-16T05:57:34.716-0800 [rsHealthPoll] DBClientCursor::init call() failed
2015-02-16T05:57:34.716-0800 [rsHealthPoll] replset info localhost:27019 heartbeat failed, retrying
2015-02-16T05:57:34.719-0800 [rsHealthPoll] warning: Failed to connect to 127.0.0.1:27019, reason: errno:61 Connection refused
2015-02-16T05:57:34.719-0800 [rsHealthPoll] replset info localhost:27019 just heartbeated us, but our heartbeat failed: , not changing state
