2015-02-16T05:43:54.498-0800 [initandlisten] MongoDB starting : pid=26619 port=27019 dbpath=/data/rs3 64-bit host=xiaoyazi.home
2015-02-16T05:43:54.498-0800 [initandlisten] db version v2.6.4
2015-02-16T05:43:54.499-0800 [initandlisten] git version: 3a830be0eb92d772aa855ebb711ac91d658ee910
2015-02-16T05:43:54.499-0800 [initandlisten] build info: Darwin bs-osx108-4 12.5.0 Darwin Kernel Version 12.5.0: Sun Sep 29 13:33:47 PDT 2013; root:xnu-2050.48.12~1/RELEASE_X86_64 x86_64 BOOST_LIB_VERSION=1_49
2015-02-16T05:43:54.499-0800 [initandlisten] allocator: system
2015-02-16T05:43:54.499-0800 [initandlisten] options: { net: { port: 27019 }, processManagement: { fork: true }, replication: { oplogSizeMB: 64, replSet: "m101" }, storage: { dbPath: "/data/rs3", smallFiles: true }, systemLog: { destination: "file", path: "3.log" } }
2015-02-16T05:43:54.587-0800 [initandlisten] journal dir=/data/rs3/journal
2015-02-16T05:43:54.588-0800 [initandlisten] recover : no journal files present, no recovery needed
2015-02-16T05:43:54.800-0800 [FileAllocator] allocating new datafile /data/rs3/local.ns, filling with zeroes...
2015-02-16T05:43:54.801-0800 [FileAllocator] creating directory /data/rs3/_tmp
2015-02-16T05:43:54.866-0800 [FileAllocator] done allocating datafile /data/rs3/local.ns, size: 16MB,  took 0.064 secs
2015-02-16T05:43:54.994-0800 [FileAllocator] allocating new datafile /data/rs3/local.0, filling with zeroes...
2015-02-16T05:43:55.057-0800 [FileAllocator] done allocating datafile /data/rs3/local.0, size: 16MB,  took 0.062 secs
2015-02-16T05:43:55.178-0800 [initandlisten] build index on: local.startup_log properties: { v: 1, key: { _id: 1 }, name: "_id_", ns: "local.startup_log" }
2015-02-16T05:43:55.179-0800 [initandlisten] 	 added index to empty collection
2015-02-16T05:43:55.180-0800 [initandlisten] command local.$cmd command: create { create: "startup_log", size: 10485760, capped: true } ntoreturn:1 keyUpdates:0 numYields:0  reslen:37 380ms
2015-02-16T05:43:55.180-0800 [initandlisten] waiting for connections on port 27019
2015-02-16T05:43:55.192-0800 [rsStart] replSet can't get local.system.replset config from self or any seed (EMPTYCONFIG)
2015-02-16T05:43:55.193-0800 [rsStart] replSet info you may need to run replSetInitiate -- rs.initiate() in the shell -- if that is not already done
2015-02-16T05:43:56.196-0800 [rsStart] replSet can't get local.system.replset config from self or any seed (EMPTYCONFIG)
2015-02-16T05:43:57.199-0800 [rsStart] replSet can't get local.system.replset config from self or any seed (EMPTYCONFIG)
2015-02-16T05:43:58.201-0800 [rsStart] replSet can't get local.system.replset config from self or any seed (EMPTYCONFIG)
2015-02-16T05:43:59.205-0800 [rsStart] replSet can't get local.system.replset config from self or any seed (EMPTYCONFIG)
2015-02-16T05:44:00.208-0800 [rsStart] replSet can't get local.system.replset config from self or any seed (EMPTYCONFIG)
2015-02-16T05:44:01.213-0800 [rsStart] replSet can't get local.system.replset config from self or any seed (EMPTYCONFIG)
2015-02-16T05:44:02.219-0800 [rsStart] replSet can't get local.system.replset config from self or any seed (EMPTYCONFIG)
2015-02-16T05:44:03.225-0800 [rsStart] replSet can't get local.system.replset config from self or any seed (EMPTYCONFIG)
2015-02-16T05:44:04.229-0800 [rsStart] replSet can't get local.system.replset config from self or any seed (EMPTYCONFIG)
2015-02-16T05:44:05.234-0800 [rsStart] replSet can't get local.system.replset config from self or any seed (EMPTYCONFIG)
2015-02-16T05:44:06.242-0800 [rsStart] replSet can't get local.system.replset config from self or any seed (EMPTYCONFIG)
2015-02-16T05:44:07.247-0800 [rsStart] replSet can't get local.system.replset config from self or any seed (EMPTYCONFIG)
2015-02-16T05:44:08.253-0800 [rsStart] replSet can't get local.system.replset config from self or any seed (EMPTYCONFIG)
2015-02-16T05:44:09.254-0800 [rsStart] replSet can't get local.system.replset config from self or any seed (EMPTYCONFIG)
2015-02-16T05:44:10.259-0800 [rsStart] replSet can't get local.system.replset config from self or any seed (EMPTYCONFIG)
2015-02-16T05:44:11.264-0800 [rsStart] replSet can't get local.system.replset config from self or any seed (EMPTYCONFIG)
2015-02-16T05:44:12.269-0800 [rsStart] replSet can't get local.system.replset config from self or any seed (EMPTYCONFIG)
2015-02-16T05:44:13.270-0800 [rsStart] replSet can't get local.system.replset config from self or any seed (EMPTYCONFIG)
2015-02-16T05:44:14.273-0800 [rsStart] replSet can't get local.system.replset config from self or any seed (EMPTYCONFIG)
2015-02-16T05:44:15.277-0800 [rsStart] replSet can't get local.system.replset config from self or any seed (EMPTYCONFIG)
2015-02-16T05:44:16.288-0800 [rsStart] replSet can't get local.system.replset config from self or any seed (EMPTYCONFIG)
2015-02-16T05:44:17.292-0800 [rsStart] replSet can't get local.system.replset config from self or any seed (EMPTYCONFIG)
2015-02-16T05:44:18.302-0800 [rsStart] replSet can't get local.system.replset config from self or any seed (EMPTYCONFIG)
2015-02-16T05:44:19.303-0800 [rsStart] replSet can't get local.system.replset config from self or any seed (EMPTYCONFIG)
2015-02-16T05:44:20.308-0800 [rsStart] replSet can't get local.system.replset config from self or any seed (EMPTYCONFIG)
2015-02-16T05:44:21.312-0800 [rsStart] replSet can't get local.system.replset config from self or any seed (EMPTYCONFIG)
2015-02-16T05:44:22.315-0800 [rsStart] replSet can't get local.system.replset config from self or any seed (EMPTYCONFIG)
2015-02-16T05:44:23.320-0800 [rsStart] replSet can't get local.system.replset config from self or any seed (EMPTYCONFIG)
2015-02-16T05:44:24.325-0800 [rsStart] replSet can't get local.system.replset config from self or any seed (EMPTYCONFIG)
2015-02-16T05:44:25.331-0800 [rsStart] replSet can't get local.system.replset config from self or any seed (EMPTYCONFIG)
2015-02-16T05:44:26.332-0800 [rsStart] replSet can't get local.system.replset config from self or any seed (EMPTYCONFIG)
2015-02-16T05:44:27.337-0800 [rsStart] replSet can't get local.system.replset config from self or any seed (EMPTYCONFIG)
2015-02-16T05:44:28.342-0800 [rsStart] replSet can't get local.system.replset config from self or any seed (EMPTYCONFIG)
2015-02-16T05:44:29.346-0800 [rsStart] replSet can't get local.system.replset config from self or any seed (EMPTYCONFIG)
2015-02-16T05:44:30.349-0800 [rsStart] replSet can't get local.system.replset config from self or any seed (EMPTYCONFIG)
2015-02-16T05:44:31.354-0800 [rsStart] replSet can't get local.system.replset config from self or any seed (EMPTYCONFIG)
2015-02-16T05:44:32.359-0800 [rsStart] replSet can't get local.system.replset config from self or any seed (EMPTYCONFIG)
2015-02-16T05:44:33.365-0800 [rsStart] replSet can't get local.system.replset config from self or any seed (EMPTYCONFIG)
2015-02-16T05:44:34.370-0800 [rsStart] replSet can't get local.system.replset config from self or any seed (EMPTYCONFIG)
2015-02-16T05:44:35.372-0800 [rsStart] replSet can't get local.system.replset config from self or any seed (EMPTYCONFIG)
2015-02-16T05:44:36.377-0800 [rsStart] replSet can't get local.system.replset config from self or any seed (EMPTYCONFIG)
2015-02-16T05:44:37.380-0800 [rsStart] replSet can't get local.system.replset config from self or any seed (EMPTYCONFIG)
2015-02-16T05:44:38.385-0800 [rsStart] replSet can't get local.system.replset config from self or any seed (EMPTYCONFIG)
2015-02-16T05:44:39.390-0800 [rsStart] replSet can't get local.system.replset config from self or any seed (EMPTYCONFIG)
2015-02-16T05:44:40.396-0800 [rsStart] replSet can't get local.system.replset config from self or any seed (EMPTYCONFIG)
2015-02-16T05:44:41.402-0800 [rsStart] replSet can't get local.system.replset config from self or any seed (EMPTYCONFIG)
2015-02-16T05:44:42.407-0800 [rsStart] replSet can't get local.system.replset config from self or any seed (EMPTYCONFIG)
2015-02-16T05:44:43.414-0800 [rsStart] replSet can't get local.system.replset config from self or any seed (EMPTYCONFIG)
2015-02-16T05:44:44.415-0800 [rsStart] replSet can't get local.system.replset config from self or any seed (EMPTYCONFIG)
2015-02-16T05:44:45.420-0800 [rsStart] replSet can't get local.system.replset config from self or any seed (EMPTYCONFIG)
2015-02-16T05:44:46.424-0800 [rsStart] replSet can't get local.system.replset config from self or any seed (EMPTYCONFIG)
2015-02-16T05:44:47.430-0800 [rsStart] replSet can't get local.system.replset config from self or any seed (EMPTYCONFIG)
2015-02-16T05:44:48.435-0800 [rsStart] replSet can't get local.system.replset config from self or any seed (EMPTYCONFIG)
2015-02-16T05:44:49.439-0800 [rsStart] replSet can't get local.system.replset config from self or any seed (EMPTYCONFIG)
2015-02-16T05:44:50.445-0800 [rsStart] replSet can't get local.system.replset config from self or any seed (EMPTYCONFIG)
2015-02-16T05:44:51.451-0800 [rsStart] replSet can't get local.system.replset config from self or any seed (EMPTYCONFIG)
2015-02-16T05:44:52.456-0800 [rsStart] replSet can't get local.system.replset config from self or any seed (EMPTYCONFIG)
2015-02-16T05:44:53.462-0800 [rsStart] replSet can't get local.system.replset config from self or any seed (EMPTYCONFIG)
2015-02-16T05:44:54.468-0800 [rsStart] replSet can't get local.system.replset config from self or any seed (EMPTYCONFIG)
2015-02-16T05:44:54.846-0800 [clientcursormon] mem (MB) res:9 virt:2556
2015-02-16T05:44:54.847-0800 [clientcursormon]  mapped (incl journal view):64
2015-02-16T05:44:54.848-0800 [clientcursormon]  connections:0
2015-02-16T05:44:55.473-0800 [rsStart] replSet can't get local.system.replset config from self or any seed (EMPTYCONFIG)
2015-02-16T05:44:56.478-0800 [rsStart] replSet can't get local.system.replset config from self or any seed (EMPTYCONFIG)
2015-02-16T05:44:57.482-0800 [rsStart] replSet can't get local.system.replset config from self or any seed (EMPTYCONFIG)
2015-02-16T05:44:58.484-0800 [rsStart] replSet can't get local.system.replset config from self or any seed (EMPTYCONFIG)
2015-02-16T05:44:59.490-0800 [rsStart] replSet can't get local.system.replset config from self or any seed (EMPTYCONFIG)
2015-02-16T05:45:00.496-0800 [rsStart] replSet can't get local.system.replset config from self or any seed (EMPTYCONFIG)
2015-02-16T05:45:01.500-0800 [rsStart] replSet can't get local.system.replset config from self or any seed (EMPTYCONFIG)
2015-02-16T05:45:02.503-0800 [rsStart] replSet can't get local.system.replset config from self or any seed (EMPTYCONFIG)
2015-02-16T05:45:03.509-0800 [rsStart] replSet can't get local.system.replset config from self or any seed (EMPTYCONFIG)
2015-02-16T05:45:04.513-0800 [rsStart] replSet can't get local.system.replset config from self or any seed (EMPTYCONFIG)
2015-02-16T05:45:05.519-0800 [rsStart] replSet can't get local.system.replset config from self or any seed (EMPTYCONFIG)
2015-02-16T05:45:06.524-0800 [rsStart] replSet can't get local.system.replset config from self or any seed (EMPTYCONFIG)
2015-02-16T05:45:07.526-0800 [rsStart] replSet can't get local.system.replset config from self or any seed (EMPTYCONFIG)
2015-02-16T05:45:08.531-0800 [rsStart] replSet can't get local.system.replset config from self or any seed (EMPTYCONFIG)
2015-02-16T05:45:09.534-0800 [rsStart] replSet can't get local.system.replset config from self or any seed (EMPTYCONFIG)
2015-02-16T05:45:10.537-0800 [rsStart] replSet can't get local.system.replset config from self or any seed (EMPTYCONFIG)
2015-02-16T05:45:11.541-0800 [rsStart] replSet can't get local.system.replset config from self or any seed (EMPTYCONFIG)
2015-02-16T05:45:12.547-0800 [rsStart] replSet can't get local.system.replset config from self or any seed (EMPTYCONFIG)
2015-02-16T05:45:13.552-0800 [rsStart] replSet can't get local.system.replset config from self or any seed (EMPTYCONFIG)
2015-02-16T05:45:14.553-0800 [rsStart] replSet can't get local.system.replset config from self or any seed (EMPTYCONFIG)
2015-02-16T05:45:15.557-0800 [rsStart] replSet can't get local.system.replset config from self or any seed (EMPTYCONFIG)
2015-02-16T05:45:16.559-0800 [rsStart] replSet can't get local.system.replset config from self or any seed (EMPTYCONFIG)
2015-02-16T05:45:17.563-0800 [rsStart] replSet can't get local.system.replset config from self or any seed (EMPTYCONFIG)
2015-02-16T05:45:18.566-0800 [rsStart] replSet can't get local.system.replset config from self or any seed (EMPTYCONFIG)
2015-02-16T05:45:19.570-0800 [rsStart] replSet can't get local.system.replset config from self or any seed (EMPTYCONFIG)
2015-02-16T05:45:20.580-0800 [rsStart] replSet can't get local.system.replset config from self or any seed (EMPTYCONFIG)
2015-02-16T05:45:21.585-0800 [rsStart] replSet can't get local.system.replset config from self or any seed (EMPTYCONFIG)
2015-02-16T05:45:22.590-0800 [rsStart] replSet can't get local.system.replset config from self or any seed (EMPTYCONFIG)
2015-02-16T05:45:23.595-0800 [rsStart] replSet can't get local.system.replset config from self or any seed (EMPTYCONFIG)
2015-02-16T05:45:24.598-0800 [rsStart] replSet can't get local.system.replset config from self or any seed (EMPTYCONFIG)
2015-02-16T05:45:25.603-0800 [rsStart] replSet can't get local.system.replset config from self or any seed (EMPTYCONFIG)
2015-02-16T05:45:26.605-0800 [rsStart] replSet can't get local.system.replset config from self or any seed (EMPTYCONFIG)
2015-02-16T05:45:27.610-0800 [rsStart] replSet can't get local.system.replset config from self or any seed (EMPTYCONFIG)
2015-02-16T05:45:28.615-0800 [rsStart] replSet can't get local.system.replset config from self or any seed (EMPTYCONFIG)
2015-02-16T05:45:29.617-0800 [rsStart] replSet can't get local.system.replset config from self or any seed (EMPTYCONFIG)
2015-02-16T05:45:30.621-0800 [rsStart] replSet can't get local.system.replset config from self or any seed (EMPTYCONFIG)
2015-02-16T05:45:31.625-0800 [rsStart] replSet can't get local.system.replset config from self or any seed (EMPTYCONFIG)
2015-02-16T05:45:32.627-0800 [rsStart] replSet can't get local.system.replset config from self or any seed (EMPTYCONFIG)
2015-02-16T05:45:33.632-0800 [rsStart] replSet can't get local.system.replset config from self or any seed (EMPTYCONFIG)
2015-02-16T05:45:34.638-0800 [rsStart] replSet can't get local.system.replset config from self or any seed (EMPTYCONFIG)
2015-02-16T05:45:35.640-0800 [rsStart] replSet can't get local.system.replset config from self or any seed (EMPTYCONFIG)
2015-02-16T05:45:36.642-0800 [rsStart] replSet can't get local.system.replset config from self or any seed (EMPTYCONFIG)
2015-02-16T05:45:37.646-0800 [rsStart] replSet can't get local.system.replset config from self or any seed (EMPTYCONFIG)
2015-02-16T05:45:38.648-0800 [rsStart] replSet can't get local.system.replset config from self or any seed (EMPTYCONFIG)
2015-02-16T05:45:39.649-0800 [rsStart] replSet can't get local.system.replset config from self or any seed (EMPTYCONFIG)
2015-02-16T05:45:40.650-0800 [rsStart] replSet can't get local.system.replset config from self or any seed (EMPTYCONFIG)
2015-02-16T05:45:41.655-0800 [rsStart] replSet can't get local.system.replset config from self or any seed (EMPTYCONFIG)
2015-02-16T05:45:42.657-0800 [rsStart] replSet can't get local.system.replset config from self or any seed (EMPTYCONFIG)
2015-02-16T05:45:43.658-0800 [rsStart] replSet can't get local.system.replset config from self or any seed (EMPTYCONFIG)
2015-02-16T05:45:44.661-0800 [rsStart] replSet can't get local.system.replset config from self or any seed (EMPTYCONFIG)
2015-02-16T05:45:45.665-0800 [rsStart] replSet can't get local.system.replset config from self or any seed (EMPTYCONFIG)
2015-02-16T05:45:46.670-0800 [rsStart] replSet can't get local.system.replset config from self or any seed (EMPTYCONFIG)
2015-02-16T05:45:47.675-0800 [rsStart] replSet can't get local.system.replset config from self or any seed (EMPTYCONFIG)
2015-02-16T05:45:48.676-0800 [rsStart] replSet can't get local.system.replset config from self or any seed (EMPTYCONFIG)
2015-02-16T05:45:49.682-0800 [rsStart] replSet can't get local.system.replset config from self or any seed (EMPTYCONFIG)
2015-02-16T05:45:50.687-0800 [rsStart] replSet can't get local.system.replset config from self or any seed (EMPTYCONFIG)
2015-02-16T05:45:51.693-0800 [rsStart] replSet can't get local.system.replset config from self or any seed (EMPTYCONFIG)
2015-02-16T05:45:52.699-0800 [rsStart] replSet can't get local.system.replset config from self or any seed (EMPTYCONFIG)
2015-02-16T05:45:53.702-0800 [rsStart] replSet can't get local.system.replset config from self or any seed (EMPTYCONFIG)
2015-02-16T05:45:54.704-0800 [rsStart] replSet can't get local.system.replset config from self or any seed (EMPTYCONFIG)
2015-02-16T05:45:55.710-0800 [rsStart] replSet can't get local.system.replset config from self or any seed (EMPTYCONFIG)
2015-02-16T05:45:56.712-0800 [rsStart] replSet can't get local.system.replset config from self or any seed (EMPTYCONFIG)
2015-02-16T05:45:57.716-0800 [rsStart] replSet can't get local.system.replset config from self or any seed (EMPTYCONFIG)
2015-02-16T05:45:58.723-0800 [rsStart] replSet can't get local.system.replset config from self or any seed (EMPTYCONFIG)
2015-02-16T05:45:59.726-0800 [rsStart] replSet can't get local.system.replset config from self or any seed (EMPTYCONFIG)
2015-02-16T05:46:00.731-0800 [rsStart] replSet can't get local.system.replset config from self or any seed (EMPTYCONFIG)
2015-02-16T05:46:01.735-0800 [rsStart] replSet can't get local.system.replset config from self or any seed (EMPTYCONFIG)
2015-02-16T05:46:02.740-0800 [rsStart] replSet can't get local.system.replset config from self or any seed (EMPTYCONFIG)
2015-02-16T05:46:03.743-0800 [rsStart] replSet can't get local.system.replset config from self or any seed (EMPTYCONFIG)
2015-02-16T05:46:04.747-0800 [rsStart] replSet can't get local.system.replset config from self or any seed (EMPTYCONFIG)
2015-02-16T05:46:05.749-0800 [rsStart] replSet can't get local.system.replset config from self or any seed (EMPTYCONFIG)
2015-02-16T05:46:06.755-0800 [rsStart] replSet can't get local.system.replset config from self or any seed (EMPTYCONFIG)
2015-02-16T05:46:07.761-0800 [rsStart] replSet can't get local.system.replset config from self or any seed (EMPTYCONFIG)
2015-02-16T05:46:08.766-0800 [rsStart] replSet can't get local.system.replset config from self or any seed (EMPTYCONFIG)
2015-02-16T05:46:09.768-0800 [rsStart] replSet can't get local.system.replset config from self or any seed (EMPTYCONFIG)
2015-02-16T05:46:10.769-0800 [rsStart] replSet can't get local.system.replset config from self or any seed (EMPTYCONFIG)
2015-02-16T05:46:11.770-0800 [rsStart] replSet can't get local.system.replset config from self or any seed (EMPTYCONFIG)
2015-02-16T05:46:12.774-0800 [rsStart] replSet can't get local.system.replset config from self or any seed (EMPTYCONFIG)
2015-02-16T05:46:13.779-0800 [rsStart] replSet can't get local.system.replset config from self or any seed (EMPTYCONFIG)
2015-02-16T05:46:14.784-0800 [rsStart] replSet can't get local.system.replset config from self or any seed (EMPTYCONFIG)
2015-02-16T05:46:15.788-0800 [rsStart] replSet can't get local.system.replset config from self or any seed (EMPTYCONFIG)
2015-02-16T05:46:16.791-0800 [rsStart] replSet can't get local.system.replset config from self or any seed (EMPTYCONFIG)
2015-02-16T05:46:17.795-0800 [rsStart] replSet can't get local.system.replset config from self or any seed (EMPTYCONFIG)
2015-02-16T05:46:18.798-0800 [rsStart] replSet can't get local.system.replset config from self or any seed (EMPTYCONFIG)
2015-02-16T05:46:19.800-0800 [rsStart] replSet can't get local.system.replset config from self or any seed (EMPTYCONFIG)
2015-02-16T05:46:20.804-0800 [rsStart] replSet can't get local.system.replset config from self or any seed (EMPTYCONFIG)
2015-02-16T05:46:21.811-0800 [rsStart] replSet can't get local.system.replset config from self or any seed (EMPTYCONFIG)
2015-02-16T05:46:22.815-0800 [rsStart] replSet can't get local.system.replset config from self or any seed (EMPTYCONFIG)
2015-02-16T05:46:23.819-0800 [rsStart] replSet can't get local.system.replset config from self or any seed (EMPTYCONFIG)
2015-02-16T05:46:24.822-0800 [rsStart] replSet can't get local.system.replset config from self or any seed (EMPTYCONFIG)
2015-02-16T05:46:25.822-0800 [rsStart] replSet can't get local.system.replset config from self or any seed (EMPTYCONFIG)
2015-02-16T05:46:26.827-0800 [rsStart] replSet can't get local.system.replset config from self or any seed (EMPTYCONFIG)
2015-02-16T05:46:27.832-0800 [rsStart] replSet can't get local.system.replset config from self or any seed (EMPTYCONFIG)
2015-02-16T05:46:28.836-0800 [rsStart] replSet can't get local.system.replset config from self or any seed (EMPTYCONFIG)
2015-02-16T05:46:29.838-0800 [rsStart] replSet can't get local.system.replset config from self or any seed (EMPTYCONFIG)
2015-02-16T05:46:30.840-0800 [rsStart] replSet can't get local.system.replset config from self or any seed (EMPTYCONFIG)
2015-02-16T05:46:31.846-0800 [rsStart] replSet can't get local.system.replset config from self or any seed (EMPTYCONFIG)
2015-02-16T05:46:32.848-0800 [rsStart] replSet can't get local.system.replset config from self or any seed (EMPTYCONFIG)
2015-02-16T05:46:33.850-0800 [rsStart] replSet can't get local.system.replset config from self or any seed (EMPTYCONFIG)
2015-02-16T05:46:34.856-0800 [rsStart] replSet can't get local.system.replset config from self or any seed (EMPTYCONFIG)
2015-02-16T05:46:35.862-0800 [rsStart] replSet can't get local.system.replset config from self or any seed (EMPTYCONFIG)
2015-02-16T05:46:36.864-0800 [rsStart] replSet can't get local.system.replset config from self or any seed (EMPTYCONFIG)
2015-02-16T05:46:37.865-0800 [rsStart] replSet can't get local.system.replset config from self or any seed (EMPTYCONFIG)
2015-02-16T05:46:38.867-0800 [rsStart] replSet can't get local.system.replset config from self or any seed (EMPTYCONFIG)
2015-02-16T05:46:39.871-0800 [rsStart] replSet can't get local.system.replset config from self or any seed (EMPTYCONFIG)
2015-02-16T05:46:40.875-0800 [rsStart] replSet can't get local.system.replset config from self or any seed (EMPTYCONFIG)
2015-02-16T05:46:41.878-0800 [rsStart] replSet can't get local.system.replset config from self or any seed (EMPTYCONFIG)
2015-02-16T05:46:42.881-0800 [rsStart] replSet can't get local.system.replset config from self or any seed (EMPTYCONFIG)
2015-02-16T05:46:43.884-0800 [rsStart] replSet can't get local.system.replset config from self or any seed (EMPTYCONFIG)
2015-02-16T05:46:44.888-0800 [rsStart] replSet can't get local.system.replset config from self or any seed (EMPTYCONFIG)
2015-02-16T05:46:45.892-0800 [rsStart] replSet can't get local.system.replset config from self or any seed (EMPTYCONFIG)
2015-02-16T05:46:46.898-0800 [rsStart] replSet can't get local.system.replset config from self or any seed (EMPTYCONFIG)
2015-02-16T05:46:47.904-0800 [rsStart] replSet can't get local.system.replset config from self or any seed (EMPTYCONFIG)
2015-02-16T05:46:48.909-0800 [rsStart] replSet can't get local.system.replset config from self or any seed (EMPTYCONFIG)
2015-02-16T05:46:49.912-0800 [rsStart] replSet can't get local.system.replset config from self or any seed (EMPTYCONFIG)
2015-02-16T05:46:50.915-0800 [rsStart] replSet can't get local.system.replset config from self or any seed (EMPTYCONFIG)
2015-02-16T05:46:51.917-0800 [rsStart] replSet can't get local.system.replset config from self or any seed (EMPTYCONFIG)
2015-02-16T05:46:52.923-0800 [rsStart] replSet can't get local.system.replset config from self or any seed (EMPTYCONFIG)
2015-02-16T05:46:53.928-0800 [rsStart] replSet can't get local.system.replset config from self or any seed (EMPTYCONFIG)
2015-02-16T05:46:54.932-0800 [rsStart] replSet can't get local.system.replset config from self or any seed (EMPTYCONFIG)
2015-02-16T05:46:55.936-0800 [rsStart] replSet can't get local.system.replset config from self or any seed (EMPTYCONFIG)
2015-02-16T05:46:56.938-0800 [rsStart] replSet can't get local.system.replset config from self or any seed (EMPTYCONFIG)
2015-02-16T05:46:57.939-0800 [rsStart] replSet can't get local.system.replset config from self or any seed (EMPTYCONFIG)
2015-02-16T05:46:58.943-0800 [rsStart] replSet can't get local.system.replset config from self or any seed (EMPTYCONFIG)
2015-02-16T05:46:59.950-0800 [rsStart] replSet can't get local.system.replset config from self or any seed (EMPTYCONFIG)
2015-02-16T05:47:00.956-0800 [rsStart] replSet can't get local.system.replset config from self or any seed (EMPTYCONFIG)
2015-02-16T05:47:01.961-0800 [rsStart] replSet can't get local.system.replset config from self or any seed (EMPTYCONFIG)
2015-02-16T05:47:02.966-0800 [rsStart] replSet can't get local.system.replset config from self or any seed (EMPTYCONFIG)
2015-02-16T05:47:03.971-0800 [rsStart] replSet can't get local.system.replset config from self or any seed (EMPTYCONFIG)
2015-02-16T05:47:04.976-0800 [rsStart] replSet can't get local.system.replset config from self or any seed (EMPTYCONFIG)
2015-02-16T05:47:05.979-0800 [rsStart] replSet can't get local.system.replset config from self or any seed (EMPTYCONFIG)
2015-02-16T05:47:06.982-0800 [rsStart] replSet can't get local.system.replset config from self or any seed (EMPTYCONFIG)
2015-02-16T05:47:07.987-0800 [rsStart] replSet can't get local.system.replset config from self or any seed (EMPTYCONFIG)
2015-02-16T05:47:08.991-0800 [rsStart] replSet can't get local.system.replset config from self or any seed (EMPTYCONFIG)
2015-02-16T05:47:09.995-0800 [rsStart] replSet can't get local.system.replset config from self or any seed (EMPTYCONFIG)
2015-02-16T05:47:11.000-0800 [rsStart] replSet can't get local.system.replset config from self or any seed (EMPTYCONFIG)
2015-02-16T05:47:12.004-0800 [rsStart] replSet can't get local.system.replset config from self or any seed (EMPTYCONFIG)
2015-02-16T05:47:13.008-0800 [rsStart] replSet can't get local.system.replset config from self or any seed (EMPTYCONFIG)
2015-02-16T05:47:14.012-0800 [rsStart] replSet can't get local.system.replset config from self or any seed (EMPTYCONFIG)
2015-02-16T05:47:15.016-0800 [rsStart] replSet can't get local.system.replset config from self or any seed (EMPTYCONFIG)
2015-02-16T05:47:16.019-0800 [rsStart] replSet can't get local.system.replset config from self or any seed (EMPTYCONFIG)
2015-02-16T05:47:17.025-0800 [rsStart] replSet can't get local.system.replset config from self or any seed (EMPTYCONFIG)
2015-02-16T05:47:18.031-0800 [rsStart] replSet can't get local.system.replset config from self or any seed (EMPTYCONFIG)
2015-02-16T05:47:19.036-0800 [rsStart] replSet can't get local.system.replset config from self or any seed (EMPTYCONFIG)
2015-02-16T05:47:20.040-0800 [rsStart] replSet can't get local.system.replset config from self or any seed (EMPTYCONFIG)
2015-02-16T05:47:21.045-0800 [rsStart] replSet can't get local.system.replset config from self or any seed (EMPTYCONFIG)
2015-02-16T05:47:22.051-0800 [rsStart] replSet can't get local.system.replset config from self or any seed (EMPTYCONFIG)
2015-02-16T05:47:23.054-0800 [rsStart] replSet can't get local.system.replset config from self or any seed (EMPTYCONFIG)
2015-02-16T05:47:24.055-0800 [rsStart] replSet can't get local.system.replset config from self or any seed (EMPTYCONFIG)
2015-02-16T05:47:25.060-0800 [rsStart] replSet can't get local.system.replset config from self or any seed (EMPTYCONFIG)
2015-02-16T05:47:26.065-0800 [rsStart] replSet can't get local.system.replset config from self or any seed (EMPTYCONFIG)
2015-02-16T05:47:27.070-0800 [rsStart] replSet can't get local.system.replset config from self or any seed (EMPTYCONFIG)
2015-02-16T05:47:28.075-0800 [rsStart] replSet can't get local.system.replset config from self or any seed (EMPTYCONFIG)
2015-02-16T05:47:29.081-0800 [rsStart] replSet can't get local.system.replset config from self or any seed (EMPTYCONFIG)
2015-02-16T05:47:30.083-0800 [rsStart] replSet can't get local.system.replset config from self or any seed (EMPTYCONFIG)
2015-02-16T05:47:31.087-0800 [rsStart] replSet can't get local.system.replset config from self or any seed (EMPTYCONFIG)
2015-02-16T05:47:32.093-0800 [rsStart] replSet can't get local.system.replset config from self or any seed (EMPTYCONFIG)
2015-02-16T05:47:33.100-0800 [rsStart] replSet can't get local.system.replset config from self or any seed (EMPTYCONFIG)
2015-02-16T05:47:34.105-0800 [rsStart] replSet can't get local.system.replset config from self or any seed (EMPTYCONFIG)
2015-02-16T05:47:35.110-0800 [rsStart] replSet can't get local.system.replset config from self or any seed (EMPTYCONFIG)
2015-02-16T05:47:36.113-0800 [rsStart] replSet can't get local.system.replset config from self or any seed (EMPTYCONFIG)
2015-02-16T05:47:37.120-0800 [rsStart] replSet can't get local.system.replset config from self or any seed (EMPTYCONFIG)
2015-02-16T05:47:38.123-0800 [rsStart] replSet can't get local.system.replset config from self or any seed (EMPTYCONFIG)
2015-02-16T05:47:39.128-0800 [rsStart] replSet can't get local.system.replset config from self or any seed (EMPTYCONFIG)
2015-02-16T05:47:40.134-0800 [rsStart] replSet can't get local.system.replset config from self or any seed (EMPTYCONFIG)
2015-02-16T05:47:41.136-0800 [rsStart] replSet can't get local.system.replset config from self or any seed (EMPTYCONFIG)
2015-02-16T05:47:42.138-0800 [rsStart] replSet can't get local.system.replset config from self or any seed (EMPTYCONFIG)
2015-02-16T05:47:43.140-0800 [rsStart] replSet can't get local.system.replset config from self or any seed (EMPTYCONFIG)
2015-02-16T05:47:44.143-0800 [rsStart] replSet can't get local.system.replset config from self or any seed (EMPTYCONFIG)
2015-02-16T05:47:45.148-0800 [rsStart] replSet can't get local.system.replset config from self or any seed (EMPTYCONFIG)
2015-02-16T05:47:46.152-0800 [rsStart] replSet can't get local.system.replset config from self or any seed (EMPTYCONFIG)
2015-02-16T05:47:47.156-0800 [rsStart] replSet can't get local.system.replset config from self or any seed (EMPTYCONFIG)
2015-02-16T05:47:48.160-0800 [rsStart] replSet can't get local.system.replset config from self or any seed (EMPTYCONFIG)
2015-02-16T05:47:49.162-0800 [rsStart] replSet can't get local.system.replset config from self or any seed (EMPTYCONFIG)
2015-02-16T05:47:50.167-0800 [rsStart] replSet can't get local.system.replset config from self or any seed (EMPTYCONFIG)
2015-02-16T05:47:51.173-0800 [rsStart] replSet can't get local.system.replset config from self or any seed (EMPTYCONFIG)
2015-02-16T05:47:52.175-0800 [rsStart] replSet can't get local.system.replset config from self or any seed (EMPTYCONFIG)
2015-02-16T05:47:53.180-0800 [rsStart] replSet can't get local.system.replset config from self or any seed (EMPTYCONFIG)
2015-02-16T05:47:54.190-0800 [rsStart] replSet can't get local.system.replset config from self or any seed (EMPTYCONFIG)
2015-02-16T05:47:55.192-0800 [rsStart] replSet can't get local.system.replset config from self or any seed (EMPTYCONFIG)
2015-02-16T05:47:56.194-0800 [rsStart] replSet can't get local.system.replset config from self or any seed (EMPTYCONFIG)
2015-02-16T05:47:57.199-0800 [rsStart] replSet can't get local.system.replset config from self or any seed (EMPTYCONFIG)
2015-02-16T05:47:58.205-0800 [rsStart] replSet can't get local.system.replset config from self or any seed (EMPTYCONFIG)
2015-02-16T05:47:59.209-0800 [rsStart] replSet can't get local.system.replset config from self or any seed (EMPTYCONFIG)
2015-02-16T05:48:00.211-0800 [rsStart] replSet can't get local.system.replset config from self or any seed (EMPTYCONFIG)
2015-02-16T05:48:01.214-0800 [rsStart] replSet can't get local.system.replset config from self or any seed (EMPTYCONFIG)
2015-02-16T05:48:02.221-0800 [rsStart] replSet can't get local.system.replset config from self or any seed (EMPTYCONFIG)
2015-02-16T05:48:03.225-0800 [rsStart] replSet can't get local.system.replset config from self or any seed (EMPTYCONFIG)
2015-02-16T05:48:04.232-0800 [rsStart] replSet can't get local.system.replset config from self or any seed (EMPTYCONFIG)
2015-02-16T05:48:05.237-0800 [rsStart] replSet can't get local.system.replset config from self or any seed (EMPTYCONFIG)
2015-02-16T05:48:06.242-0800 [rsStart] replSet can't get local.system.replset config from self or any seed (EMPTYCONFIG)
2015-02-16T05:48:07.245-0800 [rsStart] replSet can't get local.system.replset config from self or any seed (EMPTYCONFIG)
2015-02-16T05:48:08.248-0800 [rsStart] replSet can't get local.system.replset config from self or any seed (EMPTYCONFIG)
2015-02-16T05:48:09.252-0800 [rsStart] replSet can't get local.system.replset config from self or any seed (EMPTYCONFIG)
2015-02-16T05:48:10.256-0800 [rsStart] replSet can't get local.system.replset config from self or any seed (EMPTYCONFIG)
2015-02-16T05:48:11.262-0800 [rsStart] replSet can't get local.system.replset config from self or any seed (EMPTYCONFIG)
2015-02-16T05:48:12.269-0800 [rsStart] replSet can't get local.system.replset config from self or any seed (EMPTYCONFIG)
2015-02-16T05:48:13.274-0800 [rsStart] replSet can't get local.system.replset config from self or any seed (EMPTYCONFIG)
2015-02-16T05:48:14.278-0800 [rsStart] replSet can't get local.system.replset config from self or any seed (EMPTYCONFIG)
2015-02-16T05:48:15.281-0800 [rsStart] replSet can't get local.system.replset config from self or any seed (EMPTYCONFIG)
2015-02-16T05:48:16.286-0800 [rsStart] replSet can't get local.system.replset config from self or any seed (EMPTYCONFIG)
2015-02-16T05:48:17.289-0800 [rsStart] replSet can't get local.system.replset config from self or any seed (EMPTYCONFIG)
2015-02-16T05:48:18.292-0800 [rsStart] replSet can't get local.system.replset config from self or any seed (EMPTYCONFIG)
2015-02-16T05:48:19.298-0800 [rsStart] replSet can't get local.system.replset config from self or any seed (EMPTYCONFIG)
2015-02-16T05:48:20.303-0800 [rsStart] replSet can't get local.system.replset config from self or any seed (EMPTYCONFIG)
2015-02-16T05:48:21.305-0800 [rsStart] replSet can't get local.system.replset config from self or any seed (EMPTYCONFIG)
2015-02-16T05:48:22.307-0800 [rsStart] replSet can't get local.system.replset config from self or any seed (EMPTYCONFIG)
2015-02-16T05:48:23.311-0800 [rsStart] replSet can't get local.system.replset config from self or any seed (EMPTYCONFIG)
2015-02-16T05:48:24.317-0800 [rsStart] replSet can't get local.system.replset config from self or any seed (EMPTYCONFIG)
2015-02-16T05:48:25.324-0800 [rsStart] replSet can't get local.system.replset config from self or any seed (EMPTYCONFIG)
2015-02-16T05:48:26.326-0800 [rsStart] replSet can't get local.system.replset config from self or any seed (EMPTYCONFIG)
2015-02-16T05:48:27.330-0800 [rsStart] replSet can't get local.system.replset config from self or any seed (EMPTYCONFIG)
2015-02-16T05:48:28.336-0800 [rsStart] replSet can't get local.system.replset config from self or any seed (EMPTYCONFIG)
2015-02-16T05:48:29.340-0800 [rsStart] replSet can't get local.system.replset config from self or any seed (EMPTYCONFIG)
2015-02-16T05:48:30.344-0800 [rsStart] replSet can't get local.system.replset config from self or any seed (EMPTYCONFIG)
2015-02-16T05:48:31.349-0800 [rsStart] replSet can't get local.system.replset config from self or any seed (EMPTYCONFIG)
2015-02-16T05:48:32.355-0800 [rsStart] replSet can't get local.system.replset config from self or any seed (EMPTYCONFIG)
2015-02-16T05:48:33.360-0800 [rsStart] replSet can't get local.system.replset config from self or any seed (EMPTYCONFIG)
2015-02-16T05:48:34.366-0800 [rsStart] replSet can't get local.system.replset config from self or any seed (EMPTYCONFIG)
2015-02-16T05:48:35.369-0800 [rsStart] replSet can't get local.system.replset config from self or any seed (EMPTYCONFIG)
2015-02-16T05:48:36.374-0800 [rsStart] replSet can't get local.system.replset config from self or any seed (EMPTYCONFIG)
2015-02-16T05:48:37.379-0800 [rsStart] replSet can't get local.system.replset config from self or any seed (EMPTYCONFIG)
2015-02-16T05:48:38.385-0800 [rsStart] replSet can't get local.system.replset config from self or any seed (EMPTYCONFIG)
2015-02-16T05:48:39.390-0800 [rsStart] replSet can't get local.system.replset config from self or any seed (EMPTYCONFIG)
2015-02-16T05:48:40.394-0800 [rsStart] replSet can't get local.system.replset config from self or any seed (EMPTYCONFIG)
2015-02-16T05:48:41.396-0800 [rsStart] replSet can't get local.system.replset config from self or any seed (EMPTYCONFIG)
2015-02-16T05:48:42.398-0800 [rsStart] replSet can't get local.system.replset config from self or any seed (EMPTYCONFIG)
2015-02-16T05:48:43.404-0800 [rsStart] replSet can't get local.system.replset config from self or any seed (EMPTYCONFIG)
2015-02-16T05:48:44.408-0800 [rsStart] replSet can't get local.system.replset config from self or any seed (EMPTYCONFIG)
2015-02-16T05:48:45.412-0800 [rsStart] replSet can't get local.system.replset config from self or any seed (EMPTYCONFIG)
2015-02-16T05:48:46.416-0800 [rsStart] replSet can't get local.system.replset config from self or any seed (EMPTYCONFIG)
2015-02-16T05:48:47.418-0800 [rsStart] replSet can't get local.system.replset config from self or any seed (EMPTYCONFIG)
2015-02-16T05:48:48.423-0800 [rsStart] replSet can't get local.system.replset config from self or any seed (EMPTYCONFIG)
2015-02-16T05:48:49.430-0800 [rsStart] replSet can't get local.system.replset config from self or any seed (EMPTYCONFIG)
2015-02-16T05:48:50.435-0800 [rsStart] replSet can't get local.system.replset config from self or any seed (EMPTYCONFIG)
2015-02-16T05:48:51.439-0800 [rsStart] replSet can't get local.system.replset config from self or any seed (EMPTYCONFIG)
2015-02-16T05:48:52.445-0800 [rsStart] replSet can't get local.system.replset config from self or any seed (EMPTYCONFIG)
2015-02-16T05:48:53.451-0800 [rsStart] replSet can't get local.system.replset config from self or any seed (EMPTYCONFIG)
2015-02-16T05:48:54.452-0800 [rsStart] replSet can't get local.system.replset config from self or any seed (EMPTYCONFIG)
2015-02-16T05:48:55.457-0800 [rsStart] replSet can't get local.system.replset config from self or any seed (EMPTYCONFIG)
2015-02-16T05:48:56.461-0800 [rsStart] replSet can't get local.system.replset config from self or any seed (EMPTYCONFIG)
2015-02-16T05:48:57.466-0800 [rsStart] replSet can't get local.system.replset config from self or any seed (EMPTYCONFIG)
2015-02-16T05:48:58.471-0800 [rsStart] replSet can't get local.system.replset config from self or any seed (EMPTYCONFIG)
2015-02-16T05:48:59.475-0800 [rsStart] replSet can't get local.system.replset config from self or any seed (EMPTYCONFIG)
2015-02-16T05:49:00.479-0800 [rsStart] replSet can't get local.system.replset config from self or any seed (EMPTYCONFIG)
2015-02-16T05:49:01.480-0800 [rsStart] replSet can't get local.system.replset config from self or any seed (EMPTYCONFIG)
2015-02-16T05:49:02.482-0800 [rsStart] replSet can't get local.system.replset config from self or any seed (EMPTYCONFIG)
2015-02-16T05:49:03.488-0800 [rsStart] replSet can't get local.system.replset config from self or any seed (EMPTYCONFIG)
2015-02-16T05:49:04.493-0800 [rsStart] replSet can't get local.system.replset config from self or any seed (EMPTYCONFIG)
2015-02-16T05:49:05.494-0800 [rsStart] replSet can't get local.system.replset config from self or any seed (EMPTYCONFIG)
2015-02-16T05:49:06.496-0800 [rsStart] replSet can't get local.system.replset config from self or any seed (EMPTYCONFIG)
2015-02-16T05:49:07.499-0800 [rsStart] replSet can't get local.system.replset config from self or any seed (EMPTYCONFIG)
2015-02-16T05:49:08.502-0800 [rsStart] replSet can't get local.system.replset config from self or any seed (EMPTYCONFIG)
2015-02-16T05:49:09.506-0800 [rsStart] replSet can't get local.system.replset config from self or any seed (EMPTYCONFIG)
2015-02-16T05:49:10.511-0800 [rsStart] replSet can't get local.system.replset config from self or any seed (EMPTYCONFIG)
2015-02-16T05:49:11.515-0800 [rsStart] replSet can't get local.system.replset config from self or any seed (EMPTYCONFIG)
2015-02-16T05:49:12.519-0800 [rsStart] replSet can't get local.system.replset config from self or any seed (EMPTYCONFIG)
2015-02-16T05:49:13.525-0800 [rsStart] replSet can't get local.system.replset config from self or any seed (EMPTYCONFIG)
2015-02-16T05:49:14.530-0800 [rsStart] replSet can't get local.system.replset config from self or any seed (EMPTYCONFIG)
2015-02-16T05:49:15.535-0800 [rsStart] replSet can't get local.system.replset config from self or any seed (EMPTYCONFIG)
2015-02-16T05:49:16.539-0800 [rsStart] replSet can't get local.system.replset config from self or any seed (EMPTYCONFIG)
2015-02-16T05:49:17.543-0800 [rsStart] replSet can't get local.system.replset config from self or any seed (EMPTYCONFIG)
2015-02-16T05:49:18.547-0800 [rsStart] replSet can't get local.system.replset config from self or any seed (EMPTYCONFIG)
2015-02-16T05:49:19.549-0800 [rsStart] replSet can't get local.system.replset config from self or any seed (EMPTYCONFIG)
2015-02-16T05:49:20.553-0800 [rsStart] replSet can't get local.system.replset config from self or any seed (EMPTYCONFIG)
2015-02-16T05:49:21.558-0800 [rsStart] replSet can't get local.system.replset config from self or any seed (EMPTYCONFIG)
2015-02-16T05:49:22.564-0800 [rsStart] replSet can't get local.system.replset config from self or any seed (EMPTYCONFIG)
2015-02-16T05:49:23.570-0800 [rsStart] replSet can't get local.system.replset config from self or any seed (EMPTYCONFIG)
2015-02-16T05:49:24.573-0800 [rsStart] replSet can't get local.system.replset config from self or any seed (EMPTYCONFIG)
2015-02-16T05:49:25.579-0800 [rsStart] replSet can't get local.system.replset config from self or any seed (EMPTYCONFIG)
2015-02-16T05:49:26.580-0800 [rsStart] replSet can't get local.system.replset config from self or any seed (EMPTYCONFIG)
2015-02-16T05:49:27.586-0800 [rsStart] replSet can't get local.system.replset config from self or any seed (EMPTYCONFIG)
2015-02-16T05:49:28.591-0800 [rsStart] replSet can't get local.system.replset config from self or any seed (EMPTYCONFIG)
2015-02-16T05:49:29.596-0800 [rsStart] replSet can't get local.system.replset config from self or any seed (EMPTYCONFIG)
2015-02-16T05:49:30.600-0800 [rsStart] replSet can't get local.system.replset config from self or any seed (EMPTYCONFIG)
2015-02-16T05:49:31.605-0800 [rsStart] replSet can't get local.system.replset config from self or any seed (EMPTYCONFIG)
2015-02-16T05:49:32.610-0800 [rsStart] replSet can't get local.system.replset config from self or any seed (EMPTYCONFIG)
2015-02-16T05:49:33.614-0800 [rsStart] replSet can't get local.system.replset config from self or any seed (EMPTYCONFIG)
2015-02-16T05:49:34.617-0800 [rsStart] replSet can't get local.system.replset config from self or any seed (EMPTYCONFIG)
2015-02-16T05:49:35.621-0800 [rsStart] replSet can't get local.system.replset config from self or any seed (EMPTYCONFIG)
2015-02-16T05:49:36.626-0800 [rsStart] replSet can't get local.system.replset config from self or any seed (EMPTYCONFIG)
2015-02-16T05:49:37.630-0800 [rsStart] replSet can't get local.system.replset config from self or any seed (EMPTYCONFIG)
2015-02-16T05:49:38.631-0800 [rsStart] replSet can't get local.system.replset config from self or any seed (EMPTYCONFIG)
2015-02-16T05:49:39.638-0800 [rsStart] replSet can't get local.system.replset config from self or any seed (EMPTYCONFIG)
2015-02-16T05:49:40.641-0800 [rsStart] replSet can't get local.system.replset config from self or any seed (EMPTYCONFIG)
2015-02-16T05:49:41.646-0800 [rsStart] replSet can't get local.system.replset config from self or any seed (EMPTYCONFIG)
2015-02-16T05:49:42.651-0800 [rsStart] replSet can't get local.system.replset config from self or any seed (EMPTYCONFIG)
2015-02-16T05:49:43.657-0800 [rsStart] replSet can't get local.system.replset config from self or any seed (EMPTYCONFIG)
2015-02-16T05:49:44.661-0800 [rsStart] replSet can't get local.system.replset config from self or any seed (EMPTYCONFIG)
2015-02-16T05:49:45.662-0800 [rsStart] replSet can't get local.system.replset config from self or any seed (EMPTYCONFIG)
2015-02-16T05:49:46.668-0800 [rsStart] replSet can't get local.system.replset config from self or any seed (EMPTYCONFIG)
2015-02-16T05:49:47.670-0800 [rsStart] replSet can't get local.system.replset config from self or any seed (EMPTYCONFIG)
2015-02-16T05:49:48.673-0800 [rsStart] replSet can't get local.system.replset config from self or any seed (EMPTYCONFIG)
2015-02-16T05:49:49.679-0800 [rsStart] replSet can't get local.system.replset config from self or any seed (EMPTYCONFIG)
2015-02-16T05:49:50.681-0800 [rsStart] replSet can't get local.system.replset config from self or any seed (EMPTYCONFIG)
2015-02-16T05:49:51.682-0800 [rsStart] replSet can't get local.system.replset config from self or any seed (EMPTYCONFIG)
2015-02-16T05:49:52.687-0800 [rsStart] replSet can't get local.system.replset config from self or any seed (EMPTYCONFIG)
2015-02-16T05:49:53.693-0800 [rsStart] replSet can't get local.system.replset config from self or any seed (EMPTYCONFIG)
2015-02-16T05:49:54.696-0800 [rsStart] replSet can't get local.system.replset config from self or any seed (EMPTYCONFIG)
2015-02-16T05:49:55.082-0800 [clientcursormon] mem (MB) res:9 virt:2556
2015-02-16T05:49:55.083-0800 [clientcursormon]  mapped (incl journal view):64
2015-02-16T05:49:55.083-0800 [clientcursormon]  connections:0
2015-02-16T05:49:55.700-0800 [rsStart] replSet can't get local.system.replset config from self or any seed (EMPTYCONFIG)
2015-02-16T05:49:56.704-0800 [rsStart] replSet can't get local.system.replset config from self or any seed (EMPTYCONFIG)
2015-02-16T05:49:57.709-0800 [rsStart] replSet can't get local.system.replset config from self or any seed (EMPTYCONFIG)
2015-02-16T05:49:58.713-0800 [rsStart] replSet can't get local.system.replset config from self or any seed (EMPTYCONFIG)
2015-02-16T05:49:59.718-0800 [rsStart] replSet can't get local.system.replset config from self or any seed (EMPTYCONFIG)
2015-02-16T05:50:00.723-0800 [rsStart] replSet can't get local.system.replset config from self or any seed (EMPTYCONFIG)
2015-02-16T05:50:01.726-0800 [rsStart] replSet can't get local.system.replset config from self or any seed (EMPTYCONFIG)
2015-02-16T05:50:02.729-0800 [rsStart] replSet can't get local.system.replset config from self or any seed (EMPTYCONFIG)
2015-02-16T05:50:03.732-0800 [rsStart] replSet can't get local.system.replset config from self or any seed (EMPTYCONFIG)
2015-02-16T05:50:04.737-0800 [rsStart] replSet can't get local.system.replset config from self or any seed (EMPTYCONFIG)
2015-02-16T05:50:05.743-0800 [rsStart] replSet can't get local.system.replset config from self or any seed (EMPTYCONFIG)
2015-02-16T05:50:06.745-0800 [rsStart] replSet can't get local.system.replset config from self or any seed (EMPTYCONFIG)
2015-02-16T05:50:07.751-0800 [rsStart] replSet can't get local.system.replset config from self or any seed (EMPTYCONFIG)
2015-02-16T05:50:08.755-0800 [rsStart] replSet can't get local.system.replset config from self or any seed (EMPTYCONFIG)
2015-02-16T05:50:09.758-0800 [rsStart] replSet can't get local.system.replset config from self or any seed (EMPTYCONFIG)
2015-02-16T05:50:10.761-0800 [rsStart] replSet can't get local.system.replset config from self or any seed (EMPTYCONFIG)
2015-02-16T05:50:11.765-0800 [rsStart] replSet can't get local.system.replset config from self or any seed (EMPTYCONFIG)
2015-02-16T05:50:12.770-0800 [rsStart] replSet can't get local.system.replset config from self or any seed (EMPTYCONFIG)
2015-02-16T05:50:13.773-0800 [rsStart] replSet can't get local.system.replset config from self or any seed (EMPTYCONFIG)
2015-02-16T05:50:14.778-0800 [rsStart] replSet can't get local.system.replset config from self or any seed (EMPTYCONFIG)
2015-02-16T05:50:15.782-0800 [rsStart] replSet can't get local.system.replset config from self or any seed (EMPTYCONFIG)
2015-02-16T05:50:16.785-0800 [rsStart] replSet can't get local.system.replset config from self or any seed (EMPTYCONFIG)
2015-02-16T05:50:17.790-0800 [rsStart] replSet can't get local.system.replset config from self or any seed (EMPTYCONFIG)
2015-02-16T05:50:18.795-0800 [rsStart] replSet can't get local.system.replset config from self or any seed (EMPTYCONFIG)
2015-02-16T05:50:19.800-0800 [rsStart] replSet can't get local.system.replset config from self or any seed (EMPTYCONFIG)
2015-02-16T05:50:20.804-0800 [rsStart] replSet can't get local.system.replset config from self or any seed (EMPTYCONFIG)
2015-02-16T05:50:21.808-0800 [rsStart] replSet can't get local.system.replset config from self or any seed (EMPTYCONFIG)
2015-02-16T05:50:22.813-0800 [rsStart] replSet can't get local.system.replset config from self or any seed (EMPTYCONFIG)
2015-02-16T05:50:23.818-0800 [rsStart] replSet can't get local.system.replset config from self or any seed (EMPTYCONFIG)
2015-02-16T05:50:24.822-0800 [rsStart] replSet can't get local.system.replset config from self or any seed (EMPTYCONFIG)
2015-02-16T05:50:25.827-0800 [rsStart] replSet can't get local.system.replset config from self or any seed (EMPTYCONFIG)
2015-02-16T05:50:26.832-0800 [rsStart] replSet can't get local.system.replset config from self or any seed (EMPTYCONFIG)
2015-02-16T05:50:27.835-0800 [rsStart] replSet can't get local.system.replset config from self or any seed (EMPTYCONFIG)
2015-02-16T05:50:28.837-0800 [rsStart] replSet can't get local.system.replset config from self or any seed (EMPTYCONFIG)
2015-02-16T05:50:29.841-0800 [rsStart] replSet can't get local.system.replset config from self or any seed (EMPTYCONFIG)
2015-02-16T05:50:30.846-0800 [rsStart] replSet can't get local.system.replset config from self or any seed (EMPTYCONFIG)
2015-02-16T05:50:31.848-0800 [rsStart] replSet can't get local.system.replset config from self or any seed (EMPTYCONFIG)
2015-02-16T05:50:32.852-0800 [rsStart] replSet can't get local.system.replset config from self or any seed (EMPTYCONFIG)
2015-02-16T05:50:33.856-0800 [rsStart] replSet can't get local.system.replset config from self or any seed (EMPTYCONFIG)
2015-02-16T05:50:34.858-0800 [rsStart] replSet can't get local.system.replset config from self or any seed (EMPTYCONFIG)
2015-02-16T05:50:35.862-0800 [rsStart] replSet can't get local.system.replset config from self or any seed (EMPTYCONFIG)
2015-02-16T05:50:36.863-0800 [rsStart] replSet can't get local.system.replset config from self or any seed (EMPTYCONFIG)
2015-02-16T05:50:37.868-0800 [rsStart] replSet can't get local.system.replset config from self or any seed (EMPTYCONFIG)
2015-02-16T05:50:38.874-0800 [rsStart] replSet can't get local.system.replset config from self or any seed (EMPTYCONFIG)
2015-02-16T05:50:39.876-0800 [rsStart] replSet can't get local.system.replset config from self or any seed (EMPTYCONFIG)
2015-02-16T05:50:40.881-0800 [rsStart] replSet can't get local.system.replset config from self or any seed (EMPTYCONFIG)
2015-02-16T05:50:41.886-0800 [rsStart] replSet can't get local.system.replset config from self or any seed (EMPTYCONFIG)
2015-02-16T05:50:42.891-0800 [rsStart] replSet can't get local.system.replset config from self or any seed (EMPTYCONFIG)
2015-02-16T05:50:43.895-0800 [rsStart] replSet can't get local.system.replset config from self or any seed (EMPTYCONFIG)
2015-02-16T05:50:44.900-0800 [rsStart] replSet can't get local.system.replset config from self or any seed (EMPTYCONFIG)
2015-02-16T05:50:45.902-0800 [rsStart] replSet can't get local.system.replset config from self or any seed (EMPTYCONFIG)
2015-02-16T05:50:46.906-0800 [rsStart] replSet can't get local.system.replset config from self or any seed (EMPTYCONFIG)
2015-02-16T05:50:47.910-0800 [rsStart] replSet can't get local.system.replset config from self or any seed (EMPTYCONFIG)
2015-02-16T05:50:48.914-0800 [rsStart] replSet can't get local.system.replset config from self or any seed (EMPTYCONFIG)
2015-02-16T05:50:49.920-0800 [rsStart] replSet can't get local.system.replset config from self or any seed (EMPTYCONFIG)
2015-02-16T05:50:50.924-0800 [rsStart] replSet can't get local.system.replset config from self or any seed (EMPTYCONFIG)
2015-02-16T05:50:51.927-0800 [rsStart] replSet can't get local.system.replset config from self or any seed (EMPTYCONFIG)
2015-02-16T05:50:52.929-0800 [rsStart] replSet can't get local.system.replset config from self or any seed (EMPTYCONFIG)
2015-02-16T05:50:53.934-0800 [rsStart] replSet can't get local.system.replset config from self or any seed (EMPTYCONFIG)
2015-02-16T05:50:54.939-0800 [rsStart] replSet can't get local.system.replset config from self or any seed (EMPTYCONFIG)
2015-02-16T05:50:55.944-0800 [rsStart] replSet can't get local.system.replset config from self or any seed (EMPTYCONFIG)
2015-02-16T05:50:56.952-0800 [rsStart] replSet can't get local.system.replset config from self or any seed (EMPTYCONFIG)
2015-02-16T05:50:57.959-0800 [rsStart] replSet can't get local.system.replset config from self or any seed (EMPTYCONFIG)
2015-02-16T05:50:58.964-0800 [rsStart] replSet can't get local.system.replset config from self or any seed (EMPTYCONFIG)
2015-02-16T05:50:59.965-0800 [rsStart] replSet can't get local.system.replset config from self or any seed (EMPTYCONFIG)
2015-02-16T05:51:00.970-0800 [rsStart] replSet can't get local.system.replset config from self or any seed (EMPTYCONFIG)
2015-02-16T05:51:01.973-0800 [rsStart] replSet can't get local.system.replset config from self or any seed (EMPTYCONFIG)
2015-02-16T05:51:02.974-0800 [rsStart] replSet can't get local.system.replset config from self or any seed (EMPTYCONFIG)
2015-02-16T05:51:03.977-0800 [rsStart] replSet can't get local.system.replset config from self or any seed (EMPTYCONFIG)
2015-02-16T05:51:04.981-0800 [rsStart] replSet can't get local.system.replset config from self or any seed (EMPTYCONFIG)
2015-02-16T05:51:05.984-0800 [rsStart] replSet can't get local.system.replset config from self or any seed (EMPTYCONFIG)
2015-02-16T05:51:06.985-0800 [rsStart] replSet can't get local.system.replset config from self or any seed (EMPTYCONFIG)
2015-02-16T05:51:07.988-0800 [rsStart] replSet can't get local.system.replset config from self or any seed (EMPTYCONFIG)
2015-02-16T05:51:08.993-0800 [rsStart] replSet can't get local.system.replset config from self or any seed (EMPTYCONFIG)
2015-02-16T05:51:09.995-0800 [rsStart] replSet can't get local.system.replset config from self or any seed (EMPTYCONFIG)
2015-02-16T05:51:10.998-0800 [rsStart] replSet can't get local.system.replset config from self or any seed (EMPTYCONFIG)
2015-02-16T05:51:12.003-0800 [rsStart] replSet can't get local.system.replset config from self or any seed (EMPTYCONFIG)
2015-02-16T05:51:13.008-0800 [rsStart] replSet can't get local.system.replset config from self or any seed (EMPTYCONFIG)
2015-02-16T05:51:14.011-0800 [rsStart] replSet can't get local.system.replset config from self or any seed (EMPTYCONFIG)
2015-02-16T05:51:15.017-0800 [rsStart] replSet can't get local.system.replset config from self or any seed (EMPTYCONFIG)
2015-02-16T05:51:16.021-0800 [rsStart] replSet can't get local.system.replset config from self or any seed (EMPTYCONFIG)
2015-02-16T05:51:16.828-0800 [initandlisten] connection accepted from 127.0.0.1:56229 #1 (1 connection now open)
2015-02-16T05:51:16.829-0800 [conn1] end connection 127.0.0.1:56229 (0 connections now open)
2015-02-16T05:51:16.843-0800 [initandlisten] connection accepted from 127.0.0.1:56231 #2 (1 connection now open)
2015-02-16T05:51:17.026-0800 [rsStart] replSet can't get local.system.replset config from self or any seed (EMPTYCONFIG)
2015-02-16T05:51:18.030-0800 [rsStart] replSet can't get local.system.replset config from self or any seed (EMPTYCONFIG)
2015-02-16T05:51:19.034-0800 [rsStart] replSet can't get local.system.replset config from self or any seed (EMPTYCONFIG)
2015-02-16T05:51:20.042-0800 [rsStart] trying to contact localhost:27018
2015-02-16T05:51:20.053-0800 [rsStart] replSet I am localhost:27019
2015-02-16T05:51:20.057-0800 [rsStart] replSet got config version 1 from a remote, saving locally
2015-02-16T05:51:20.057-0800 [rsStart] replSet info saving a newer config version to local.system.replset: { _id: "m101", version: 1, members: [ { _id: 0, host: "localhost:27017", priority: 0.0, slaveDelay: 5 }, { _id: 1, host: "localhost:27018" }, { _id: 2, host: "localhost:27019" } ] }
2015-02-16T05:51:20.065-0800 [rsStart] build index on: local.system.replset properties: { v: 1, key: { _id: 1 }, name: "_id_", ns: "local.system.replset" }
2015-02-16T05:51:20.066-0800 [rsStart] 	 added index to empty collection
2015-02-16T05:51:20.066-0800 [rsStart] replSet saveConfigLocally done
2015-02-16T05:51:20.086-0800 [rsStart] build index on: local.me properties: { v: 1, key: { _id: 1 }, name: "_id_", ns: "local.me" }
2015-02-16T05:51:20.087-0800 [rsStart] 	 added index to empty collection
2015-02-16T05:51:20.087-0800 [rsStart] replSet STARTUP2
2015-02-16T05:51:20.088-0800 [rsSync] ******
2015-02-16T05:51:20.088-0800 [rsSync] creating replication oplog of size: 64MB...
2015-02-16T05:51:20.088-0800 [FileAllocator] allocating new datafile /data/rs3/local.1, filling with zeroes...
2015-02-16T05:51:20.459-0800 [initandlisten] connection accepted from 127.0.0.1:56237 #3 (2 connections now open)
2015-02-16T05:51:20.460-0800 [conn3] end connection 127.0.0.1:56237 (1 connection now open)
2015-02-16T05:51:21.174-0800 [FileAllocator] done allocating datafile /data/rs3/local.1, size: 128MB,  took 1.085 secs
2015-02-16T05:51:21.293-0800 [rsSync] ******
2015-02-16T05:51:21.293-0800 [rsSync] replSet initial sync pending
2015-02-16T05:51:21.294-0800 [rsSync] replSet initial sync need a member to be primary or secondary to do our initial sync
2015-02-16T05:51:22.061-0800 [rsHealthPoll] replSet member localhost:27018 is up
2015-02-16T05:51:22.062-0800 [rsHealthPoll] replSet member localhost:27018 is now in state SECONDARY
2015-02-16T05:51:22.063-0800 [rsHealthPoll] replset info localhost:27017 thinks that we are down
2015-02-16T05:51:22.063-0800 [rsHealthPoll] replSet member localhost:27017 is up
2015-02-16T05:51:22.064-0800 [rsHealthPoll] replSet member localhost:27017 is now in state STARTUP2
2015-02-16T05:51:22.465-0800 [initandlisten] connection accepted from 127.0.0.1:56239 #4 (2 connections now open)
2015-02-16T05:51:27.947-0800 [conn2] replSet info voting yea for localhost:27018 (1)
2015-02-16T05:51:28.071-0800 [rsHealthPoll] replSet member localhost:27018 is now in state PRIMARY
2015-02-16T05:51:37.300-0800 [rsSync] replSet initial sync pending
2015-02-16T05:51:37.301-0800 [rsSync] replSet syncing to: localhost:27018
2015-02-16T05:51:37.312-0800 [rsSync] build index on: local.replset.minvalid properties: { v: 1, key: { _id: 1 }, name: "_id_", ns: "local.replset.minvalid" }
2015-02-16T05:51:37.313-0800 [rsSync] 	 added index to empty collection
2015-02-16T05:51:37.314-0800 [rsSync] replSet initial sync drop all databases
2015-02-16T05:51:37.315-0800 [rsSync] dropAllDatabasesExceptLocal 1
2015-02-16T05:51:37.315-0800 [rsSync] replSet initial sync clone all databases
2015-02-16T05:51:37.317-0800 [rsSync] replSet initial sync cloning db: admin
2015-02-16T05:51:37.320-0800 [rsSync] replSet initial sync data copy, starting syncup
2015-02-16T05:51:37.320-0800 [rsSync] oplog sync 1 of 3
2015-02-16T05:51:37.321-0800 [rsSync] oplog sync 2 of 3
2015-02-16T05:51:37.321-0800 [rsSync] replSet initial sync building indexes
2015-02-16T05:51:37.322-0800 [rsSync] replSet initial sync cloning indexes for : admin
2015-02-16T05:51:37.323-0800 [rsSync] oplog sync 3 of 3
2015-02-16T05:51:37.323-0800 [rsSync] replSet initial sync finishing up
2015-02-16T05:51:37.331-0800 [rsSync] replSet set minValid=54e1f5d5:1
2015-02-16T05:51:37.335-0800 [rsSync] replSet RECOVERING
2015-02-16T05:51:37.336-0800 [rsSync] replSet initial sync done
2015-02-16T05:51:38.143-0800 [rsBackgroundSync] replSet syncing to: localhost:27018
2015-02-16T05:51:38.157-0800 [rsBackgroundSync] replset setting syncSourceFeedback to localhost:27018
2015-02-16T05:51:38.341-0800 [rsSync] replSet SECONDARY
2015-02-16T05:51:40.098-0800 [rsHealthPoll] replSet member localhost:27017 is now in state SECONDARY
2015-02-16T05:51:47.993-0800 [conn2] end connection 127.0.0.1:56231 (1 connection now open)
2015-02-16T05:51:47.994-0800 [initandlisten] connection accepted from 127.0.0.1:56251 #5 (2 connections now open)
2015-02-16T05:51:50.517-0800 [conn4] end connection 127.0.0.1:56239 (1 connection now open)
2015-02-16T05:51:50.518-0800 [initandlisten] connection accepted from 127.0.0.1:56253 #6 (3 connections now open)
2015-02-16T05:51:55.176-0800 [clientcursormon] mem (MB) res:9 virt:2816
2015-02-16T05:51:55.177-0800 [clientcursormon]  mapped (incl journal view):320
2015-02-16T05:51:55.178-0800 [clientcursormon]  connections:2
2015-02-16T05:51:55.178-0800 [clientcursormon]  replication threads:32
2015-02-16T05:52:18.059-0800 [conn5] end connection 127.0.0.1:56251 (1 connection now open)
2015-02-16T05:52:18.061-0800 [initandlisten] connection accepted from 127.0.0.1:56257 #7 (2 connections now open)
2015-02-16T05:52:20.582-0800 [conn6] end connection 127.0.0.1:56253 (1 connection now open)
2015-02-16T05:52:20.582-0800 [initandlisten] connection accepted from 127.0.0.1:56259 #8 (3 connections now open)
2015-02-16T05:52:48.114-0800 [conn7] end connection 127.0.0.1:56257 (1 connection now open)
2015-02-16T05:52:48.115-0800 [initandlisten] connection accepted from 127.0.0.1:56264 #9 (2 connections now open)
2015-02-16T05:52:50.646-0800 [conn8] end connection 127.0.0.1:56259 (1 connection now open)
2015-02-16T05:52:50.646-0800 [initandlisten] connection accepted from 127.0.0.1:56266 #10 (3 connections now open)
2015-02-16T05:53:18.168-0800 [conn9] end connection 127.0.0.1:56264 (1 connection now open)
2015-02-16T05:53:18.173-0800 [initandlisten] connection accepted from 127.0.0.1:56270 #11 (2 connections now open)
2015-02-16T05:53:20.701-0800 [conn10] end connection 127.0.0.1:56266 (1 connection now open)
2015-02-16T05:53:20.701-0800 [initandlisten] connection accepted from 127.0.0.1:56272 #12 (3 connections now open)
2015-02-16T05:53:48.248-0800 [conn11] end connection 127.0.0.1:56270 (1 connection now open)
2015-02-16T05:53:48.248-0800 [initandlisten] connection accepted from 127.0.0.1:56278 #13 (3 connections now open)
2015-02-16T05:53:50.768-0800 [conn12] end connection 127.0.0.1:56272 (1 connection now open)
2015-02-16T05:53:50.768-0800 [initandlisten] connection accepted from 127.0.0.1:56281 #14 (3 connections now open)
2015-02-16T05:54:18.161-0800 [FileAllocator] allocating new datafile /data/rs3/test.ns, filling with zeroes...
2015-02-16T05:54:18.216-0800 [FileAllocator] done allocating datafile /data/rs3/test.ns, size: 16MB,  took 0.054 secs
2015-02-16T05:54:18.301-0800 [conn13] end connection 127.0.0.1:56278 (1 connection now open)
2015-02-16T05:54:18.302-0800 [initandlisten] connection accepted from 127.0.0.1:56285 #15 (2 connections now open)
2015-02-16T05:54:18.324-0800 [FileAllocator] allocating new datafile /data/rs3/test.0, filling with zeroes...
2015-02-16T05:54:18.378-0800 [FileAllocator] done allocating datafile /data/rs3/test.0, size: 16MB,  took 0.054 secs
2015-02-16T05:54:18.480-0800 [repl writer worker 1] build index on: test.people properties: { v: 1, key: { _id: 1 }, name: "_id_", ns: "test.people" }
2015-02-16T05:54:18.481-0800 [repl writer worker 1] 	 added index to empty collection
2015-02-16T05:54:20.823-0800 [initandlisten] connection accepted from 127.0.0.1:56287 #16 (3 connections now open)
2015-02-16T05:54:20.824-0800 [conn14] end connection 127.0.0.1:56281 (2 connections now open)
2015-02-16T05:54:48.369-0800 [conn15] end connection 127.0.0.1:56285 (1 connection now open)
2015-02-16T05:54:48.369-0800 [initandlisten] connection accepted from 127.0.0.1:56291 #17 (3 connections now open)
2015-02-16T05:54:50.887-0800 [conn16] end connection 127.0.0.1:56287 (1 connection now open)
2015-02-16T05:54:50.889-0800 [initandlisten] connection accepted from 127.0.0.1:56294 #18 (2 connections now open)
2015-02-16T05:54:55.329-0800 [clientcursormon] mem (MB) res:9 virt:2880
2015-02-16T05:54:55.329-0800 [clientcursormon]  mapped (incl journal view):384
2015-02-16T05:54:55.329-0800 [clientcursormon]  connections:2
2015-02-16T05:54:55.329-0800 [clientcursormon]  replication threads:32
2015-02-16T05:55:18.426-0800 [conn17] end connection 127.0.0.1:56291 (1 connection now open)
2015-02-16T05:55:18.427-0800 [initandlisten] connection accepted from 127.0.0.1:56299 #19 (2 connections now open)
2015-02-16T05:55:20.952-0800 [conn18] end connection 127.0.0.1:56294 (1 connection now open)
2015-02-16T05:55:20.955-0800 [initandlisten] connection accepted from 127.0.0.1:56301 #20 (2 connections now open)
2015-02-16T05:55:48.487-0800 [conn19] end connection 127.0.0.1:56299 (1 connection now open)
2015-02-16T05:55:48.489-0800 [initandlisten] connection accepted from 127.0.0.1:56320 #21 (2 connections now open)
2015-02-16T05:55:51.029-0800 [conn20] end connection 127.0.0.1:56301 (1 connection now open)
2015-02-16T05:55:51.029-0800 [initandlisten] connection accepted from 127.0.0.1:56322 #22 (3 connections now open)
2015-02-16T05:56:18.555-0800 [conn21] end connection 127.0.0.1:56320 (1 connection now open)
2015-02-16T05:56:18.555-0800 [initandlisten] connection accepted from 127.0.0.1:56334 #23 (3 connections now open)
2015-02-16T05:56:21.091-0800 [conn22] end connection 127.0.0.1:56322 (1 connection now open)
2015-02-16T05:56:21.092-0800 [initandlisten] connection accepted from 127.0.0.1:56336 #24 (2 connections now open)
2015-02-16T05:56:48.617-0800 [conn23] end connection 127.0.0.1:56334 (1 connection now open)
2015-02-16T05:56:48.618-0800 [initandlisten] connection accepted from 127.0.0.1:56340 #25 (2 connections now open)
2015-02-16T05:56:51.157-0800 [conn24] end connection 127.0.0.1:56336 (1 connection now open)
2015-02-16T05:56:51.158-0800 [initandlisten] connection accepted from 127.0.0.1:56342 #26 (3 connections now open)
2015-02-16T05:57:18.680-0800 [conn25] end connection 127.0.0.1:56340 (1 connection now open)
2015-02-16T05:57:18.681-0800 [initandlisten] connection accepted from 127.0.0.1:56348 #27 (2 connections now open)
2015-02-16T05:57:21.215-0800 [conn26] end connection 127.0.0.1:56342 (1 connection now open)
2015-02-16T05:57:21.216-0800 [initandlisten] connection accepted from 127.0.0.1:56350 #28 (3 connections now open)
